<?xml version="1.0" encoding="UTF-8" ?>
<testsuite failures="0" time="2.478" errors="0" skipped="0" tests="4" name="org.mobicents.media.server.impl.resource.dtmf.DtmfBufferingTest">
  <properties>
[...]
</properties>
  <testcase time="0.543" classname="org.mobicents.media.server.impl.resource.dtmf.DtmfBufferingTest" name="testFlush"/>
  <testcase time="0.643" classname="org.mobicents.media.server.impl.resource.dtmf.DtmfBufferingTest" name="testBuffering"/>
  <testcase time="0.643" classname="org.mobicents.media.server.impl.resource.dtmf.DtmfBufferingTest" name="testDelivery"/>
  <testcase time="0.643" classname="org.mobicents.media.server.impl.resource.dtmf.DtmfBufferingTest" name="testClear"/>
</testsuite>