<?xml version="1.0" encoding="UTF-8" ?>
<testsuite errors="1" failures="1" hostname="kulikov.mobicents.org" name="com.hp.opencall.jmsc.test.mandatory.functional.mixer.MixerAdapterTest" tests="2" time="9.564" timestamp="2011-09-27T07:07:44">
  <properties>
[...]
</properties>
  <testcase classname="com.hp.opencall.jmsc.test.mandatory.functional.mixer.MixerAdapterTest" name="test_2_1_8_1_DTMFClamp" time="7.751">
    <failure message="Unexpected event from Detector(mscontrol://127.0.0.1:2427/MediaSession1/MG-SipPhoneEmulator-detector): RECEIVE_SIGNALS_COMPLETED(NUM_SIGNALS_DETECTED, signal=1)" type="junit.framework.AssertionFailedError">junit.framework.AssertionFailedError: Unexpected event from Detector(mscontrol://127.0.0.1:2427/MediaSession1/MG-SipPhoneEmulator-detector): RECEIVE_SIGNALS_COMPLETED(NUM_SIGNALS_DETECTED, signal=1)
	at com.hp.opencall.jmsc.test.TestBase$EventWaiter.failIfEvent(TestBase.java:284)
	at com.hp.opencall.jmsc.test.mandatory.functional.mixer.MixerAdapterTest.test_2_1_8_1_DTMFClamp(MixerAdapterTest.java:85)
	at com.hp.opencall.jmsc.test.TestBase.runBare(TestBase.java:437)
</failure>
  </testcase>
  <testcase classname="com.hp.opencall.jmsc.test.mandatory.functional.mixer.MixerAdapterTest" name="test_2_1_8_2_VolumeControl" time="1.799">
    <error message="mscontrol://127.0.0.1:2427/MediaSession3/MediaGroup5 Container is not joined to any other container" type="javax.media.mscontrol.MsControlException">javax.media.mscontrol.MsControlException: mscontrol://127.0.0.1:2427/MediaSession3/MediaGroup5 Container is not joined to any other container
	at org.mobicents.javax.media.mscontrol.mediagroup.RecorderImpl.record(RecorderImpl.java:127)
	at com.hp.opencall.jmsc.test.mandatory.functional.mixer.MixerAdapterTest.test_2_1_8_2_VolumeControl(MixerAdapterTest.java:117)
	at com.hp.opencall.jmsc.test.TestBase.runBare(TestBase.java:437)
</error>
  </testcase>
  <system-out><![CDATA[11:07:44,334 INFO  [Runner] Start    mandatory.functional.mixer.MixerAdapterTest.test_2_1_8_1_DTMFClamp javadoc::MediaMixer::1 javadoc::MixerAdapter::1 javadoc::MixerAdapter::2
11:07:44,352 INFO  [DriverImpl] Initializing MGCP on /127.0.0.1:2729
11:07:44,365 ERROR [JainMgcpStackImpl] Failed to locate properties file, using default values
11:07:44,372 INFO  [JainMgcpStackImpl] Jain Mgcp stack bound to IP /127.0.0.1 and UDP port 2729
Jain Mgcp stack bound to IP /127.0.0.1 and UDP port 2729
84   [] DEBUG TestBase - log4j configured
85   [] DEBUG TestBase - Loading file:/home/kulikov/jsr-309-tck/TCK.properties
87   [] DEBUG TestBase - Loading file:/home/kulikov/jsr-309-tck/mixeradaptertest.properties
244  [] INFO  MediaSessionBase - getOffer: local SDP: v=0
o=- 1317107264494 1 IN IP4 127.0.0.1
s=Mobicents Media Server
c=IN IP4 127.0.0.1
t=0 0
m=audio 65342 RTP/AVP 8 0 101
a=rtpmap:8 pcma/8000
a=rtpmap:0 pcmu/8000
a=rtpmap:101 telephone-event/8000
a=fmtp:101 0-15

245  [] INFO  MediaSessionBase - getOffer: stripped local SDP: v=0
o=- 1317107264494 1 IN IP4 127.0.0.1
s=Mobicents Media Server
c=IN IP4 127.0.0.1
t=0 0
m=audio 65342 RTP/AVP 8 0 101
a=rtpmap:8 pcma/8000
a=rtpmap:0 pcmu/8000
a=fmtp:101 0-15

285  [] INFO  MediaSessionBase - getAnswer: local SDP: v=0
o=- 1317107264597 1 IN IP4 127.0.0.1
s=Mobicents Media Server
c=IN IP4 127.0.0.1
t=0 0
m=audio 65340 RTP/AVP 8 0 101
a=rtpmap:8 pcma/8000
a=rtpmap:0 pcmu/8000
a=rtpmap:101 telephone-event/8000
a=fmtp:101 0-15

445  [] INFO  MediaSessionBase - getOffer: local SDP: v=0
o=- 1317107264760 1 IN IP4 127.0.0.1
s=Mobicents Media Server
c=IN IP4 127.0.0.1
t=0 0
m=audio 65338 RTP/AVP 8 0 101
a=rtpmap:8 pcma/8000
a=rtpmap:0 pcmu/8000
a=rtpmap:101 telephone-event/8000
a=fmtp:101 0-15

446  [] INFO  MediaSessionBase - getOffer: stripped local SDP: v=0
o=- 1317107264760 1 IN IP4 127.0.0.1
s=Mobicents Media Server
c=IN IP4 127.0.0.1
t=0 0
m=audio 65338 RTP/AVP 8 0 101
a=rtpmap:8 pcma/8000
a=rtpmap:0 pcmu/8000
a=fmtp:101 0-15

484  [] INFO  MediaSessionBase - getAnswer: local SDP: v=0
o=- 1317107264796 1 IN IP4 127.0.0.1
s=Mobicents Media Server
c=IN IP4 127.0.0.1
t=0 0
m=audio 65336 RTP/AVP 8 0 101
a=rtpmap:8 pcma/8000
a=rtpmap:0 pcmu/8000
a=rtpmap:101 telephone-event/8000
a=fmtp:101 0-15

Config= EMPTY
685  [] INFO  DriverImpl - MediaSession1 MG-SipPhoneEmulator-detector Receive signal called
1196 [] DEBUG TestBase - getProperty(testcase.dtmf1) = file:///home/kulikov/jsr-309-tck/media/dtmf-1.wav
1197 [] INFO  MediaSessionBase - Playing "file:///home/kulikov/jsr-309-tck/media/dtmf-1.wav"
2718 [] DEBUG MixerAdapterTest - Waiting for event from Detector(mscontrol://127.0.0.1:2427/MediaSession1/MG-SipPhoneEmulator-detector) (2s remaining)
3114 [] DEBUG MixerAdapterTest - Detector(mscontrol://127.0.0.1:2427/MediaSession1/MG-SipPhoneEmulator-detector) received: RECEIVE_SIGNALS_COMPLETED(NUM_SIGNALS_DETECTED, signal=1)
3115 [] INFO  MixerAdapterTest - Received DTMF: 1
3116 [] INFO  DriverImpl - MediaSession1 MediaMixer2 Initiation of unjoin procedure, other party = player
Config= DTMF_CLAMP
---------------- DTMF CLAMP -----
3196 [] INFO  DriverImpl - MediaSession1 MG-SipPhoneEmulator-detector Receive signal called
3697 [] DEBUG TestBase - getProperty(testcase.dtmf1) = file:///home/kulikov/jsr-309-tck/media/dtmf-1.wav
3697 [] INFO  MediaSessionBase - Playing "file:///home/kulikov/jsr-309-tck/media/dtmf-1.wav"
5202 [] DEBUG MixerAdapterTest - Waiting for event from Detector(mscontrol://127.0.0.1:2427/MediaSession1/MG-SipPhoneEmulator-detector) (4s remaining)
5604 [] DEBUG MixerAdapterTest - Detector(mscontrol://127.0.0.1:2427/MediaSession1/MG-SipPhoneEmulator-detector) received: RECEIVE_SIGNALS_COMPLETED(NUM_SIGNALS_DETECTED, signal=1)
5908 [] INFO  DriverImpl - MediaSession1 MG-SipPhoneEmulator-detector Releasing...
6209 [] INFO  DriverImpl - MediaSession1 MG-SipPhoneEmulator-player Releasing...
6510 [] INFO  DriverImpl - MediaSession1 ShadowNC-SipPhoneEmulator-detector Releasing....
6813 [] INFO  DriverImpl - MediaSession1 detector Releasing....
7114 [] INFO  DriverImpl - MediaSession1 ShadowNC-SipPhoneEmulator-player Releasing....
7415 [] INFO  DriverImpl - MediaSession1 player Releasing....
7728 [] INFO  Runner - Start    mandatory.functional.mixer.MixerAdapterTest.test_2_1_8_2_VolumeControl javadoc::MixerAdapter::3
7729 [] DEBUG TestBase - Loading file:/home/kulikov/jsr-309-tck/mixeradaptertest.properties
Config= DTMFCLAMP_VOLUME
7781 [] INFO  MediaSessionBase - getOffer: local SDP: v=0
o=- 1317107272079 1 IN IP4 127.0.0.1
s=Mobicents Media Server
c=IN IP4 127.0.0.1
t=0 0
m=audio 65334 RTP/AVP 8 0 101
a=rtpmap:8 pcma/8000
a=rtpmap:0 pcmu/8000
a=rtpmap:101 telephone-event/8000
a=fmtp:101 0-15

7782 [] INFO  MediaSessionBase - getOffer: stripped local SDP: v=0
o=- 1317107272079 1 IN IP4 127.0.0.1
s=Mobicents Media Server
c=IN IP4 127.0.0.1
t=0 0
m=audio 65334 RTP/AVP 8 0 101
a=rtpmap:8 pcma/8000
a=rtpmap:0 pcmu/8000
a=fmtp:101 0-15

7822 [] INFO  MediaSessionBase - getAnswer: local SDP: v=0
o=- 1317107272132 1 IN IP4 127.0.0.1
s=Mobicents Media Server
c=IN IP4 127.0.0.1
t=0 0
m=audio 65332 RTP/AVP 8 0 101
a=rtpmap:8 pcma/8000
a=rtpmap:0 pcmu/8000
a=rtpmap:101 telephone-event/8000
a=fmtp:101 0-15

8019 [] DEBUG TestBase - getProperty(testcase.mixeradapter.increasingvolume) = file:///home/kulikov/jsr-309-tck/media/increasingvolume-recorded.wav
8322 [] INFO  DriverImpl - MediaSession3 MG-SipPhoneEmulator-Player Releasing...
8623 [] INFO  DriverImpl - MediaSession3 MediaGroup5 Releasing...
8923 [] INFO  DriverImpl - MediaSession3 ShadowNC-SipPhoneEmulator-Player Releasing....
9224 [] INFO  DriverImpl - MediaSession3 Player Releasing....
]]></system-out>
  <system-err><![CDATA[]]></system-err>
</testsuite>
