<?xml version="1.0" encoding="UTF-8" ?>
<testsuite errors="0" failures="1" hostname="kulikov.mobicents.org" name="com.hp.opencall.jmsc.test.mandatory.functional.mixer.MixerMediaGroupTest" tests="2" time="11.821" timestamp="2011-09-27T07:08:57">
  <properties>
[...]
</properties>
  <testcase classname="com.hp.opencall.jmsc.test.mandatory.functional.mixer.MixerMediaGroupTest" name="test_2_1_13_1_MGJoinMixer" time="4.365" />
  <testcase classname="com.hp.opencall.jmsc.test.mandatory.functional.mixer.MixerMediaGroupTest" name="test_2_1_13_2_MGJoinMixerTwoParticipants" time="7.442">
    <failure message="&quot;CChecker-2&quot; did not receive the DTMF:  expected:&lt;true&gt; but was:&lt;false&gt;" type="junit.framework.AssertionFailedError">junit.framework.AssertionFailedError: &quot;CChecker-2&quot; did not receive the DTMF:  expected:&lt;true&gt; but was:&lt;false&gt;
	at com.hp.opencall.jmsc.test.ContinuityChecker.isContinuous(ContinuityChecker.java:199)
	at com.hp.opencall.jmsc.test.mandatory.functional.mixer.MixerMediaGroupTest.test_2_1_13_2_MGJoinMixerTwoParticipants(MixerMediaGroupTest.java:94)
	at com.hp.opencall.jmsc.test.TestBase.runBare(TestBase.java:437)
</failure>
  </testcase>
  <system-out><![CDATA[11:08:57,056 INFO  [Runner] Start    mandatory.functional.mixer.MixerMediaGroupTest.test_2_1_13_1_MGJoinMixer javadoc::MediaGroup::3 javadoc::MediaGroup::9
11:08:57,070 INFO  [DriverImpl] Initializing MGCP on /127.0.0.1:2729
11:08:57,075 ERROR [JainMgcpStackImpl] Failed to locate properties file, using default values
11:08:57,082 INFO  [JainMgcpStackImpl] Jain Mgcp stack bound to IP /127.0.0.1 and UDP port 2729
Jain Mgcp stack bound to IP /127.0.0.1 and UDP port 2729
70   [] DEBUG TestBase - log4j configured
71   [] DEBUG TestBase - Loading file:/home/kulikov/jsr-309-tck/TCK.properties
257  [] INFO  MediaSessionBase - getOffer: local SDP: v=0
o=- 1317107337225 1 IN IP4 127.0.0.1
s=Mobicents Media Server
c=IN IP4 127.0.0.1
t=0 0
m=audio 65246 RTP/AVP 8 0 101
a=rtpmap:8 pcma/8000
a=rtpmap:0 pcmu/8000
a=rtpmap:101 telephone-event/8000
a=fmtp:101 0-15

258  [] INFO  MediaSessionBase - getOffer: stripped local SDP: v=0
o=- 1317107337225 1 IN IP4 127.0.0.1
s=Mobicents Media Server
c=IN IP4 127.0.0.1
t=0 0
m=audio 65246 RTP/AVP 8 0 101
a=rtpmap:8 pcma/8000
a=rtpmap:0 pcmu/8000
a=fmtp:101 0-15

298  [] INFO  MediaSessionBase - getAnswer: local SDP: v=0
o=- 1317107337330 1 IN IP4 127.0.0.1
s=Mobicents Media Server
c=IN IP4 127.0.0.1
t=0 0
m=audio 65244 RTP/AVP 8 0 101
a=rtpmap:8 pcma/8000
a=rtpmap:0 pcmu/8000
a=rtpmap:101 telephone-event/8000
a=fmtp:101 0-15

518  [] INFO  DriverImpl - MediaSession1 MediaGroup3 Receive signal called
1030 [] DEBUG TestBase - getProperty(testcase.dtmf1) = file:///home/kulikov/jsr-309-tck/media/dtmf-1.wav
2041 [] DEBUG MixerMediaGroupTest - Waiting for event from Detector(mscontrol://127.0.0.1:2427/MediaSession1/MediaGroup3) (19s remaining)
2826 [] DEBUG MixerMediaGroupTest - Detector(mscontrol://127.0.0.1:2427/MediaSession1/MediaGroup3) received: RECEIVE_SIGNALS_COMPLETED(NUM_SIGNALS_DETECTED, signal=1)
2827 [] INFO  MixerMediaGroupTest - test_2_1_13_1_MGJoinMixer completed
3132 [] INFO  DriverImpl - MediaSession1 MediaGroup3 Releasing...
3433 [] INFO  DriverImpl - MediaSession1 MG-SipPhoneEmulator-Paul Releasing...
3734 [] INFO  DriverImpl - MediaSession1 ShadowNC-SipPhoneEmulator-Paul Releasing....
4036 [] INFO  DriverImpl - MediaSession1 Paul Releasing....
4338 [] INFO  Runner - End      mandatory.functional.mixer.MixerMediaGroupTest.test_2_1_13_1_MGJoinMixer
4340 [] INFO  Runner - Start    mandatory.functional.mixer.MixerMediaGroupTest.test_2_1_13_2_MGJoinMixerTwoParticipants
4396 [] INFO  MediaSessionBase - getOffer: local SDP: v=0
o=- 1317107341415 1 IN IP4 127.0.0.1
s=Mobicents Media Server
c=IN IP4 127.0.0.1
t=0 0
m=audio 65242 RTP/AVP 8 0 101
a=rtpmap:8 pcma/8000
a=rtpmap:0 pcmu/8000
a=rtpmap:101 telephone-event/8000
a=fmtp:101 0-15

4396 [] INFO  MediaSessionBase - getOffer: stripped local SDP: v=0
o=- 1317107341415 1 IN IP4 127.0.0.1
s=Mobicents Media Server
c=IN IP4 127.0.0.1
t=0 0
m=audio 65242 RTP/AVP 8 0 101
a=rtpmap:8 pcma/8000
a=rtpmap:0 pcmu/8000
a=fmtp:101 0-15

4441 [] INFO  MediaSessionBase - getAnswer: local SDP: v=0
o=- 1317107341469 1 IN IP4 127.0.0.1
s=Mobicents Media Server
c=IN IP4 127.0.0.1
t=0 0
m=audio 65240 RTP/AVP 8 0 101
a=rtpmap:8 pcma/8000
a=rtpmap:0 pcmu/8000
a=rtpmap:101 telephone-event/8000
a=fmtp:101 0-15

4558 [] INFO  MediaSessionBase - getOffer: local SDP: v=0
o=- 1317107341583 1 IN IP4 127.0.0.1
s=Mobicents Media Server
c=IN IP4 127.0.0.1
t=0 0
m=audio 65238 RTP/AVP 8 0 101
a=rtpmap:8 pcma/8000
a=rtpmap:0 pcmu/8000
a=rtpmap:101 telephone-event/8000
a=fmtp:101 0-15

4559 [] INFO  MediaSessionBase - getOffer: stripped local SDP: v=0
o=- 1317107341583 1 IN IP4 127.0.0.1
s=Mobicents Media Server
c=IN IP4 127.0.0.1
t=0 0
m=audio 65238 RTP/AVP 8 0 101
a=rtpmap:8 pcma/8000
a=rtpmap:0 pcmu/8000
a=fmtp:101 0-15

4597 [] INFO  MediaSessionBase - getAnswer: local SDP: v=0
o=- 1317107341632 1 IN IP4 127.0.0.1
s=Mobicents Media Server
c=IN IP4 127.0.0.1
t=0 0
m=audio 65236 RTP/AVP 8 0 101
a=rtpmap:8 pcma/8000
a=rtpmap:0 pcmu/8000
a=rtpmap:101 telephone-event/8000
a=fmtp:101 0-15

4855 [] INFO  DriverImpl - MediaSession4 MG-SipPhoneEmulator-CChecker-1 Receive signal called
5356 [] INFO  DriverImpl - MediaSession4 MG-SipPhoneEmulator-CChecker-2 Receive signal called
5857 [] DEBUG TestBase - getProperty(testcase.dtmf1) = file:///home/kulikov/jsr-309-tck/media/dtmf-1.wav
6362 [] DEBUG ContinuityChecker - org.mobicents.javax.media.mscontrol.mediagroup.PlayerImpl@16dc861 received: org.mobicents.javax.media.mscontrol.mediagroup.PlayerEventImpl@7e8c4d
7624 [] DEBUG ContinuityChecker - CChecker-1 received: RECEIVE_SIGNALS_COMPLETED(NUM_SIGNALS_DETECTED, signal=1)
9363 [] ERROR ContinuityChecker - CChecker-2 did not receive the DTMF
9666 [] INFO  DriverImpl - MediaSession4 MediaGroup5 Releasing...
9967 [] INFO  DriverImpl - MediaSession4 MG-SipPhoneEmulator-CChecker-1 Releasing...
10268 [] INFO  DriverImpl - MediaSession4 MG-SipPhoneEmulator-CChecker-2 Releasing...
10569 [] INFO  DriverImpl - MediaSession4 ShadowNC-SipPhoneEmulator-CChecker-1 Releasing....
10870 [] INFO  DriverImpl - MediaSession4 CChecker-1 Releasing....
11172 [] INFO  DriverImpl - MediaSession4 ShadowNC-SipPhoneEmulator-CChecker-2 Releasing....
11473 [] INFO  DriverImpl - MediaSession4 CChecker-2 Releasing....
]]></system-out>
  <system-err><![CDATA[]]></system-err>
</testsuite>
