<?xml version="1.0" encoding="UTF-8" ?>
<testsuites>
  <testsuite errors="0" failures="0" hostname="kulikov.mobicents.org" id="0" name="MediaConfigTest" package="com.hp.opencall.jmsc.test.mandatory.functional" tests="1" time="0.466" timestamp="2011-09-27T07:01:07">
      <properties>
[...]
</properties>

      <testcase classname="com.hp.opencall.jmsc.test.mandatory.functional.MediaConfigTest" name="test_2_1_19_1_CustomizedClone" time="0.451" />

      <system-out><![CDATA[11:01:07,205 INFO  [Runner] Start    mandatory.functional.MediaConfigTest.test_2_1_19_1_CustomizedClone javadoc::MediaConfig::1
11:01:07,221 INFO  [DriverImpl] Initializing MGCP on /127.0.0.1:2729
11:01:07,227 ERROR [JainMgcpStackImpl] Failed to locate properties file, using default values
11:01:07,233 INFO  [JainMgcpStackImpl] Jain Mgcp stack bound to IP /127.0.0.1 and UDP port 2729
Jain Mgcp stack bound to IP /127.0.0.1 and UDP port 2729
72   [] DEBUG TestBase - log4j configured
73   [] DEBUG TestBase - Loading file:/home/kulikov/jsr-309-tck/TCK.properties
126  [] INFO  MediaConfigTest - Customized value: REPEAT_COUNT=7
126  [] INFO  DriverImpl - MediaSession1 MediaGroup2 Releasing...
427  [] INFO  Runner - End      mandatory.functional.MediaConfigTest.test_2_1_19_1_CustomizedClone
]]></system-out>

      <system-err><![CDATA[]]></system-err>

  </testsuite>
  <testsuite errors="0" failures="0" hostname="kulikov.mobicents.org" id="1" name="MediaObjectIdTest" package="com.hp.opencall.jmsc.test.mandatory.functional" tests="1" time="2.03" timestamp="2011-09-27T07:01:08">
      <properties>
[...]
</properties>

      <testcase classname="com.hp.opencall.jmsc.test.mandatory.functional.MediaObjectIdTest" name="test_2_1_20_PerSessionId" time="2.017" />

      <system-out><![CDATA[11:01:08,490 INFO  [Runner] Start    mandatory.functional.MediaObjectIdTest.test_2_1_20_PerSessionId javadoc::MediaObject::4
11:01:08,505 INFO  [DriverImpl] Initializing MGCP on /127.0.0.1:2729
11:01:08,510 ERROR [JainMgcpStackImpl] Failed to locate properties file, using default values
11:01:08,518 INFO  [JainMgcpStackImpl] Jain Mgcp stack bound to IP /127.0.0.1 and UDP port 2729
Jain Mgcp stack bound to IP /127.0.0.1 and UDP port 2729
87   [] DEBUG TestBase - log4j configured
88   [] DEBUG TestBase - Loading file:/home/kulikov/jsr-309-tck/TCK.properties
489  [] INFO  DriverImpl - MediaSession2 MediaGroup-1 Releasing...
790  [] INFO  DriverImpl - MediaSession2 NetworkConnection-1 Releasing....
1392 [] INFO  DriverImpl - MediaSession3 MediaGroup-1 Releasing...
1692 [] INFO  DriverImpl - MediaSession3 NetworkConnection-1 Releasing....
1993 [] INFO  Runner - End      mandatory.functional.MediaObjectIdTest.test_2_1_20_PerSessionId
]]></system-out>

      <system-err><![CDATA[]]></system-err>

  </testsuite>
  <testsuite errors="0" failures="0" hostname="kulikov.mobicents.org" id="2" name="MediaSessionTest" package="com.hp.opencall.jmsc.test.mandatory.functional" tests="13" time="2.67" timestamp="2011-09-27T07:01:11">
      <properties>
[...]
</properties>

      <testcase classname="com.hp.opencall.jmsc.test.mandatory.functional.MediaSessionTest" name="test_2_1_11_1_NetworkConnectionContainer" time="0.47" />

      <testcase classname="com.hp.opencall.jmsc.test.mandatory.functional.MediaSessionTest" name="test_2_1_11_2_NetworkConnectionContainer" time="0.304" />

      <testcase classname="com.hp.opencall.jmsc.test.mandatory.functional.MediaSessionTest" name="test_2_1_11_3_NetworkConnectionContainer" time="0.0020" />

      <testcase classname="com.hp.opencall.jmsc.test.mandatory.functional.MediaSessionTest" name="test_2_1_11_4_MediaGroupContainer" time="0.342" />

      <testcase classname="com.hp.opencall.jmsc.test.mandatory.functional.MediaSessionTest" name="test_2_1_11_5_MediaGroupContainer" time="0.302" />

      <testcase classname="com.hp.opencall.jmsc.test.mandatory.functional.MediaSessionTest" name="test_2_1_11_6_MediaGroupContainer" time="0.304" />

      <testcase classname="com.hp.opencall.jmsc.test.mandatory.functional.MediaSessionTest" name="test_2_1_11_7_MediaMixerContainer" time="0.312" />

      <testcase classname="com.hp.opencall.jmsc.test.mandatory.functional.MediaSessionTest" name="test_2_1_11_8_MediaMixerContainer" time="0.303" />

      <testcase classname="com.hp.opencall.jmsc.test.mandatory.functional.MediaSessionTest" name="test_2_1_11_9_MediaMixerContainer" time="0.303" />

      <testcase classname="com.hp.opencall.jmsc.test.mandatory.functional.MediaSessionTest" name="test_2_1_11_10_CreateVxmlDialog" time="0.0020" />

      <testcase classname="com.hp.opencall.jmsc.test.mandatory.functional.MediaSessionTest" name="test_2_1_11_11_SetGetAttribute" time="0.0010" />

      <testcase classname="com.hp.opencall.jmsc.test.mandatory.functional.MediaSessionTest" name="test_2_1_11_12_RemoveAttribute" time="0.0020" />

      <testcase classname="com.hp.opencall.jmsc.test.mandatory.functional.MediaSessionTest" name="test_2_1_11_13_GetAttributeNames" time="0.0010" />

      <system-out><![CDATA[11:01:11,443 INFO  [Runner] Start    mandatory.functional.MediaSessionTest.test_2_1_11_1_NetworkConnectionContainer javadoc::MediaSession::1
11:01:11,459 INFO  [DriverImpl] Initializing MGCP on /127.0.0.1:2729
11:01:11,464 ERROR [JainMgcpStackImpl] Failed to locate properties file, using default values
11:01:11,470 INFO  [JainMgcpStackImpl] Jain Mgcp stack bound to IP /127.0.0.1 and UDP port 2729
Jain Mgcp stack bound to IP /127.0.0.1 and UDP port 2729
76   [] DEBUG TestBase - log4j configured
79   [] DEBUG TestBase - Loading file:/home/kulikov/jsr-309-tck/TCK.properties
137  [] INFO  DriverImpl - MediaSession1 NetworkConnection2 Releasing....
443  [] INFO  Runner - End      mandatory.functional.MediaSessionTest.test_2_1_11_1_NetworkConnectionContainer
446  [] INFO  Runner - Start    mandatory.functional.MediaSessionTest.test_2_1_11_2_NetworkConnectionContainer javadoc::MediaSession::2
448  [] INFO  DriverImpl - MediaSession3 testID Releasing....
749  [] INFO  Runner - End      mandatory.functional.MediaSessionTest.test_2_1_11_2_NetworkConnectionContainer
750  [] INFO  Runner - Start    mandatory.functional.MediaSessionTest.test_2_1_11_3_NetworkConnectionContainer javadoc::MediaSession::3
752  [] INFO  Runner - End      mandatory.functional.MediaSessionTest.test_2_1_11_3_NetworkConnectionContainer
753  [] INFO  Runner - Start    mandatory.functional.MediaSessionTest.test_2_1_11_4_MediaGroupContainer javadoc::MediaSession::4
787  [] INFO  DriverImpl - MediaSession5 MediaGroup6 Releasing...
1088 [] INFO  Runner - End      mandatory.functional.MediaSessionTest.test_2_1_11_4_MediaGroupContainer
1096 [] INFO  Runner - Start    mandatory.functional.MediaSessionTest.test_2_1_11_5_MediaGroupContainer javadoc::MediaSession::5
1098 [] INFO  DriverImpl - MediaSession7 testID Releasing...
1398 [] INFO  Runner - End      mandatory.functional.MediaSessionTest.test_2_1_11_5_MediaGroupContainer
1399 [] INFO  Runner - Start    mandatory.functional.MediaSessionTest.test_2_1_11_6_MediaGroupContainer javadoc::MediaSession::6
1402 [] INFO  DriverImpl - MediaSession8 testID Releasing...
1702 [] INFO  Runner - End      mandatory.functional.MediaSessionTest.test_2_1_11_6_MediaGroupContainer
1704 [] INFO  Runner - Start    mandatory.functional.MediaSessionTest.test_2_1_11_7_MediaMixerContainer javadoc::MediaSession::7
2014 [] INFO  Runner - End      mandatory.functional.MediaSessionTest.test_2_1_11_7_MediaMixerContainer
2016 [] INFO  Runner - Start    mandatory.functional.MediaSessionTest.test_2_1_11_8_MediaMixerContainer javadoc::MediaSession::8
2317 [] INFO  Runner - End      mandatory.functional.MediaSessionTest.test_2_1_11_8_MediaMixerContainer
2319 [] INFO  Runner - Start    mandatory.functional.MediaSessionTest.test_2_1_11_9_MediaMixerContainer javadoc::MediaSession::9
2621 [] INFO  Runner - End      mandatory.functional.MediaSessionTest.test_2_1_11_9_MediaMixerContainer
2622 [] INFO  Runner - Start    mandatory.functional.MediaSessionTest.test_2_1_11_10_CreateVxmlDialog javadoc::MediaSession::10
2624 [] INFO  MediaSessionTest - Cannot create VxmlDialog - assuming that VxmlDialog is not supported by this implementation - terminating
2624 [] INFO  Runner - End      mandatory.functional.MediaSessionTest.test_2_1_11_10_CreateVxmlDialog
2625 [] INFO  Runner - Start    mandatory.functional.MediaSessionTest.test_2_1_11_11_SetGetAttribute javadoc::MediaSession::11
2626 [] INFO  Runner - End      mandatory.functional.MediaSessionTest.test_2_1_11_11_SetGetAttribute
2628 [] INFO  Runner - Start    mandatory.functional.MediaSessionTest.test_2_1_11_12_RemoveAttribute javadoc::MediaSession::12
2629 [] INFO  Runner - End      mandatory.functional.MediaSessionTest.test_2_1_11_12_RemoveAttribute
2630 [] INFO  Runner - Start    mandatory.functional.MediaSessionTest.test_2_1_11_13_GetAttributeNames javadoc::MediaSession::13
2631 [] INFO  Runner - End      mandatory.functional.MediaSessionTest.test_2_1_11_13_GetAttributeNames
]]></system-out>

      <system-err><![CDATA[]]></system-err>

  </testsuite>
  <testsuite errors="0" failures="0" hostname="kulikov.mobicents.org" id="3" name="SupportedFeaturesTest" package="com.hp.opencall.jmsc.test.mandatory.functional" tests="6" time="0.161" timestamp="2011-09-27T07:01:14">
      <properties>
[...]
</properties>

      <testcase classname="com.hp.opencall.jmsc.test.mandatory.functional.SupportedFeaturesTest" name="test_2_1_7_1_PLAYERParams" time="0.134" />

      <testcase classname="com.hp.opencall.jmsc.test.mandatory.functional.SupportedFeaturesTest" name="test_2_1_7_2_PLAYEREvents" time="0.0020" />

      <testcase classname="com.hp.opencall.jmsc.test.mandatory.functional.SupportedFeaturesTest" name="test_2_1_7_3_PLAYERIrrelevant" time="0.0020" />

      <testcase classname="com.hp.opencall.jmsc.test.mandatory.functional.SupportedFeaturesTest" name="test_2_1_7_4_SIGNALDETECTOR" time="0.0040" />

      <testcase classname="com.hp.opencall.jmsc.test.mandatory.functional.SupportedFeaturesTest" name="test_2_1_7_5_PLAYER_SIGNALDETECTOR" time="0.0020" />

      <testcase classname="com.hp.opencall.jmsc.test.mandatory.functional.SupportedFeaturesTest" name="test_2_1_7_2_PLAYER_RECORDER_SIGNALDETECTOR" time="0.0010" />

      <system-out><![CDATA[11:01:14,926 INFO  [Runner] Start    mandatory.functional.SupportedFeaturesTest.test_2_1_7_1_PLAYERParams javadoc::MediaConfig::2 javadoc::SupportedFeatures::1
11:01:14,944 INFO  [DriverImpl] Initializing MGCP on /127.0.0.1:2729
11:01:14,951 ERROR [JainMgcpStackImpl] Failed to locate properties file, using default values
11:01:14,958 INFO  [JainMgcpStackImpl] Jain Mgcp stack bound to IP /127.0.0.1 and UDP port 2729
Jain Mgcp stack bound to IP /127.0.0.1 and UDP port 2729
79   [] DEBUG TestBase - log4j configured
80   [] DEBUG TestBase - Loading file:/home/kulikov/jsr-309-tck/TCK.properties
112  [] INFO  SupportedFeaturesTest - In PLAYER, PLAYER_MAX_DURATION is supported
112  [] INFO  SupportedFeaturesTest - In PLAYER, INTERVAL is supported
112  [] INFO  SupportedFeaturesTest - In PLAYER, REPEAT_COUNT is supported
113  [] INFO  SupportedFeaturesTest - In PLAYER, PLAYER_START_OFFSET is supported
113  [] INFO  Runner - End      mandatory.functional.SupportedFeaturesTest.test_2_1_7_1_PLAYERParams
114  [] INFO  Runner - Start    mandatory.functional.SupportedFeaturesTest.test_2_1_7_2_PLAYEREvents javadoc::SupportedFeatures::2
115  [] INFO  SupportedFeaturesTest - In PLAYER, PLAY_COMPLETED is supported
115  [] INFO  SupportedFeaturesTest - In PLAYER, END_OF_PLAY_LIST is supported
116  [] INFO  Runner - End      mandatory.functional.SupportedFeaturesTest.test_2_1_7_2_PLAYEREvents
118  [] INFO  Runner - Start    mandatory.functional.SupportedFeaturesTest.test_2_1_7_3_PLAYERIrrelevant javadoc::SupportedFeatures::3
118  [] INFO  SupportedFeaturesTest - In PLAYER, RECORDER_MAX_DURATION is not supported
118  [] INFO  SupportedFeaturesTest - In PLAYER, SD_INITIAL_TIMEOUT is not supported
118  [] INFO  Runner - End      mandatory.functional.SupportedFeaturesTest.test_2_1_7_3_PLAYERIrrelevant
119  [] INFO  Runner - Start    mandatory.functional.SupportedFeaturesTest.test_2_1_7_4_SIGNALDETECTOR javadoc::SupportedFeatures::4
119  [] INFO  SupportedFeaturesTest - In SIGNALDETECTOR, SD_DURATION is supported
119  [] INFO  SupportedFeaturesTest - In SIGNALDETECTOR, SD_INITIAL_TIMEOUT is supported
120  [] INFO  SupportedFeaturesTest - In SIGNALDETECTOR, SD_INTER_SIG_TIMEOUT is supported
120  [] INFO  SupportedFeaturesTest - In SIGNALDETECTOR, SD_PATTERN_0 is supported
120  [] INFO  SupportedFeaturesTest - In SIGNALDETECTOR, SD_PATTERN_15 is supported
120  [] INFO  SupportedFeaturesTest - In SIGNALDETECTOR, SD_PATTERN_31 is supported
120  [] INFO  SupportedFeaturesTest - In SIGNALDETECTOR, PLAYER_MAX_DURATION is not supported
120  [] INFO  SupportedFeaturesTest - In SIGNALDETECTOR, PLAY_COMPLETED is not supported
120  [] INFO  SupportedFeaturesTest - In SIGNALDETECTOR, RECORDER_MAX_DURATION is not supported
120  [] INFO  Runner - End      mandatory.functional.SupportedFeaturesTest.test_2_1_7_4_SIGNALDETECTOR
123  [] INFO  Runner - Start    mandatory.functional.SupportedFeaturesTest.test_2_1_7_5_PLAYER_SIGNALDETECTOR javadoc::SupportedFeatures::5
124  [] INFO  SupportedFeaturesTest - In PLAYER_SIGNALDETECTOR, PLAYER_MAX_DURATION is supported
124  [] INFO  SupportedFeaturesTest - In PLAYER_SIGNALDETECTOR, INTERVAL is supported
124  [] INFO  SupportedFeaturesTest - In PLAYER_SIGNALDETECTOR, REPEAT_COUNT is supported
124  [] INFO  SupportedFeaturesTest - In PLAYER_SIGNALDETECTOR, PLAYER_START_OFFSET is supported
124  [] INFO  SupportedFeaturesTest - In PLAYER_SIGNALDETECTOR, PLAY_COMPLETED is supported
124  [] INFO  SupportedFeaturesTest - In PLAYER_SIGNALDETECTOR, END_OF_PLAY_LIST is supported
124  [] INFO  SupportedFeaturesTest - In PLAYER_SIGNALDETECTOR, SD_DURATION is supported
124  [] INFO  SupportedFeaturesTest - In PLAYER_SIGNALDETECTOR, SD_INITIAL_TIMEOUT is supported
124  [] INFO  SupportedFeaturesTest - In PLAYER_SIGNALDETECTOR, SD_INTER_SIG_TIMEOUT is supported
124  [] INFO  SupportedFeaturesTest - In PLAYER_SIGNALDETECTOR, SD_PATTERN_0 is supported
124  [] INFO  SupportedFeaturesTest - In PLAYER_SIGNALDETECTOR, SD_PATTERN_15 is supported
124  [] INFO  SupportedFeaturesTest - In PLAYER_SIGNALDETECTOR, SD_PATTERN_31 is supported
124  [] INFO  SupportedFeaturesTest - In PLAYER_SIGNALDETECTOR, RECORDER_MAX_DURATION is not supported
124  [] INFO  SupportedFeaturesTest - In PLAYER_SIGNALDETECTOR, RECORDER_AUDIO_CODEC is not supported
124  [] INFO  SupportedFeaturesTest - In PLAYER_SIGNALDETECTOR, SIGNAL_TRUNCATION_ON is not supported
124  [] INFO  SupportedFeaturesTest - In PLAYER_SIGNALDETECTOR, START_BEEP is not supported
124  [] INFO  Runner - End      mandatory.functional.SupportedFeaturesTest.test_2_1_7_5_PLAYER_SIGNALDETECTOR
125  [] INFO  Runner - Start    mandatory.functional.SupportedFeaturesTest.test_2_1_7_2_PLAYER_RECORDER_SIGNALDETECTOR javadoc::SupportedFeatures::6
125  [] INFO  SupportedFeaturesTest - In PLAYER_RECORDER_SIGNALDETECTOR, PLAYER_MAX_DURATION is supported
126  [] INFO  SupportedFeaturesTest - In PLAYER_RECORDER_SIGNALDETECTOR, INTERVAL is supported
126  [] INFO  SupportedFeaturesTest - In PLAYER_RECORDER_SIGNALDETECTOR, REPEAT_COUNT is supported
126  [] INFO  SupportedFeaturesTest - In PLAYER_RECORDER_SIGNALDETECTOR, PLAYER_START_OFFSET is supported
126  [] INFO  SupportedFeaturesTest - In PLAYER_RECORDER_SIGNALDETECTOR, PLAY_COMPLETED is supported
126  [] INFO  SupportedFeaturesTest - In PLAYER_RECORDER_SIGNALDETECTOR, END_OF_PLAY_LIST is supported
126  [] INFO  SupportedFeaturesTest - In PLAYER_RECORDER_SIGNALDETECTOR, RECORDER_MAX_DURATION is supported
126  [] INFO  SupportedFeaturesTest - In PLAYER_RECORDER_SIGNALDETECTOR, START_BEEP is supported
126  [] INFO  SupportedFeaturesTest - In PLAYER_RECORDER_SIGNALDETECTOR, SD_DURATION is supported
126  [] INFO  SupportedFeaturesTest - In PLAYER_RECORDER_SIGNALDETECTOR, SD_INITIAL_TIMEOUT is supported
126  [] INFO  SupportedFeaturesTest - In PLAYER_RECORDER_SIGNALDETECTOR, SD_INTER_SIG_TIMEOUT is supported
126  [] INFO  SupportedFeaturesTest - In PLAYER_RECORDER_SIGNALDETECTOR, SD_PATTERN_0 is supported
126  [] INFO  SupportedFeaturesTest - In PLAYER_RECORDER_SIGNALDETECTOR, SD_PATTERN_15 is supported
126  [] INFO  SupportedFeaturesTest - In PLAYER_RECORDER_SIGNALDETECTOR, SD_PATTERN_31 is supported
126  [] INFO  Runner - End      mandatory.functional.SupportedFeaturesTest.test_2_1_7_2_PLAYER_RECORDER_SIGNALDETECTOR
]]></system-out>

      <system-err><![CDATA[]]></system-err>

  </testsuite>
  <testsuite errors="0" failures="0" hostname="kulikov.mobicents.org" id="4" name="InitJoinTest" package="com.hp.opencall.jmsc.test.mandatory.functional.join" tests="2" time="10.693" timestamp="2011-09-27T07:01:15">
      <properties>
[...]
</properties>

      <testcase classname="com.hp.opencall.jmsc.test.mandatory.functional.join.InitJoinTest" name="test_2_1_16_1_InitJoinNCMG" time="4.054" />

      <testcase classname="com.hp.opencall.jmsc.test.mandatory.functional.join.InitJoinTest" name="test_2_1_16_2_InitJoinNCMixer" time="6.624" />

      <system-out><![CDATA[11:01:15,925 INFO  [Runner] Start    mandatory.functional.join.InitJoinTest.test_2_1_16_1_InitJoinNCMG javadoc::Joinable::9 javadoc::Joinable::11 javadoc::JoinEvent::1 javadoc::JoinEvent::2 javadoc::JoinEvent::3 javadoc::JoinEvent::4
11:01:15,941 INFO  [DriverImpl] Initializing MGCP on /127.0.0.1:2729
11:01:15,947 ERROR [JainMgcpStackImpl] Failed to locate properties file, using default values
11:01:15,954 INFO  [JainMgcpStackImpl] Jain Mgcp stack bound to IP /127.0.0.1 and UDP port 2729
Jain Mgcp stack bound to IP /127.0.0.1 and UDP port 2729
74   [] DEBUG TestBase - log4j configured
75   [] DEBUG TestBase - Loading file:/home/kulikov/jsr-309-tck/TCK.properties
234  [] DEBUG InitJoinTest - Received: Source = mscontrol://127.0.0.1:2427/MediaSession1/NetworkConnection2 Other = mscontrol://127.0.0.1:2427/MediaSession1/MediaGroup3 EventId = JOIN_JOINED Error = NO_ERROR ErrorText = null
235  [] DEBUG InitJoinTest - Context: INIT
235  [] DEBUG InitJoinTest - Moving from INIT to JOINED
237  [] DEBUG TestBase - getProperty(testcase.sipphoneSDP) = v=0
o=acomment 123456 654321 IN IP4 127.0.0.1
t=0 0
m=audio 1234 RTP/AVP  0 101 
c=IN IP4 127.0.0.1
a=rtpmap:0 PCMU/8000
a=rtpmap:101 telephone-event/8000/1

333  [] DEBUG InitJoinTest - Received: ANSWER_GENERATED
333  [] DEBUG InitJoinTest - Moving from JOINED to MODIFIED
334  [] DEBUG TestBase - getProperty(testcase.shortpromptfile) = file:///home/kulikov/jsr-309-tck/media/Numbers_1-5_3s.wav
3403 [] DEBUG InitJoinTest - Received: org.mobicents.javax.media.mscontrol.mediagroup.PlayerEventImpl@1a85d38
3404 [] DEBUG InitJoinTest - Moving from MODIFIED to PLAYED
3404 [] INFO  DriverImpl - MediaSession1 NetworkConnection2 Initiation of unjoin procedure, other party = MediaGroup3
3428 [] DEBUG InitJoinTest - Received: Source = mscontrol://127.0.0.1:2427/MediaSession1/NetworkConnection2 Other = mscontrol://127.0.0.1:2427/MediaSession1/MediaGroup3 EventId = JOIN_UNJOINED Error = NO_ERROR ErrorText = null
3428 [] DEBUG InitJoinTest - Context: PLAYED
3428 [] DEBUG InitJoinTest - Moving from PLAYED to UNJOINED
3428 [] INFO  DriverImpl - MediaSession1 MediaGroup3 Releasing...
3729 [] INFO  DriverImpl - MediaSession1 NetworkConnection2 Releasing....
4032 [] INFO  Runner - End      mandatory.functional.join.InitJoinTest.test_2_1_16_1_InitJoinNCMG
4034 [] INFO  Runner - Start    mandatory.functional.join.InitJoinTest.test_2_1_16_2_InitJoinNCMixer javadoc::Joinable::10 javadoc::Joinable::12 javadoc::JoinEventListener::1 javadoc::JoinEventNotifier::1
4088 [] INFO  MediaSessionBase - getOffer: local SDP: v=0
o=- 1317106879977 1 IN IP4 127.0.0.1
s=Mobicents Media Server
c=IN IP4 127.0.0.1
t=0 0
m=audio 65530 RTP/AVP 8 0 101
a=rtpmap:8 pcma/8000
a=rtpmap:0 pcmu/8000
a=rtpmap:101 telephone-event/8000
a=fmtp:101 0-15

4089 [] INFO  MediaSessionBase - getOffer: stripped local SDP: v=0
o=- 1317106879977 1 IN IP4 127.0.0.1
s=Mobicents Media Server
c=IN IP4 127.0.0.1
t=0 0
m=audio 65530 RTP/AVP 8 0 101
a=rtpmap:8 pcma/8000
a=rtpmap:0 pcmu/8000
a=fmtp:101 0-15

4137 [] INFO  MediaSessionBase - getAnswer: local SDP: v=0
o=- 1317106880032 1 IN IP4 127.0.0.1
s=Mobicents Media Server
c=IN IP4 127.0.0.1
t=0 0
m=audio 65528 RTP/AVP 8 0 101
a=rtpmap:8 pcma/8000
a=rtpmap:0 pcmu/8000
a=rtpmap:101 telephone-event/8000
a=fmtp:101 0-15

4271 [] INFO  MediaSessionBase - getOffer: local SDP: v=0
o=- 1317106880164 1 IN IP4 127.0.0.1
s=Mobicents Media Server
c=IN IP4 127.0.0.1
t=0 0
m=audio 65526 RTP/AVP 8 0 101
a=rtpmap:8 pcma/8000
a=rtpmap:0 pcmu/8000
a=rtpmap:101 telephone-event/8000
a=fmtp:101 0-15

4272 [] INFO  MediaSessionBase - getOffer: stripped local SDP: v=0
o=- 1317106880164 1 IN IP4 127.0.0.1
s=Mobicents Media Server
c=IN IP4 127.0.0.1
t=0 0
m=audio 65526 RTP/AVP 8 0 101
a=rtpmap:8 pcma/8000
a=rtpmap:0 pcmu/8000
a=fmtp:101 0-15

4311 [] INFO  MediaSessionBase - getAnswer: local SDP: v=0
o=- 1317106880215 1 IN IP4 127.0.0.1
s=Mobicents Media Server
c=IN IP4 127.0.0.1
t=0 0
m=audio 65524 RTP/AVP 8 0 101
a=rtpmap:8 pcma/8000
a=rtpmap:0 pcmu/8000
a=rtpmap:101 telephone-event/8000
a=fmtp:101 0-15

4450 [] DEBUG InitJoinTest - Received: Source = mscontrol://127.0.0.1:2427/MediaSession4/CChecker-0 Other = mscontrol://127.0.0.1:2427/MediaSession4/MediaMixer5 EventId = JOIN_JOINED Error = NO_ERROR ErrorText = null
4451 [] DEBUG InitJoinTest - Context: UNJOINED
4451 [] DEBUG InitJoinTest - Moving from UNJOINED to JOINED
4510 [] DEBUG InitJoinTest - Received: Source = mscontrol://127.0.0.1:2427/MediaSession4/CChecker-1 Other = mscontrol://127.0.0.1:2427/MediaSession4/MediaMixer5 EventId = JOIN_JOINED Error = NO_ERROR ErrorText = null
4510 [] DEBUG InitJoinTest - Context: UNJOINED
4510 [] DEBUG InitJoinTest - Moving from UNJOINED to JOINED
4511 [] INFO  DriverImpl - MediaSession4 MG-SipPhoneEmulator-CChecker-1 Receive signal called
5015 [] DEBUG TestBase - getProperty(testcase.dtmf1) = file:///home/kulikov/jsr-309-tck/media/dtmf-1.wav
5511 [] DEBUG ContinuityChecker - org.mobicents.javax.media.mscontrol.mediagroup.PlayerImpl@134ce4a received: org.mobicents.javax.media.mscontrol.mediagroup.PlayerEventImpl@1d381d2
6997 [] DEBUG ContinuityChecker - CChecker-1 received: RECEIVE_SIGNALS_COMPLETED(NUM_SIGNALS_DETECTED, signal=1)
8512 [] INFO  DriverImpl - MediaSession4 CChecker-0 Initiation of unjoin procedure, other party = MediaMixer5
8528 [] DEBUG InitJoinTest - Received: Source = mscontrol://127.0.0.1:2427/MediaSession4/CChecker-0 Other = mscontrol://127.0.0.1:2427/MediaSession4/MediaMixer5 EventId = JOIN_UNJOINED Error = NO_ERROR ErrorText = null
8529 [] DEBUG InitJoinTest - Context: JOINED
8529 [] DEBUG InitJoinTest - Moving from JOINED to UNJOINED
8529 [] INFO  DriverImpl - MediaSession4 CChecker-1 Initiation of unjoin procedure, other party = MediaMixer5
8549 [] DEBUG InitJoinTest - Received: Source = mscontrol://127.0.0.1:2427/MediaSession4/CChecker-1 Other = mscontrol://127.0.0.1:2427/MediaSession4/MediaMixer5 EventId = JOIN_UNJOINED Error = NO_ERROR ErrorText = null
8549 [] DEBUG InitJoinTest - Context: JOINED
8549 [] DEBUG InitJoinTest - Moving from JOINED to UNJOINED
8850 [] INFO  DriverImpl - MediaSession4 MG-SipPhoneEmulator-CChecker-0 Releasing...
9151 [] INFO  DriverImpl - MediaSession4 MG-SipPhoneEmulator-CChecker-1 Releasing...
9453 [] INFO  DriverImpl - MediaSession4 ShadowNC-SipPhoneEmulator-CChecker-0 Releasing....
9754 [] INFO  DriverImpl - MediaSession4 CChecker-0 Releasing....
10055 [] INFO  DriverImpl - MediaSession4 ShadowNC-SipPhoneEmulator-CChecker-1 Releasing....
10357 [] INFO  DriverImpl - MediaSession4 CChecker-1 Releasing....
10658 [] INFO  Runner - End      mandatory.functional.join.InitJoinTest.test_2_1_16_2_InitJoinNCMixer
]]></system-out>

      <system-err><![CDATA[]]></system-err>

  </testsuite>
  <testsuite errors="0" failures="0" hostname="kulikov.mobicents.org" id="5" name="PlayerTest" package="com.hp.opencall.jmsc.test.mandatory.functional.mediagroup" tests="8" time="64.516" timestamp="2011-09-27T07:01:27">
      <properties>
[...]
</properties>

      <testcase classname="com.hp.opencall.jmsc.test.mandatory.functional.mediagroup.PlayerTest" name="test_2_1_1_1_Play" time="4.007" />

      <testcase classname="com.hp.opencall.jmsc.test.mandatory.functional.mediagroup.PlayerTest" name="test_2_1_1_2_MaxDuration" time="3.32" />

      <testcase classname="com.hp.opencall.jmsc.test.mandatory.functional.mediagroup.PlayerTest" name="test_2_1_1_3_StartOffset" time="28.49" />

      <testcase classname="com.hp.opencall.jmsc.test.mandatory.functional.mediagroup.PlayerTest" name="test_2_1_1_4_RepeatCount" time="5.741" />

      <testcase classname="com.hp.opencall.jmsc.test.mandatory.functional.mediagroup.PlayerTest" name="test_2_1_1_5_Interval" time="5.727" />

      <testcase classname="com.hp.opencall.jmsc.test.mandatory.functional.mediagroup.PlayerTest" name="test_2_1_1_6_Stop" time="5.723" />

      <testcase classname="com.hp.opencall.jmsc.test.mandatory.functional.mediagroup.PlayerTest" name="test_2_1_1_7_PlayURIArray" time="5.743" />

      <testcase classname="com.hp.opencall.jmsc.test.mandatory.functional.mediagroup.PlayerTest" name="test_2_1_1_8_STOP_IF_BUSY" time="5.747" />

      <system-out><![CDATA[11:01:27,502 INFO  [Runner] Start    mandatory.functional.mediagroup.PlayerTest.test_2_1_1_1_Play javadoc::Joinable::1 javadoc::MediaGroup::1 javadoc::MediaGroup::6 javadoc::Player::1 javadoc::PlayerEvent::15
11:01:27,518 INFO  [DriverImpl] Initializing MGCP on /127.0.0.1:2729
11:01:27,523 ERROR [JainMgcpStackImpl] Failed to locate properties file, using default values
11:01:27,529 INFO  [JainMgcpStackImpl] Jain Mgcp stack bound to IP /127.0.0.1 and UDP port 2729
Jain Mgcp stack bound to IP /127.0.0.1 and UDP port 2729
76   [] DEBUG TestBase - log4j configured
78   [] DEBUG TestBase - Loading file:/home/kulikov/jsr-309-tck/TCK.properties
128  [] DEBUG TestBase - getProperty(testcase.sipphoneSDP) = v=0
o=acomment 123456 654321 IN IP4 127.0.0.1
t=0 0
m=audio 1234 RTP/AVP  0 101 
c=IN IP4 127.0.0.1
a=rtpmap:0 PCMU/8000
a=rtpmap:101 telephone-event/8000/1

328  [] DEBUG TestBase - getProperty(testcase.shortpromptfile) = file:///home/kulikov/jsr-309-tck/media/Numbers_1-5_3s.wav
1348 [] DEBUG PlayerTest - Waiting for event from org.mobicents.javax.media.mscontrol.mediagroup.PlayerImpl@126f827 (9s remaining)
2348 [] DEBUG PlayerTest - Waiting for event from org.mobicents.javax.media.mscontrol.mediagroup.PlayerImpl@126f827 (7s remaining)
3348 [] DEBUG PlayerTest - Waiting for event from org.mobicents.javax.media.mscontrol.mediagroup.PlayerImpl@126f827 (6s remaining)
3369 [] DEBUG PlayerTest - org.mobicents.javax.media.mscontrol.mediagroup.PlayerImpl@126f827 received: org.mobicents.javax.media.mscontrol.mediagroup.PlayerEventImpl@1f2cea2
3370 [] INFO  DriverImpl - MediaSession1 MediaGroup3 Releasing...
3671 [] INFO  DriverImpl - MediaSession1 NetworkConnection2 Releasing....
3979 [] INFO  Runner - End      mandatory.functional.mediagroup.PlayerTest.test_2_1_1_1_Play
3982 [] INFO  Runner - Start    mandatory.functional.mediagroup.PlayerTest.test_2_1_1_2_MaxDuration javadoc::Player::4 javadoc::PlayerEvent::2 javadoc::PlayerEvent::17
3984 [] DEBUG TestBase - getProperty(testcase.promptfile) = file:///home/kulikov/jsr-309-tck/media/Numbers_1-15.wav
3984 [] DEBUG TestBase - getProperty(testcase.sipphoneSDP) = v=0
o=acomment 123456 654321 IN IP4 127.0.0.1
t=0 0
m=audio 1234 RTP/AVP  0 101 
c=IN IP4 127.0.0.1
a=rtpmap:0 PCMU/8000
a=rtpmap:101 telephone-event/8000/1

5104 [] DEBUG PlayerTest - Waiting for event from org.mobicents.javax.media.mscontrol.mediagroup.PlayerImpl@12b6c89 (19s remaining)
6104 [] DEBUG PlayerTest - Waiting for event from org.mobicents.javax.media.mscontrol.mediagroup.PlayerImpl@12b6c89 (18s remaining)
6696 [] DEBUG PlayerTest - org.mobicents.javax.media.mscontrol.mediagroup.PlayerImpl@12b6c89 received: org.mobicents.javax.media.mscontrol.mediagroup.PlayerEventImpl@7c3885
6698 [] INFO  PlayerTest - Measured play duration is acceptable: expected: 2600ms - actual: 2612ms
6698 [] INFO  PlayerTest - Reported play duration is acceptable: expected: 2600ms - actual: 2493ms
6698 [] INFO  DriverImpl - MediaSession4 MediaGroup6 Releasing...
6999 [] INFO  DriverImpl - MediaSession4 NetworkConnection5 Releasing....
7301 [] INFO  Runner - End      mandatory.functional.mediagroup.PlayerTest.test_2_1_1_2_MaxDuration
7302 [] INFO  Runner - Start    mandatory.functional.mediagroup.PlayerTest.test_2_1_1_3_StartOffset javadoc::Player::5
7303 [] DEBUG TestBase - getProperty(testcase.promptfile) = file:///home/kulikov/jsr-309-tck/media/Numbers_1-15.wav
7304 [] DEBUG TestBase - getProperty(testcase.sipphoneSDP) = v=0
o=acomment 123456 654321 IN IP4 127.0.0.1
t=0 0
m=audio 1234 RTP/AVP  0 101 
c=IN IP4 127.0.0.1
a=rtpmap:0 PCMU/8000
a=rtpmap:101 telephone-event/8000/1

8418 [] DEBUG PlayerTest - Waiting for event from org.mobicents.javax.media.mscontrol.mediagroup.PlayerImpl@50a649 (19s remaining)
9418 [] DEBUG PlayerTest - Waiting for event from org.mobicents.javax.media.mscontrol.mediagroup.PlayerImpl@50a649 (18s remaining)
10419 [] DEBUG PlayerTest - Waiting for event from org.mobicents.javax.media.mscontrol.mediagroup.PlayerImpl@50a649 (17s remaining)
11419 [] DEBUG PlayerTest - Waiting for event from org.mobicents.javax.media.mscontrol.mediagroup.PlayerImpl@50a649 (15s remaining)
12419 [] DEBUG PlayerTest - Waiting for event from org.mobicents.javax.media.mscontrol.mediagroup.PlayerImpl@50a649 (14s remaining)
13419 [] DEBUG PlayerTest - Waiting for event from org.mobicents.javax.media.mscontrol.mediagroup.PlayerImpl@50a649 (13s remaining)
14420 [] DEBUG PlayerTest - Waiting for event from org.mobicents.javax.media.mscontrol.mediagroup.PlayerImpl@50a649 (12s remaining)
15420 [] DEBUG PlayerTest - Waiting for event from org.mobicents.javax.media.mscontrol.mediagroup.PlayerImpl@50a649 (11s remaining)
16420 [] DEBUG PlayerTest - Waiting for event from org.mobicents.javax.media.mscontrol.mediagroup.PlayerImpl@50a649 (10s remaining)
17420 [] DEBUG PlayerTest - Waiting for event from org.mobicents.javax.media.mscontrol.mediagroup.PlayerImpl@50a649 (9s remaining)
18421 [] DEBUG PlayerTest - Waiting for event from org.mobicents.javax.media.mscontrol.mediagroup.PlayerImpl@50a649 (8s remaining)
19421 [] DEBUG PlayerTest - Waiting for event from org.mobicents.javax.media.mscontrol.mediagroup.PlayerImpl@50a649 (7s remaining)
20421 [] DEBUG PlayerTest - Waiting for event from org.mobicents.javax.media.mscontrol.mediagroup.PlayerImpl@50a649 (6s remaining)
21421 [] DEBUG PlayerTest - Waiting for event from org.mobicents.javax.media.mscontrol.mediagroup.PlayerImpl@50a649 (5s remaining)
22422 [] DEBUG PlayerTest - Waiting for event from org.mobicents.javax.media.mscontrol.mediagroup.PlayerImpl@50a649 (4s remaining)
22444 [] DEBUG PlayerTest - org.mobicents.javax.media.mscontrol.mediagroup.PlayerImpl@50a649 received: org.mobicents.javax.media.mscontrol.mediagroup.PlayerEventImpl@15ed659
22445 [] DEBUG TestBase - getProperty(testcase.sipphoneSDP) = v=0
o=acomment 123456 654321 IN IP4 127.0.0.1
t=0 0
m=audio 1234 RTP/AVP  0 101 
c=IN IP4 127.0.0.1
a=rtpmap:0 PCMU/8000
a=rtpmap:101 telephone-event/8000/1

23564 [] DEBUG PlayerTest - Waiting for event from org.mobicents.javax.media.mscontrol.mediagroup.PlayerImpl@19ec4ed (19s remaining)
24564 [] DEBUG PlayerTest - Waiting for event from org.mobicents.javax.media.mscontrol.mediagroup.PlayerImpl@19ec4ed (18s remaining)
25564 [] DEBUG PlayerTest - Waiting for event from org.mobicents.javax.media.mscontrol.mediagroup.PlayerImpl@19ec4ed (17s remaining)
26565 [] DEBUG PlayerTest - Waiting for event from org.mobicents.javax.media.mscontrol.mediagroup.PlayerImpl@19ec4ed (15s remaining)
27565 [] DEBUG PlayerTest - Waiting for event from org.mobicents.javax.media.mscontrol.mediagroup.PlayerImpl@19ec4ed (14s remaining)
28565 [] DEBUG PlayerTest - Waiting for event from org.mobicents.javax.media.mscontrol.mediagroup.PlayerImpl@19ec4ed (13s remaining)
29565 [] DEBUG PlayerTest - Waiting for event from org.mobicents.javax.media.mscontrol.mediagroup.PlayerImpl@19ec4ed (12s remaining)
30566 [] DEBUG PlayerTest - Waiting for event from org.mobicents.javax.media.mscontrol.mediagroup.PlayerImpl@19ec4ed (11s remaining)
31566 [] DEBUG PlayerTest - Waiting for event from org.mobicents.javax.media.mscontrol.mediagroup.PlayerImpl@19ec4ed (10s remaining)
32566 [] DEBUG PlayerTest - Waiting for event from org.mobicents.javax.media.mscontrol.mediagroup.PlayerImpl@19ec4ed (9s remaining)
33566 [] DEBUG PlayerTest - Waiting for event from org.mobicents.javax.media.mscontrol.mediagroup.PlayerImpl@19ec4ed (8s remaining)
34567 [] DEBUG PlayerTest - Waiting for event from org.mobicents.javax.media.mscontrol.mediagroup.PlayerImpl@19ec4ed (7s remaining)
34584 [] DEBUG PlayerTest - org.mobicents.javax.media.mscontrol.mediagroup.PlayerImpl@19ec4ed received: org.mobicents.javax.media.mscontrol.mediagroup.PlayerEventImpl@1e1be92
34587 [] INFO  PlayerTest - Measured play duration is acceptable: expected: 12045ms - actual: 12042ms
34587 [] INFO  DriverImpl - MediaSession7 MediaGroup9 Releasing...
34888 [] INFO  DriverImpl - MediaSession7 MediaGroup11 Releasing...
35188 [] INFO  DriverImpl - MediaSession7 NetworkConnection8 Releasing....
35490 [] INFO  DriverImpl - MediaSession7 NetworkConnection10 Releasing....
35792 [] INFO  Runner - End      mandatory.functional.mediagroup.PlayerTest.test_2_1_1_3_StartOffset
35793 [] INFO  Runner - Start    mandatory.functional.mediagroup.PlayerTest.test_2_1_1_4_RepeatCount javadoc::Player::20
35794 [] DEBUG TestBase - getProperty(testcase.onesecondfile) = file:///home/kulikov/jsr-309-tck/media/cagocago-onesecond.wav
35795 [] DEBUG TestBase - getProperty(testcase.sipphoneSDP) = v=0
o=acomment 123456 654321 IN IP4 127.0.0.1
t=0 0
m=audio 1234 RTP/AVP  0 101 
c=IN IP4 127.0.0.1
a=rtpmap:0 PCMU/8000
a=rtpmap:101 telephone-event/8000/1

36910 [] DEBUG PlayerTest - Waiting for event from org.mobicents.javax.media.mscontrol.mediagroup.PlayerImpl@c3c315 (19s remaining)
37911 [] DEBUG PlayerTest - Waiting for event from org.mobicents.javax.media.mscontrol.mediagroup.PlayerImpl@c3c315 (17s remaining)
38911 [] DEBUG PlayerTest - Waiting for event from org.mobicents.javax.media.mscontrol.mediagroup.PlayerImpl@c3c315 (16s remaining)
39911 [] DEBUG PlayerTest - Waiting for event from org.mobicents.javax.media.mscontrol.mediagroup.PlayerImpl@c3c315 (15s remaining)
40911 [] DEBUG PlayerTest - Waiting for event from org.mobicents.javax.media.mscontrol.mediagroup.PlayerImpl@c3c315 (14s remaining)
40929 [] DEBUG PlayerTest - org.mobicents.javax.media.mscontrol.mediagroup.PlayerImpl@c3c315 received: org.mobicents.javax.media.mscontrol.mediagroup.PlayerEventImpl@1328c7a
40929 [] INFO  PlayerTest - Measured play duration is acceptable: expected: 5000ms - actual: 5039ms
40930 [] INFO  DriverImpl - MediaSession12 MediaGroup14 Releasing...
41230 [] INFO  DriverImpl - MediaSession12 NetworkConnection13 Releasing....
41532 [] INFO  Runner - End      mandatory.functional.mediagroup.PlayerTest.test_2_1_1_4_RepeatCount
41535 [] INFO  Runner - Start    mandatory.functional.mediagroup.PlayerTest.test_2_1_1_5_Interval javadoc::Player::21
41536 [] DEBUG TestBase - getProperty(testcase.onesecondfile) = file:///home/kulikov/jsr-309-tck/media/cagocago-onesecond.wav
41536 [] DEBUG TestBase - getProperty(testcase.sipphoneSDP) = v=0
o=acomment 123456 654321 IN IP4 127.0.0.1
t=0 0
m=audio 1234 RTP/AVP  0 101 
c=IN IP4 127.0.0.1
a=rtpmap:0 PCMU/8000
a=rtpmap:101 telephone-event/8000/1

42654 [] DEBUG PlayerTest - Waiting for event from org.mobicents.javax.media.mscontrol.mediagroup.PlayerImpl@1eb0 (19s remaining)
43654 [] DEBUG PlayerTest - Waiting for event from org.mobicents.javax.media.mscontrol.mediagroup.PlayerImpl@1eb0 (18s remaining)
44655 [] DEBUG PlayerTest - Waiting for event from org.mobicents.javax.media.mscontrol.mediagroup.PlayerImpl@1eb0 (16s remaining)
45655 [] DEBUG PlayerTest - Waiting for event from org.mobicents.javax.media.mscontrol.mediagroup.PlayerImpl@1eb0 (15s remaining)
46656 [] DEBUG PlayerTest - Waiting for event from org.mobicents.javax.media.mscontrol.mediagroup.PlayerImpl@1eb0 (14s remaining)
46659 [] DEBUG PlayerTest - org.mobicents.javax.media.mscontrol.mediagroup.PlayerImpl@1eb0 received: org.mobicents.javax.media.mscontrol.mediagroup.PlayerEventImpl@4ac216
46659 [] INFO  PlayerTest - Measured play duration is acceptable: expected: 5000ms - actual: 5024ms
46660 [] INFO  DriverImpl - MediaSession15 MediaGroup17 Releasing...
46960 [] INFO  DriverImpl - MediaSession15 NetworkConnection16 Releasing....
47262 [] INFO  Runner - End      mandatory.functional.mediagroup.PlayerTest.test_2_1_1_5_Interval
47263 [] INFO  Runner - Start    mandatory.functional.mediagroup.PlayerTest.test_2_1_1_6_Stop javadoc::Player::61 javadoc::PlayerEvent::18
47265 [] DEBUG TestBase - getProperty(testcase.sipphoneSDP) = v=0
o=acomment 123456 654321 IN IP4 127.0.0.1
t=0 0
m=audio 1234 RTP/AVP  0 101 
c=IN IP4 127.0.0.1
a=rtpmap:0 PCMU/8000
a=rtpmap:101 telephone-event/8000/1

47361 [] DEBUG TestBase - getProperty(testcase.promptfile) = file:///home/kulikov/jsr-309-tck/media/Numbers_1-15.wav
48381 [] DEBUG PlayerTest - Waiting for event from org.mobicents.javax.media.mscontrol.mediagroup.PlayerImpl@1d88db7 (4s remaining)
49381 [] DEBUG PlayerTest - Waiting for event from org.mobicents.javax.media.mscontrol.mediagroup.PlayerImpl@1d88db7 (3s remaining)
50381 [] DEBUG PlayerTest - Waiting for event from org.mobicents.javax.media.mscontrol.mediagroup.PlayerImpl@1d88db7 (2s remaining)
51381 [] DEBUG PlayerTest - Waiting for event from org.mobicents.javax.media.mscontrol.mediagroup.PlayerImpl@1d88db7 (1s remaining)
52383 [] DEBUG PlayerTest - org.mobicents.javax.media.mscontrol.mediagroup.PlayerImpl@1d88db7 received: org.mobicents.javax.media.mscontrol.mediagroup.PlayerEventImpl@c3e9e9
52383 [] INFO  DriverImpl - MediaSession18 MediaGroup20 Releasing...
52684 [] INFO  DriverImpl - MediaSession18 NetworkConnection19 Releasing....
52986 [] INFO  Runner - End      mandatory.functional.mediagroup.PlayerTest.test_2_1_1_6_Stop
52987 [] INFO  Runner - Start    mandatory.functional.mediagroup.PlayerTest.test_2_1_1_7_PlayURIArray javadoc::Player::2 javadoc::PlayerEvent::16
52988 [] DEBUG TestBase - getProperty(testcase.onesecondfile) = file:///home/kulikov/jsr-309-tck/media/cagocago-onesecond.wav
52989 [] DEBUG TestBase - getProperty(testcase.sipphoneSDP) = v=0
o=acomment 123456 654321 IN IP4 127.0.0.1
t=0 0
m=audio 1234 RTP/AVP  0 101 
c=IN IP4 127.0.0.1
a=rtpmap:0 PCMU/8000
a=rtpmap:101 telephone-event/8000/1

54099 [] DEBUG PlayerTest - Waiting for event from org.mobicents.javax.media.mscontrol.mediagroup.PlayerImpl@3caa4b (9s remaining)
55100 [] DEBUG PlayerTest - Waiting for event from org.mobicents.javax.media.mscontrol.mediagroup.PlayerImpl@3caa4b (7s remaining)
56100 [] DEBUG PlayerTest - Waiting for event from org.mobicents.javax.media.mscontrol.mediagroup.PlayerImpl@3caa4b (6s remaining)
57100 [] DEBUG PlayerTest - Waiting for event from org.mobicents.javax.media.mscontrol.mediagroup.PlayerImpl@3caa4b (5s remaining)
58101 [] DEBUG PlayerTest - Waiting for event from org.mobicents.javax.media.mscontrol.mediagroup.PlayerImpl@3caa4b (4s remaining)
58125 [] DEBUG PlayerTest - org.mobicents.javax.media.mscontrol.mediagroup.PlayerImpl@3caa4b received: org.mobicents.javax.media.mscontrol.mediagroup.PlayerEventImpl@6b496d
58126 [] INFO  PlayerTest - Measured play duration is acceptable: expected: 5000ms - actual: 5047ms
58127 [] INFO  DriverImpl - MediaSession21 MediaGroup23 Releasing...
58427 [] INFO  DriverImpl - MediaSession21 NetworkConnection22 Releasing....
58729 [] INFO  Runner - End      mandatory.functional.mediagroup.PlayerTest.test_2_1_1_7_PlayURIArray
58731 [] INFO  Runner - Start    mandatory.functional.mediagroup.PlayerTest.test_2_1_1_8_STOP_IF_BUSY javadoc::Player::3
58732 [] DEBUG TestBase - getProperty(testcase.sipphoneSDP) = v=0
o=acomment 123456 654321 IN IP4 127.0.0.1
t=0 0
m=audio 1234 RTP/AVP  0 101 
c=IN IP4 127.0.0.1
a=rtpmap:0 PCMU/8000
a=rtpmap:101 telephone-event/8000/1

58830 [] DEBUG TestBase - getProperty(testcase.promptfile) = file:///home/kulikov/jsr-309-tck/media/Numbers_1-15.wav
62847 [] DEBUG TestBase - getProperty(testcase.onesecondfile) = file:///home/kulikov/jsr-309-tck/media/cagocago-onesecond.wav
62849 [] DEBUG PlayerTest - Received: org.mobicents.javax.media.mscontrol.mediagroup.PlayerEventImpl@16917ee
62849 [] DEBUG PlayerTest - Media Event fired for Play number 1
63873 [] DEBUG PlayerTest - Received: org.mobicents.javax.media.mscontrol.mediagroup.PlayerEventImpl@1884a40
63873 [] DEBUG PlayerTest - Media Event fired for Play number 2
63873 [] INFO  PlayerTest - Measured play duration is acceptable: expected: 5000ms - actual: 5043ms
63874 [] INFO  DriverImpl - MediaSession24 MediaGroup26 Releasing...
64174 [] INFO  DriverImpl - MediaSession24 NetworkConnection25 Releasing....
64476 [] INFO  Runner - End      mandatory.functional.mediagroup.PlayerTest.test_2_1_1_8_STOP_IF_BUSY
]]></system-out>

      <system-err><![CDATA[]]></system-err>

  </testsuite>
  <testsuite errors="0" failures="1" hostname="kulikov.mobicents.org" id="6" name="PromptAndCollectTest" package="com.hp.opencall.jmsc.test.mandatory.functional.mediagroup" tests="5" time="41.829" timestamp="2011-09-27T07:02:32">
      <properties>
[...]
</properties>

      <testcase classname="com.hp.opencall.jmsc.test.mandatory.functional.mediagroup.PromptAndCollectTest" name="test_2_1_10_1_PROMPT" time="4.386" />

      <testcase classname="com.hp.opencall.jmsc.test.mandatory.functional.mediagroup.PromptAndCollectTest" name="test_2_1_10_2_Prompt_BargeIn" time="10.501">
          <failure message="Unexpected event from Detector(mscontrol://127.0.0.1:2427/MediaSession6/MediaGroup10): FLUSH_BUFFER_COMPLETED(null, signal=null)" type="junit.framework.AssertionFailedError">junit.framework.AssertionFailedError: Unexpected event from Detector(mscontrol://127.0.0.1:2427/MediaSession6/MediaGroup10): FLUSH_BUFFER_COMPLETED(null, signal=null)
	at com.hp.opencall.jmsc.test.TestBase$EventWaiter.failIfEvent(TestBase.java:284)
	at com.hp.opencall.jmsc.test.mandatory.functional.mediagroup.PromptAndCollectTest.test_2_1_10_2_Prompt_BargeIn(PromptAndCollectTest.java:178)
	at com.hp.opencall.jmsc.test.TestBase.runBare(TestBase.java:437)
</failure>

      </testcase>

      <testcase classname="com.hp.opencall.jmsc.test.mandatory.functional.mediagroup.PromptAndCollectTest" name="test_2_1_10_3_Cancel" time="5.516" />

      <testcase classname="com.hp.opencall.jmsc.test.mandatory.functional.mediagroup.PromptAndCollectTest" name="test_2_1_10_4_CancelWithPrompt" time="5.546" />

      <testcase classname="com.hp.opencall.jmsc.test.mandatory.functional.mediagroup.PromptAndCollectTest" name="test_2_1_10_5_Cleardigits" time="15.865" />

      <system-out><![CDATA[11:02:32,965 INFO  [Runner] Start    mandatory.functional.mediagroup.PromptAndCollectTest.test_2_1_10_1_PROMPT javadoc::SignalDetector:23
11:02:32,987 INFO  [DriverImpl] Initializing MGCP on /127.0.0.1:2729
11:02:32,993 ERROR [JainMgcpStackImpl] Failed to locate properties file, using default values
11:02:32,999 INFO  [JainMgcpStackImpl] Jain Mgcp stack bound to IP /127.0.0.1 and UDP port 2729
Jain Mgcp stack bound to IP /127.0.0.1 and UDP port 2729
83   [] DEBUG TestBase - log4j configured
84   [] DEBUG TestBase - Loading file:/home/kulikov/jsr-309-tck/TCK.properties
232  [] INFO  MediaSessionBase - getOffer: local SDP: v=0
o=- 1317106953123 1 IN IP4 127.0.0.1
s=Mobicents Media Server
c=IN IP4 127.0.0.1
t=0 0
m=audio 65504 RTP/AVP 8 0 101
a=rtpmap:8 pcma/8000
a=rtpmap:0 pcmu/8000
a=rtpmap:101 telephone-event/8000
a=fmtp:101 0-15

232  [] INFO  MediaSessionBase - getOffer: stripped local SDP: v=0
o=- 1317106953123 1 IN IP4 127.0.0.1
s=Mobicents Media Server
c=IN IP4 127.0.0.1
t=0 0
m=audio 65504 RTP/AVP 8 0 101
a=rtpmap:8 pcma/8000
a=rtpmap:0 pcmu/8000
a=fmtp:101 0-15

273  [] INFO  MediaSessionBase - getAnswer: local SDP: v=0
o=- 1317106953213 1 IN IP4 127.0.0.1
s=Mobicents Media Server
c=IN IP4 127.0.0.1
t=0 0
m=audio 65502 RTP/AVP 8 0 101
a=rtpmap:8 pcma/8000
a=rtpmap:0 pcmu/8000
a=rtpmap:101 telephone-event/8000
a=fmtp:101 0-15

473  [] INFO  DriverImpl - MediaSession1 MediaGroup4 Receive signal called
985  [] DEBUG TestBase - getProperty(testcase.dtmf1) = file:///home/kulikov/jsr-309-tck/media/dtmf-1.wav
986  [] INFO  DriverImpl - MediaSession1 MediaGroup5 Receive signal called
2487 [] DEBUG PromptAndCollectTest - Waiting for event from Detector(mscontrol://127.0.0.1:2427/MediaSession1/MediaGroup4) (4s remaining)
3148 [] DEBUG PromptAndCollectTest - Detector(mscontrol://127.0.0.1:2427/MediaSession1/MediaGroup4) received: RECEIVE_SIGNALS_COMPLETED(NUM_SIGNALS_DETECTED, signal=1)
3149 [] INFO  DriverImpl - MediaSession1 MediaGroup4 Releasing...
3454 [] INFO  DriverImpl - MediaSession1 MediaGroup5 Releasing...
3755 [] INFO  DriverImpl - MediaSession1 NetworkConnection2 Releasing....
4058 [] INFO  DriverImpl - MediaSession1 NetworkConnection3 Releasing....
4360 [] INFO  Runner - End      mandatory.functional.mediagroup.PromptAndCollectTest.test_2_1_10_1_PROMPT
4363 [] INFO  Runner - Start    mandatory.functional.mediagroup.PromptAndCollectTest.test_2_1_10_2_Prompt_BargeIn javadoc::SignalDetector:27 javadoc::MediaGroup::12
4400 [] INFO  MediaSessionBase - getOffer: local SDP: v=0
o=- 1317106957340 1 IN IP4 127.0.0.1
s=Mobicents Media Server
c=IN IP4 127.0.0.1
t=0 0
m=audio 65500 RTP/AVP 8 0 101
a=rtpmap:8 pcma/8000
a=rtpmap:0 pcmu/8000
a=rtpmap:101 telephone-event/8000
a=fmtp:101 0-15

4401 [] INFO  MediaSessionBase - getOffer: stripped local SDP: v=0
o=- 1317106957340 1 IN IP4 127.0.0.1
s=Mobicents Media Server
c=IN IP4 127.0.0.1
t=0 0
m=audio 65500 RTP/AVP 8 0 101
a=rtpmap:8 pcma/8000
a=rtpmap:0 pcmu/8000
a=fmtp:101 0-15

4440 [] INFO  MediaSessionBase - getAnswer: local SDP: v=0
o=- 1317106957386 1 IN IP4 127.0.0.1
s=Mobicents Media Server
c=IN IP4 127.0.0.1
t=0 0
m=audio 65498 RTP/AVP 8 0 101
a=rtpmap:8 pcma/8000
a=rtpmap:0 pcmu/8000
a=rtpmap:101 telephone-event/8000
a=fmtp:101 0-15

4578 [] INFO  PromptAndCollectTest - test_2_1_10_2_Prompt_BargeIn: step 1: barge-in disabled
4579 [] DEBUG TestBase - getProperty(testcase.bargein.prompt) = file:///home/kulikov/jsr-309-tck/media/cago-dtmf2.wav
4579 [] INFO  DriverImpl - MediaSession6 MediaGroup10 Receive signal called
6080 [] DEBUG TestBase - getProperty(testcase.dtmf1) = file:///home/kulikov/jsr-309-tck/media/dtmf-1.wav
6591 [] DEBUG PromptAndCollectTest - org.mobicents.javax.media.mscontrol.mediagroup.PlayerImpl@5976c2 received: org.mobicents.javax.media.mscontrol.mediagroup.PlayerEventImpl@183e7de
6593 [] INFO  DriverImpl - MediaSession6 MediaGroup9 Receive signal called
8094 [] DEBUG PromptAndCollectTest - Waiting for event from Detector(mscontrol://127.0.0.1:2427/MediaSession6/MediaGroup9) (4s remaining)
9094 [] DEBUG PromptAndCollectTest - Waiting for event from Detector(mscontrol://127.0.0.1:2427/MediaSession6/MediaGroup9) (2s remaining)
10094 [] DEBUG PromptAndCollectTest - Waiting for event from Detector(mscontrol://127.0.0.1:2427/MediaSession6/MediaGroup9) (1s remaining)
10620 [] DEBUG PromptAndCollectTest - Detector(mscontrol://127.0.0.1:2427/MediaSession6/MediaGroup10) received: RECEIVE_SIGNALS_COMPLETED(NUM_SIGNALS_DETECTED, signal=1)
11095 [] DEBUG PromptAndCollectTest - Waiting for event from Detector(mscontrol://127.0.0.1:2427/MediaSession6/MediaGroup9) (0s remaining)
11622 [] DEBUG PromptAndCollectTest - Detector(mscontrol://127.0.0.1:2427/MediaSession6/MediaGroup9) received: RECEIVE_SIGNALS_COMPLETED(NUM_SIGNALS_DETECTED, signal=2)
12644 [] DEBUG PromptAndCollectTest - Detector(mscontrol://127.0.0.1:2427/MediaSession6/MediaGroup10) received: RECEIVE_SIGNALS_COMPLETED(STOPPED, signal=null)
DONE STOP=======================>
12645 [] INFO  PromptAndCollectTest - test_2_1_10_2_Prompt_BargeIn: step 2: barge-in enabled
12645 [] INFO  DriverImpl - MediaSession6 MediaGroup10 Receive signal called
13646 [] DEBUG PromptAndCollectTest - Detector(mscontrol://127.0.0.1:2427/MediaSession6/MediaGroup10) received: FLUSH_BUFFER_COMPLETED(null, signal=null)
DONE FLUSH BUFFER=======================>
13648 [] INFO  DriverImpl - MediaSession6 MediaGroup9 Releasing...
13949 [] INFO  DriverImpl - MediaSession6 MediaGroup10 Releasing...
14250 [] INFO  DriverImpl - MediaSession6 NetworkConnection7 Releasing....
14552 [] INFO  DriverImpl - MediaSession6 NetworkConnection8 Releasing....
14864 [] INFO  Runner - Start    mandatory.functional.mediagroup.PromptAndCollectTest.test_2_1_10_3_Cancel javadoc::SignalDetector:26 javadoc::SignalDetector::30
14898 [] INFO  MediaSessionBase - getOffer: local SDP: v=0
o=- 1317106967841 1 IN IP4 127.0.0.1
s=Mobicents Media Server
c=IN IP4 127.0.0.1
t=0 0
m=audio 65496 RTP/AVP 8 0 101
a=rtpmap:8 pcma/8000
a=rtpmap:0 pcmu/8000
a=rtpmap:101 telephone-event/8000
a=fmtp:101 0-15

14899 [] INFO  MediaSessionBase - getOffer: stripped local SDP: v=0
o=- 1317106967841 1 IN IP4 127.0.0.1
s=Mobicents Media Server
c=IN IP4 127.0.0.1
t=0 0
m=audio 65496 RTP/AVP 8 0 101
a=rtpmap:8 pcma/8000
a=rtpmap:0 pcmu/8000
a=fmtp:101 0-15

14940 [] INFO  MediaSessionBase - getAnswer: local SDP: v=0
o=- 1317106967881 1 IN IP4 127.0.0.1
s=Mobicents Media Server
c=IN IP4 127.0.0.1
t=0 0
m=audio 65494 RTP/AVP 8 0 101
a=rtpmap:8 pcma/8000
a=rtpmap:0 pcmu/8000
a=rtpmap:101 telephone-event/8000
a=fmtp:101 0-15

15078 [] INFO  DriverImpl - MediaSession11 MediaGroup15 Receive signal called
15578 [] DEBUG TestBase - getProperty(testcase.dtmf1-9) = file:///home/kulikov/jsr-309-tck/media/dtmfs-1-9.wav
16600 [] DEBUG PromptAndCollectTest - Waiting for event from Detector(mscontrol://127.0.0.1:2427/MediaSession11/MediaGroup15) (9s remaining)
17600 [] DEBUG PromptAndCollectTest - Waiting for event from Detector(mscontrol://127.0.0.1:2427/MediaSession11/MediaGroup15) (8s remaining)
18601 [] DEBUG PromptAndCollectTest - Waiting for event from Detector(mscontrol://127.0.0.1:2427/MediaSession11/MediaGroup15) (6s remaining)
19173 [] DEBUG PromptAndCollectTest - Detector(mscontrol://127.0.0.1:2427/MediaSession11/MediaGroup15) received: RECEIVE_SIGNALS_COMPLETED(RTC_TRIGGERED, signal=123)
19174 [] INFO  DriverImpl - MediaSession11 MediaGroup14 Releasing...
19475 [] INFO  DriverImpl - MediaSession11 MediaGroup15 Releasing...
19776 [] INFO  DriverImpl - MediaSession11 NetworkConnection12 Releasing....
20077 [] INFO  DriverImpl - MediaSession11 NetworkConnection13 Releasing....
20379 [] INFO  Runner - End      mandatory.functional.mediagroup.PromptAndCollectTest.test_2_1_10_3_Cancel
20380 [] INFO  Runner - Start    mandatory.functional.mediagroup.PromptAndCollectTest.test_2_1_10_4_CancelWithPrompt
20432 [] INFO  MediaSessionBase - getOffer: local SDP: v=0
o=- 1317106973356 1 IN IP4 127.0.0.1
s=Mobicents Media Server
c=IN IP4 127.0.0.1
t=0 0
m=audio 65492 RTP/AVP 8 0 101
a=rtpmap:8 pcma/8000
a=rtpmap:0 pcmu/8000
a=rtpmap:101 telephone-event/8000
a=fmtp:101 0-15

20432 [] INFO  MediaSessionBase - getOffer: stripped local SDP: v=0
o=- 1317106973356 1 IN IP4 127.0.0.1
s=Mobicents Media Server
c=IN IP4 127.0.0.1
t=0 0
m=audio 65492 RTP/AVP 8 0 101
a=rtpmap:8 pcma/8000
a=rtpmap:0 pcmu/8000
a=fmtp:101 0-15

20482 [] INFO  MediaSessionBase - getAnswer: local SDP: v=0
o=- 1317106973415 1 IN IP4 127.0.0.1
s=Mobicents Media Server
c=IN IP4 127.0.0.1
t=0 0
m=audio 65490 RTP/AVP 8 0 101
a=rtpmap:8 pcma/8000
a=rtpmap:0 pcmu/8000
a=rtpmap:101 telephone-event/8000
a=fmtp:101 0-15

20622 [] DEBUG TestBase - getProperty(testcase.promptfile) = file:///home/kulikov/jsr-309-tck/media/Numbers_1-15.wav
20623 [] INFO  DriverImpl - MediaSession16 MediaGroup20 Receive signal called
21123 [] DEBUG TestBase - getProperty(testcase.dtmf1-9) = file:///home/kulikov/jsr-309-tck/media/dtmfs-1-9.wav
22147 [] DEBUG PromptAndCollectTest - Waiting for event from Detector(mscontrol://127.0.0.1:2427/MediaSession16/MediaGroup20) (9s remaining)
23147 [] DEBUG PromptAndCollectTest - Waiting for event from Detector(mscontrol://127.0.0.1:2427/MediaSession16/MediaGroup20) (8s remaining)
24148 [] DEBUG PromptAndCollectTest - Waiting for event from Detector(mscontrol://127.0.0.1:2427/MediaSession16/MediaGroup20) (7s remaining)
24718 [] DEBUG PromptAndCollectTest - Detector(mscontrol://127.0.0.1:2427/MediaSession16/MediaGroup20) received: RECEIVE_SIGNALS_COMPLETED(RTC_TRIGGERED, signal=123)
24718 [] INFO  DriverImpl - MediaSession16 MediaGroup19 Releasing...
25019 [] INFO  DriverImpl - MediaSession16 MediaGroup20 Releasing...
25321 [] INFO  DriverImpl - MediaSession16 NetworkConnection17 Releasing....
25622 [] INFO  DriverImpl - MediaSession16 NetworkConnection18 Releasing....
25923 [] INFO  Runner - End      mandatory.functional.mediagroup.PromptAndCollectTest.test_2_1_10_4_CancelWithPrompt
25926 [] INFO  Runner - Start    mandatory.functional.mediagroup.PromptAndCollectTest.test_2_1_10_5_Cleardigits
25965 [] INFO  MediaSessionBase - getOffer: local SDP: v=0
o=- 1317106978905 1 IN IP4 127.0.0.1
s=Mobicents Media Server
c=IN IP4 127.0.0.1
t=0 0
m=audio 65488 RTP/AVP 8 0 101
a=rtpmap:8 pcma/8000
a=rtpmap:0 pcmu/8000
a=rtpmap:101 telephone-event/8000
a=fmtp:101 0-15

25966 [] INFO  MediaSessionBase - getOffer: stripped local SDP: v=0
o=- 1317106978905 1 IN IP4 127.0.0.1
s=Mobicents Media Server
c=IN IP4 127.0.0.1
t=0 0
m=audio 65488 RTP/AVP 8 0 101
a=rtpmap:8 pcma/8000
a=rtpmap:0 pcmu/8000
a=fmtp:101 0-15

26004 [] INFO  MediaSessionBase - getAnswer: local SDP: v=0
o=- 1317106978949 1 IN IP4 127.0.0.1
s=Mobicents Media Server
c=IN IP4 127.0.0.1
t=0 0
m=audio 65486 RTP/AVP 8 0 101
a=rtpmap:8 pcma/8000
a=rtpmap:0 pcmu/8000
a=rtpmap:101 telephone-event/8000
a=fmtp:101 0-15

26143 [] DEBUG TestBase - getProperty(testcase.dtmf1) = file:///home/kulikov/jsr-309-tck/media/dtmf-1.wav
26646 [] DEBUG PromptAndCollectTest - org.mobicents.javax.media.mscontrol.mediagroup.PlayerImpl@11db6bb received: org.mobicents.javax.media.mscontrol.mediagroup.PlayerEventImpl@1c7e2da
26646 [] DEBUG TestBase - getProperty(testcase.onesecondfile) = file:///home/kulikov/jsr-309-tck/media/cagocago-onesecond.wav
26647 [] INFO  DriverImpl - MediaSession21 MediaGroup25 Receive signal called
28148 [] DEBUG PromptAndCollectTest - Waiting for event from Detector(mscontrol://127.0.0.1:2427/MediaSession21/MediaGroup25) (2s remaining)
29148 [] DEBUG PromptAndCollectTest - Waiting for event from Detector(mscontrol://127.0.0.1:2427/MediaSession21/MediaGroup25) (0s remaining)
30148 [] DEBUG TestBase - getProperty(testcase.dtmf1-9) = file:///home/kulikov/jsr-309-tck/media/dtmfs-1-9.wav
31165 [] DEBUG PromptAndCollectTest - Waiting for event from Detector(mscontrol://127.0.0.1:2427/MediaSession21/MediaGroup25) (4s remaining)
32166 [] DEBUG PromptAndCollectTest - Waiting for event from Detector(mscontrol://127.0.0.1:2427/MediaSession21/MediaGroup25) (3s remaining)
32291 [] DEBUG PromptAndCollectTest - Detector(mscontrol://127.0.0.1:2427/MediaSession21/MediaGroup25) received: RECEIVE_SIGNALS_COMPLETED(NUM_SIGNALS_DETECTED, signal=11)
32333 [] INFO  MediaSessionBase - getOffer: local SDP: v=0
o=- 1317106985267 1 IN IP4 127.0.0.1
s=Mobicents Media Server
c=IN IP4 127.0.0.1
t=0 0
m=audio 65484 RTP/AVP 8 0 101
a=rtpmap:8 pcma/8000
a=rtpmap:0 pcmu/8000
a=rtpmap:101 telephone-event/8000
a=fmtp:101 0-15

32334 [] INFO  MediaSessionBase - getOffer: stripped local SDP: v=0
o=- 1317106985267 1 IN IP4 127.0.0.1
s=Mobicents Media Server
c=IN IP4 127.0.0.1
t=0 0
m=audio 65484 RTP/AVP 8 0 101
a=rtpmap:8 pcma/8000
a=rtpmap:0 pcmu/8000
a=fmtp:101 0-15

32374 [] INFO  MediaSessionBase - getAnswer: local SDP: v=0
o=- 1317106985317 1 IN IP4 127.0.0.1
s=Mobicents Media Server
c=IN IP4 127.0.0.1
t=0 0
m=audio 65482 RTP/AVP 8 0 101
a=rtpmap:8 pcma/8000
a=rtpmap:0 pcmu/8000
a=rtpmap:101 telephone-event/8000
a=fmtp:101 0-15

32512 [] DEBUG TestBase - getProperty(testcase.dtmf1) = file:///home/kulikov/jsr-309-tck/media/dtmf-1.wav
33015 [] DEBUG PromptAndCollectTest - org.mobicents.javax.media.mscontrol.mediagroup.PlayerImpl@1077fc9 received: org.mobicents.javax.media.mscontrol.mediagroup.PlayerEventImpl@1568fb5
33015 [] DEBUG TestBase - getProperty(testcase.onesecondfile) = file:///home/kulikov/jsr-309-tck/media/cagocago-onesecond.wav
33016 [] INFO  DriverImpl - MediaSession21 MediaGroup29 Receive signal called
34517 [] DEBUG PromptAndCollectTest - Waiting for event from Detector(mscontrol://127.0.0.1:2427/MediaSession21/MediaGroup29) (2s remaining)
35517 [] DEBUG PromptAndCollectTest - Waiting for event from Detector(mscontrol://127.0.0.1:2427/MediaSession21/MediaGroup29) (1s remaining)
36518 [] DEBUG TestBase - getProperty(testcase.dtmf1-9) = file:///home/kulikov/jsr-309-tck/media/dtmfs-1-9.wav
37531 [] DEBUG PromptAndCollectTest - Waiting for event from Detector(mscontrol://127.0.0.1:2427/MediaSession21/MediaGroup29) (4s remaining)
37537 [] DEBUG PromptAndCollectTest - org.mobicents.javax.media.mscontrol.mediagroup.PlayerImpl@11db6bb received: org.mobicents.javax.media.mscontrol.mediagroup.PlayerEventImpl@1dccedd
38531 [] DEBUG PromptAndCollectTest - Waiting for event from Detector(mscontrol://127.0.0.1:2427/MediaSession21/MediaGroup29) (3s remaining)
39381 [] DEBUG PromptAndCollectTest - Detector(mscontrol://127.0.0.1:2427/MediaSession21/MediaGroup29) received: RECEIVE_SIGNALS_COMPLETED(NUM_SIGNALS_DETECTED, signal=12)
39381 [] INFO  DriverImpl - MediaSession21 MediaGroup24 Releasing...
39683 [] INFO  DriverImpl - MediaSession21 MediaGroup25 Releasing...
39984 [] INFO  DriverImpl - MediaSession21 MediaGroup28 Releasing...
40006 [] DEBUG PromptAndCollectTest - org.mobicents.javax.media.mscontrol.mediagroup.PlayerImpl@1077fc9 received: org.mobicents.javax.media.mscontrol.mediagroup.PlayerEventImpl@70be88
40285 [] INFO  DriverImpl - MediaSession21 MediaGroup29 Releasing...
40586 [] INFO  DriverImpl - MediaSession21 NetworkConnection22 Releasing....
40888 [] INFO  DriverImpl - MediaSession21 NetworkConnection23 Releasing....
41189 [] INFO  DriverImpl - MediaSession21 NetworkConnection26 Releasing....
41490 [] INFO  DriverImpl - MediaSession21 NetworkConnection27 Releasing....
41791 [] INFO  Runner - End      mandatory.functional.mediagroup.PromptAndCollectTest.test_2_1_10_5_Cleardigits
]]></system-out>

      <system-err><![CDATA[]]></system-err>

  </testsuite>
  <testsuite errors="0" failures="5" hostname="kulikov.mobicents.org" id="7" name="PromptAndRecordTest" package="com.hp.opencall.jmsc.test.mandatory.functional.mediagroup" tests="11" time="78.919" timestamp="2011-09-27T07:03:15">
      <properties>
[...]
</properties>

      <testcase classname="com.hp.opencall.jmsc.test.mandatory.functional.mediagroup.PromptAndRecordTest" name="test_2_1_9_1_PROMPT" time="3.88" />

      <testcase classname="com.hp.opencall.jmsc.test.mandatory.functional.mediagroup.PromptAndRecordTest" name="test_2_1_9_2_Prompt_BargeIn" time="20.251">
          <failure message="Timed out waiting for event from org.mobicents.javax.media.mscontrol.mediagroup.RecorderImpl@1d8c528, after 10seconds" type="junit.framework.AssertionFailedError">junit.framework.AssertionFailedError: Timed out waiting for event from org.mobicents.javax.media.mscontrol.mediagroup.RecorderImpl@1d8c528, after 10seconds
	at com.hp.opencall.jmsc.test.TestBase$EventWaiter.waitInternal(TestBase.java:255)
	at com.hp.opencall.jmsc.test.TestBase$EventWaiter.waitForOKEvent(TestBase.java:303)
	at com.hp.opencall.jmsc.test.mandatory.functional.mediagroup.PromptAndRecordTest.test_2_1_9_2_Prompt_BargeIn(PromptAndRecordTest.java:193)
	at com.hp.opencall.jmsc.test.TestBase.runBare(TestBase.java:437)
</failure>

      </testcase>

      <testcase classname="com.hp.opencall.jmsc.test.mandatory.functional.mediagroup.PromptAndRecordTest" name="test_2_1_9_3_CANCEL" time="5.793">
          <failure message="Bad record completion qualifier:  expected:&lt;RTC_TRIGGERED&gt; but was:&lt;SILENCE&gt;" type="junit.framework.AssertionFailedError">junit.framework.AssertionFailedError: Bad record completion qualifier:  expected:&lt;RTC_TRIGGERED&gt; but was:&lt;SILENCE&gt;
	at com.hp.opencall.jmsc.test.mandatory.functional.mediagroup.PromptAndRecordTest.recordWithRTC(PromptAndRecordTest.java:236)
	at com.hp.opencall.jmsc.test.mandatory.functional.mediagroup.PromptAndRecordTest.test_2_1_9_3_CANCEL(PromptAndRecordTest.java:261)
	at com.hp.opencall.jmsc.test.TestBase.runBare(TestBase.java:437)
</failure>

      </testcase>

      <testcase classname="com.hp.opencall.jmsc.test.mandatory.functional.mediagroup.PromptAndRecordTest" name="test_2_1_9_4_NoCancelWrongDTMF" time="8.758" />

      <testcase classname="com.hp.opencall.jmsc.test.mandatory.functional.mediagroup.PromptAndRecordTest" name="test_2_1_9_5_CancelWithPrompt" time="3.137" />

      <testcase classname="com.hp.opencall.jmsc.test.mandatory.functional.mediagroup.PromptAndRecordTest" name="test_2_1_9_6_SingleReturnKey" time="3.117" />

      <testcase classname="com.hp.opencall.jmsc.test.mandatory.functional.mediagroup.PromptAndRecordTest" name="test_2_1_9_7_MultipleReturnKeys" time="5.937">
          <failure message="Timed out waiting for event from org.mobicents.javax.media.mscontrol.mediagroup.RecorderImpl@2f729e, after 3seconds" type="junit.framework.AssertionFailedError">junit.framework.AssertionFailedError: Timed out waiting for event from org.mobicents.javax.media.mscontrol.mediagroup.RecorderImpl@2f729e, after 3seconds
	at com.hp.opencall.jmsc.test.TestBase$EventWaiter.waitInternal(TestBase.java:255)
	at com.hp.opencall.jmsc.test.TestBase$EventWaiter.waitForOKEvent(TestBase.java:303)
	at com.hp.opencall.jmsc.test.mandatory.functional.mediagroup.PromptAndRecordTest.recordWithRTC(PromptAndRecordTest.java:235)
	at com.hp.opencall.jmsc.test.mandatory.functional.mediagroup.PromptAndRecordTest.test_2_1_9_7_MultipleReturnKeys(PromptAndRecordTest.java:305)
	at com.hp.opencall.jmsc.test.TestBase.runBare(TestBase.java:437)
</failure>

      </testcase>

      <testcase classname="com.hp.opencall.jmsc.test.mandatory.functional.mediagroup.PromptAndRecordTest" name="test_2_1_9_8_NonMatchingReturnKey" time="10.932">
          <failure message="Timed out waiting for event from org.mobicents.javax.media.mscontrol.mediagroup.RecorderImpl@1a99347, after 8seconds" type="junit.framework.AssertionFailedError">junit.framework.AssertionFailedError: Timed out waiting for event from org.mobicents.javax.media.mscontrol.mediagroup.RecorderImpl@1a99347, after 8seconds
	at com.hp.opencall.jmsc.test.TestBase$EventWaiter.waitInternal(TestBase.java:255)
	at com.hp.opencall.jmsc.test.TestBase$EventWaiter.waitForOKEvent(TestBase.java:303)
	at com.hp.opencall.jmsc.test.mandatory.functional.mediagroup.PromptAndRecordTest.recordWithRTC(PromptAndRecordTest.java:239)
	at com.hp.opencall.jmsc.test.mandatory.functional.mediagroup.PromptAndRecordTest.test_2_1_9_8_NonMatchingReturnKey(PromptAndRecordTest.java:313)
	at com.hp.opencall.jmsc.test.TestBase.runBare(TestBase.java:437)
</failure>

      </testcase>

      <testcase classname="com.hp.opencall.jmsc.test.mandatory.functional.mediagroup.PromptAndRecordTest" name="test_2_1_9_9_NoReturnKey" time="11.814" />

      <testcase classname="com.hp.opencall.jmsc.test.mandatory.functional.mediagroup.PromptAndRecordTest" name="test_2_1_9_10_AnyReturnKey" time="3.129" />

      <testcase classname="com.hp.opencall.jmsc.test.mandatory.functional.mediagroup.PromptAndRecordTest" name="test_2_1_9_11_Cleardigits" time="2.151">
          <failure message="Unexpected event from org.mobicents.javax.media.mscontrol.mediagroup.RecorderImpl@1284fd4: org.mobicents.javax.media.mscontrol.mediagroup.RecorderEventImpl@190ef12" type="junit.framework.AssertionFailedError">junit.framework.AssertionFailedError: Unexpected event from org.mobicents.javax.media.mscontrol.mediagroup.RecorderImpl@1284fd4: org.mobicents.javax.media.mscontrol.mediagroup.RecorderEventImpl@190ef12
	at com.hp.opencall.jmsc.test.TestBase$EventWaiter.failIfEvent(TestBase.java:284)
	at com.hp.opencall.jmsc.test.mandatory.functional.mediagroup.PromptAndRecordTest.cleardigitsTest(PromptAndRecordTest.java:365)
	at com.hp.opencall.jmsc.test.mandatory.functional.mediagroup.PromptAndRecordTest.test_2_1_9_11_Cleardigits(PromptAndRecordTest.java:394)
	at com.hp.opencall.jmsc.test.TestBase.runBare(TestBase.java:437)
</failure>

      </testcase>

      <system-out><![CDATA[11:03:15,620 INFO  [Runner] Start    mandatory.functional.mediagroup.PromptAndRecordTest.test_2_1_9_1_PROMPT javadoc::Recorder::26
11:03:15,635 INFO  [DriverImpl] Initializing MGCP on /127.0.0.1:2729
11:03:15,641 ERROR [JainMgcpStackImpl] Failed to locate properties file, using default values
11:03:15,647 INFO  [JainMgcpStackImpl] Jain Mgcp stack bound to IP /127.0.0.1 and UDP port 2729
Jain Mgcp stack bound to IP /127.0.0.1 and UDP port 2729
71   [] DEBUG TestBase - log4j configured
72   [] DEBUG TestBase - Loading file:/home/kulikov/jsr-309-tck/TCK.properties
212  [] INFO  MediaSessionBase - getOffer: local SDP: v=0
o=- 1317106995761 1 IN IP4 127.0.0.1
s=Mobicents Media Server
c=IN IP4 127.0.0.1
t=0 0
m=audio 65480 RTP/AVP 8 0 101
a=rtpmap:8 pcma/8000
a=rtpmap:0 pcmu/8000
a=rtpmap:101 telephone-event/8000
a=fmtp:101 0-15

212  [] INFO  MediaSessionBase - getOffer: stripped local SDP: v=0
o=- 1317106995761 1 IN IP4 127.0.0.1
s=Mobicents Media Server
c=IN IP4 127.0.0.1
t=0 0
m=audio 65480 RTP/AVP 8 0 101
a=rtpmap:8 pcma/8000
a=rtpmap:0 pcmu/8000
a=fmtp:101 0-15

253  [] INFO  MediaSessionBase - getAnswer: local SDP: v=0
o=- 1317106995848 1 IN IP4 127.0.0.1
s=Mobicents Media Server
c=IN IP4 127.0.0.1
t=0 0
m=audio 65478 RTP/AVP 8 0 101
a=rtpmap:8 pcma/8000
a=rtpmap:0 pcmu/8000
a=rtpmap:101 telephone-event/8000
a=fmtp:101 0-15

432  [] INFO  DriverImpl - MediaSession1 MediaGroup4 Receive signal called
945  [] DEBUG TestBase - getProperty(testcase.dtmf1) = file:///home/kulikov/jsr-309-tck/media/dtmf-1.wav
945  [] DEBUG TestBase - getProperty(testcase.recordedfile) = file:///home/kulikov/jsr-309-tck/media/recorded.wav
1947 [] DEBUG PromptAndRecordTest - Waiting for event from Detector(mscontrol://127.0.0.1:2427/MediaSession1/MediaGroup4) (4s remaining)
2645 [] DEBUG PromptAndRecordTest - Detector(mscontrol://127.0.0.1:2427/MediaSession1/MediaGroup4) received: RECEIVE_SIGNALS_COMPLETED(NUM_SIGNALS_DETECTED, signal=1)
2646 [] INFO  DriverImpl - MediaSession1 MediaGroup4 Releasing...
2951 [] INFO  DriverImpl - MediaSession1 MediaGroup5 Releasing...
3252 [] INFO  DriverImpl - MediaSession1 NetworkConnection2 Releasing....
3555 [] INFO  DriverImpl - MediaSession1 NetworkConnection3 Releasing....
3856 [] INFO  Runner - End      mandatory.functional.mediagroup.PromptAndRecordTest.test_2_1_9_1_PROMPT
3859 [] INFO  Runner - Start    mandatory.functional.mediagroup.PromptAndRecordTest.test_2_1_9_2_Prompt_BargeIn javadoc::MediaGroup::12 javadoc::SignalDetector::27
3895 [] INFO  MediaSessionBase - getOffer: local SDP: v=0
o=- 1317106999492 1 IN IP4 127.0.0.1
s=Mobicents Media Server
c=IN IP4 127.0.0.1
t=0 0
m=audio 65476 RTP/AVP 8 0 101
a=rtpmap:8 pcma/8000
a=rtpmap:0 pcmu/8000
a=rtpmap:101 telephone-event/8000
a=fmtp:101 0-15

3895 [] INFO  MediaSessionBase - getOffer: stripped local SDP: v=0
o=- 1317106999492 1 IN IP4 127.0.0.1
s=Mobicents Media Server
c=IN IP4 127.0.0.1
t=0 0
m=audio 65476 RTP/AVP 8 0 101
a=rtpmap:8 pcma/8000
a=rtpmap:0 pcmu/8000
a=fmtp:101 0-15

3936 [] INFO  MediaSessionBase - getAnswer: local SDP: v=0
o=- 1317106999534 1 IN IP4 127.0.0.1
s=Mobicents Media Server
c=IN IP4 127.0.0.1
t=0 0
m=audio 65474 RTP/AVP 8 0 101
a=rtpmap:8 pcma/8000
a=rtpmap:0 pcmu/8000
a=rtpmap:101 telephone-event/8000
a=fmtp:101 0-15

4074 [] INFO  PromptAndRecordTest - test_2_1_9_2_Prompt_BargeIn: step 1: barge-in disabled
4074 [] DEBUG TestBase - getProperty(testcase.bargein.prompt) = file:///home/kulikov/jsr-309-tck/media/cago-dtmf2.wav
4074 [] DEBUG TestBase - getProperty(testcase.recordedfile) = file:///home/kulikov/jsr-309-tck/media/recorded.wav
5076 [] DEBUG TestBase - getProperty(testcase.dtmf1) = file:///home/kulikov/jsr-309-tck/media/dtmf-1.wav
5583 [] DEBUG PromptAndRecordTest - org.mobicents.javax.media.mscontrol.mediagroup.PlayerImpl@186d484 received: org.mobicents.javax.media.mscontrol.mediagroup.PlayerEventImpl@ea48be
5584 [] DEBUG TestBase - getProperty(testcase.onesecondfile) = file:///home/kulikov/jsr-309-tck/media/cagocago-onesecond.wav
6600 [] DEBUG PromptAndRecordTest - Waiting for event from org.mobicents.javax.media.mscontrol.mediagroup.PlayerImpl@186d484 (2s remaining)
6608 [] DEBUG PromptAndRecordTest - org.mobicents.javax.media.mscontrol.mediagroup.PlayerImpl@186d484 received: org.mobicents.javax.media.mscontrol.mediagroup.PlayerEventImpl@17a1767
6609 [] INFO  DriverImpl - MediaSession6 MediaGroup9 Receive signal called
8110 [] DEBUG PromptAndRecordTest - Waiting for event from Detector(mscontrol://127.0.0.1:2427/MediaSession6/MediaGroup9) (4s remaining)
9111 [] DEBUG PromptAndRecordTest - Waiting for event from Detector(mscontrol://127.0.0.1:2427/MediaSession6/MediaGroup9) (3s remaining)
9836 [] DEBUG PromptAndRecordTest - Detector(mscontrol://127.0.0.1:2427/MediaSession6/MediaGroup9) received: RECEIVE_SIGNALS_COMPLETED(NUM_SIGNALS_DETECTED, signal=2)
9861 [] DEBUG PromptAndRecordTest - org.mobicents.javax.media.mscontrol.mediagroup.RecorderImpl@1d8c528 received: org.mobicents.javax.media.mscontrol.mediagroup.RecorderEventImpl@112e7f7
9861 [] INFO  PromptAndRecordTest - test_2_1_9_2_Prompt_BargeIn: step 2: barge-in enabled
9861 [] DEBUG TestBase - getProperty(testcase.recordedfile) = file:///home/kulikov/jsr-309-tck/media/recorded.wav
-------------------------------------
triggers=1
Trigger = SD_SIGNAL_DETECTED
10862 [] DEBUG TestBase - getProperty(testcase.dtmf1) = file:///home/kulikov/jsr-309-tck/media/dtmf-1.wav
11366 [] DEBUG PromptAndRecordTest - org.mobicents.javax.media.mscontrol.mediagroup.PlayerImpl@186d484 received: org.mobicents.javax.media.mscontrol.mediagroup.PlayerEventImpl@1a8773c
11366 [] DEBUG TestBase - getProperty(testcase.onesecondfile) = file:///home/kulikov/jsr-309-tck/media/cagocago-onesecond.wav
12385 [] DEBUG PromptAndRecordTest - Waiting for event from org.mobicents.javax.media.mscontrol.mediagroup.PlayerImpl@186d484 (2s remaining)
12392 [] DEBUG PromptAndRecordTest - org.mobicents.javax.media.mscontrol.mediagroup.PlayerImpl@186d484 received: org.mobicents.javax.media.mscontrol.mediagroup.PlayerEventImpl@1328c7a
12393 [] INFO  DriverImpl - MediaSession6 MediaGroup9 Receive signal called
13893 [] DEBUG PromptAndRecordTest - Waiting for event from org.mobicents.javax.media.mscontrol.mediagroup.RecorderImpl@1d8c528 (9s remaining)
14894 [] DEBUG PromptAndRecordTest - Waiting for event from org.mobicents.javax.media.mscontrol.mediagroup.RecorderImpl@1d8c528 (7s remaining)
15894 [] DEBUG PromptAndRecordTest - Waiting for event from org.mobicents.javax.media.mscontrol.mediagroup.RecorderImpl@1d8c528 (6s remaining)
16894 [] DEBUG PromptAndRecordTest - Waiting for event from org.mobicents.javax.media.mscontrol.mediagroup.RecorderImpl@1d8c528 (5s remaining)
17894 [] DEBUG PromptAndRecordTest - Waiting for event from org.mobicents.javax.media.mscontrol.mediagroup.RecorderImpl@1d8c528 (4s remaining)
18895 [] DEBUG PromptAndRecordTest - Waiting for event from org.mobicents.javax.media.mscontrol.mediagroup.RecorderImpl@1d8c528 (3s remaining)
19895 [] DEBUG PromptAndRecordTest - Waiting for event from org.mobicents.javax.media.mscontrol.mediagroup.RecorderImpl@1d8c528 (2s remaining)
20895 [] DEBUG PromptAndRecordTest - Waiting for event from org.mobicents.javax.media.mscontrol.mediagroup.RecorderImpl@1d8c528 (1s remaining)
21896 [] DEBUG PromptAndRecordTest - Waiting for event from org.mobicents.javax.media.mscontrol.mediagroup.RecorderImpl@1d8c528 (0s remaining)
22897 [] INFO  DriverImpl - MediaSession6 MediaGroup9 Releasing...
23198 [] INFO  DriverImpl - MediaSession6 MediaGroup10 Releasing...
23499 [] INFO  DriverImpl - MediaSession6 NetworkConnection7 Releasing....
23800 [] INFO  DriverImpl - MediaSession6 NetworkConnection8 Releasing....
24111 [] INFO  Runner - Start    mandatory.functional.mediagroup.PromptAndRecordTest.test_2_1_9_3_CANCEL javadoc::Recorder::30
24159 [] INFO  MediaSessionBase - getOffer: local SDP: v=0
o=- 1317107019744 1 IN IP4 127.0.0.1
s=Mobicents Media Server
c=IN IP4 127.0.0.1
t=0 0
m=audio 65472 RTP/AVP 8 0 101
a=rtpmap:8 pcma/8000
a=rtpmap:0 pcmu/8000
a=rtpmap:101 telephone-event/8000
a=fmtp:101 0-15

24160 [] INFO  MediaSessionBase - getOffer: stripped local SDP: v=0
o=- 1317107019744 1 IN IP4 127.0.0.1
s=Mobicents Media Server
c=IN IP4 127.0.0.1
t=0 0
m=audio 65472 RTP/AVP 8 0 101
a=rtpmap:8 pcma/8000
a=rtpmap:0 pcmu/8000
a=fmtp:101 0-15

24198 [] INFO  MediaSessionBase - getAnswer: local SDP: v=0
o=- 1317107019797 1 IN IP4 127.0.0.1
s=Mobicents Media Server
c=IN IP4 127.0.0.1
t=0 0
m=audio 65470 RTP/AVP 8 0 101
a=rtpmap:8 pcma/8000
a=rtpmap:0 pcmu/8000
a=rtpmap:101 telephone-event/8000
a=fmtp:101 0-15

24339 [] DEBUG TestBase - getProperty(testcase.recordedfile) = file:///home/kulikov/jsr-309-tck/media/recorded.wav
-------------------------------------
triggers=1
Trigger = SD_PATTERN_0
25341 [] DEBUG TestBase - getProperty(testcase.dtmf1) = file:///home/kulikov/jsr-309-tck/media/dtmf-1.wav
26361 [] DEBUG PromptAndRecordTest - Waiting for event from org.mobicents.javax.media.mscontrol.mediagroup.PlayerImpl@7a4489 (2s remaining)
26747 [] DEBUG PromptAndRecordTest - org.mobicents.javax.media.mscontrol.mediagroup.PlayerImpl@7a4489 received: org.mobicents.javax.media.mscontrol.mediagroup.PlayerEventImpl@1ba94d
27748 [] DEBUG PromptAndRecordTest - Waiting for event from org.mobicents.javax.media.mscontrol.mediagroup.RecorderImpl@1e9c82e (2s remaining)
28696 [] DEBUG PromptAndRecordTest - org.mobicents.javax.media.mscontrol.mediagroup.RecorderImpl@1e9c82e received: org.mobicents.javax.media.mscontrol.mediagroup.RecorderEventImpl@a83a13
28697 [] INFO  DriverImpl - MediaSession11 MediaGroup14 Releasing...
28998 [] INFO  DriverImpl - MediaSession11 MediaGroup15 Releasing...
29300 [] INFO  DriverImpl - MediaSession11 NetworkConnection12 Releasing....
29601 [] INFO  DriverImpl - MediaSession11 NetworkConnection13 Releasing....
29906 [] INFO  Runner - Start    mandatory.functional.mediagroup.PromptAndRecordTest.test_2_1_9_4_NoCancelWrongDTMF
29951 [] INFO  MediaSessionBase - getOffer: local SDP: v=0
o=- 1317107025538 1 IN IP4 127.0.0.1
s=Mobicents Media Server
c=IN IP4 127.0.0.1
t=0 0
m=audio 65468 RTP/AVP 8 0 101
a=rtpmap:8 pcma/8000
a=rtpmap:0 pcmu/8000
a=rtpmap:101 telephone-event/8000
a=fmtp:101 0-15

29952 [] INFO  MediaSessionBase - getOffer: stripped local SDP: v=0
o=- 1317107025538 1 IN IP4 127.0.0.1
s=Mobicents Media Server
c=IN IP4 127.0.0.1
t=0 0
m=audio 65468 RTP/AVP 8 0 101
a=rtpmap:8 pcma/8000
a=rtpmap:0 pcmu/8000
a=fmtp:101 0-15

30001 [] INFO  MediaSessionBase - getAnswer: local SDP: v=0
o=- 1317107025588 1 IN IP4 127.0.0.1
s=Mobicents Media Server
c=IN IP4 127.0.0.1
t=0 0
m=audio 65466 RTP/AVP 8 0 101
a=rtpmap:8 pcma/8000
a=rtpmap:0 pcmu/8000
a=rtpmap:101 telephone-event/8000
a=fmtp:101 0-15

30140 [] DEBUG TestBase - getProperty(testcase.recordedfile) = file:///home/kulikov/jsr-309-tck/media/recorded.wav
-------------------------------------
triggers=1
Trigger = SD_PATTERN_0
31141 [] DEBUG TestBase - getProperty(testcase.dtmf1) = file:///home/kulikov/jsr-309-tck/media/dtmf-1.wav
31644 [] DEBUG PromptAndRecordTest - org.mobicents.javax.media.mscontrol.mediagroup.PlayerImpl@10e35d5 received: org.mobicents.javax.media.mscontrol.mediagroup.PlayerEventImpl@1f03691
32645 [] DEBUG PromptAndRecordTest - Waiting for event from org.mobicents.javax.media.mscontrol.mediagroup.RecorderImpl@d3c65d (7s remaining)
33645 [] DEBUG PromptAndRecordTest - Waiting for event from org.mobicents.javax.media.mscontrol.mediagroup.RecorderImpl@d3c65d (6s remaining)
34646 [] DEBUG PromptAndRecordTest - Waiting for event from org.mobicents.javax.media.mscontrol.mediagroup.RecorderImpl@d3c65d (4s remaining)
35646 [] DEBUG PromptAndRecordTest - Waiting for event from org.mobicents.javax.media.mscontrol.mediagroup.RecorderImpl@d3c65d (3s remaining)
36646 [] DEBUG PromptAndRecordTest - Waiting for event from org.mobicents.javax.media.mscontrol.mediagroup.RecorderImpl@d3c65d (2s remaining)
37458 [] DEBUG PromptAndRecordTest - org.mobicents.javax.media.mscontrol.mediagroup.RecorderImpl@d3c65d received: org.mobicents.javax.media.mscontrol.mediagroup.RecorderEventImpl@139e351
37458 [] INFO  DriverImpl - MediaSession16 MediaGroup19 Releasing...
37760 [] INFO  DriverImpl - MediaSession16 MediaGroup20 Releasing...
38061 [] INFO  DriverImpl - MediaSession16 NetworkConnection17 Releasing....
38362 [] INFO  DriverImpl - MediaSession16 NetworkConnection18 Releasing....
38663 [] INFO  Runner - End      mandatory.functional.mediagroup.PromptAndRecordTest.test_2_1_9_4_NoCancelWrongDTMF
38665 [] INFO  Runner - Start    mandatory.functional.mediagroup.PromptAndRecordTest.test_2_1_9_5_CancelWithPrompt
38665 [] DEBUG TestBase - getProperty(testcase.promptfile) = file:///home/kulikov/jsr-309-tck/media/Numbers_1-15.wav
38708 [] INFO  MediaSessionBase - getOffer: local SDP: v=0
o=- 1317107034297 1 IN IP4 127.0.0.1
s=Mobicents Media Server
c=IN IP4 127.0.0.1
t=0 0
m=audio 65464 RTP/AVP 8 0 101
a=rtpmap:8 pcma/8000
a=rtpmap:0 pcmu/8000
a=rtpmap:101 telephone-event/8000
a=fmtp:101 0-15

38708 [] INFO  MediaSessionBase - getOffer: stripped local SDP: v=0
o=- 1317107034297 1 IN IP4 127.0.0.1
s=Mobicents Media Server
c=IN IP4 127.0.0.1
t=0 0
m=audio 65464 RTP/AVP 8 0 101
a=rtpmap:8 pcma/8000
a=rtpmap:0 pcmu/8000
a=fmtp:101 0-15

38747 [] INFO  MediaSessionBase - getAnswer: local SDP: v=0
o=- 1317107034346 1 IN IP4 127.0.0.1
s=Mobicents Media Server
c=IN IP4 127.0.0.1
t=0 0
m=audio 65462 RTP/AVP 8 0 101
a=rtpmap:8 pcma/8000
a=rtpmap:0 pcmu/8000
a=rtpmap:101 telephone-event/8000
a=fmtp:101 0-15

38887 [] DEBUG TestBase - getProperty(testcase.recordedfile) = file:///home/kulikov/jsr-309-tck/media/recorded.wav
-------------------------------------
triggers=2
Trigger = SD_PATTERN_0
Trigger = SD_SIGNAL_DETECTED
39888 [] DEBUG TestBase - getProperty(testcase.dtmf1) = file:///home/kulikov/jsr-309-tck/media/dtmf-1.wav
40394 [] DEBUG PromptAndRecordTest - org.mobicents.javax.media.mscontrol.mediagroup.PlayerImpl@23f1bb received: org.mobicents.javax.media.mscontrol.mediagroup.PlayerEventImpl@1d33a6b
40595 [] DEBUG PromptAndRecordTest - org.mobicents.javax.media.mscontrol.mediagroup.RecorderImpl@1712651 received: org.mobicents.javax.media.mscontrol.mediagroup.RecorderEventImpl@15983b7
40596 [] INFO  DriverImpl - MediaSession21 MediaGroup24 Releasing...
40897 [] INFO  DriverImpl - MediaSession21 MediaGroup25 Releasing...
41198 [] INFO  DriverImpl - MediaSession21 NetworkConnection22 Releasing....
41499 [] INFO  DriverImpl - MediaSession21 NetworkConnection23 Releasing....
41800 [] INFO  Runner - End      mandatory.functional.mediagroup.PromptAndRecordTest.test_2_1_9_5_CancelWithPrompt
41801 [] INFO  Runner - Start    mandatory.functional.mediagroup.PromptAndRecordTest.test_2_1_9_6_SingleReturnKey
41846 [] INFO  MediaSessionBase - getOffer: local SDP: v=0
o=- 1317107037434 1 IN IP4 127.0.0.1
s=Mobicents Media Server
c=IN IP4 127.0.0.1
t=0 0
m=audio 65460 RTP/AVP 8 0 101
a=rtpmap:8 pcma/8000
a=rtpmap:0 pcmu/8000
a=rtpmap:101 telephone-event/8000
a=fmtp:101 0-15

41847 [] INFO  MediaSessionBase - getOffer: stripped local SDP: v=0
o=- 1317107037434 1 IN IP4 127.0.0.1
s=Mobicents Media Server
c=IN IP4 127.0.0.1
t=0 0
m=audio 65460 RTP/AVP 8 0 101
a=rtpmap:8 pcma/8000
a=rtpmap:0 pcmu/8000
a=fmtp:101 0-15

[...]
33288 [] DEBUG PlayerRobustnessTest - Waiting for event from org.mobicents.javax.media.mscontrol.mediagroup.PlayerImpl@61736e (28s remaining)
34289 [] DEBUG PlayerRobustnessTest - Waiting for event from org.mobicents.javax.media.mscontrol.mediagroup.PlayerImpl@61736e (27s remaining)
35289 [] DEBUG PlayerRobustnessTest - Waiting for event from org.mobicents.javax.media.mscontrol.mediagroup.PlayerImpl@61736e (26s remaining)
36289 [] DEBUG PlayerRobustnessTest - Waiting for event from org.mobicents.javax.media.mscontrol.mediagroup.PlayerImpl@61736e (25s remaining)
37289 [] DEBUG PlayerRobustnessTest - Waiting for event from org.mobicents.javax.media.mscontrol.mediagroup.PlayerImpl@61736e (24s remaining)
38290 [] DEBUG PlayerRobustnessTest - Waiting for event from org.mobicents.javax.media.mscontrol.mediagroup.PlayerImpl@61736e (23s remaining)
39290 [] DEBUG PlayerRobustnessTest - Waiting for event from org.mobicents.javax.media.mscontrol.mediagroup.PlayerImpl@61736e (22s remaining)
40290 [] DEBUG PlayerRobustnessTest - Waiting for event from org.mobicents.javax.media.mscontrol.mediagroup.PlayerImpl@61736e (21s remaining)
41290 [] DEBUG PlayerRobustnessTest - Waiting for event from org.mobicents.javax.media.mscontrol.mediagroup.PlayerImpl@61736e (20s remaining)
42291 [] DEBUG PlayerRobustnessTest - Waiting for event from org.mobicents.javax.media.mscontrol.mediagroup.PlayerImpl@61736e (19s remaining)
43291 [] DEBUG PlayerRobustnessTest - Waiting for event from org.mobicents.javax.media.mscontrol.mediagroup.PlayerImpl@61736e (18s remaining)
44291 [] DEBUG PlayerRobustnessTest - Waiting for event from org.mobicents.javax.media.mscontrol.mediagroup.PlayerImpl@61736e (17s remaining)
45291 [] DEBUG PlayerRobustnessTest - Waiting for event from org.mobicents.javax.media.mscontrol.mediagroup.PlayerImpl@61736e (16s remaining)
46292 [] DEBUG PlayerRobustnessTest - Waiting for event from org.mobicents.javax.media.mscontrol.mediagroup.PlayerImpl@61736e (15s remaining)
46304 [] DEBUG PlayerRobustnessTest - org.mobicents.javax.media.mscontrol.mediagroup.PlayerImpl@61736e received: org.mobicents.javax.media.mscontrol.mediagroup.PlayerEventImpl@174219d
46304 [] INFO  PlayerRobustnessTest - Measured play duration is acceptable: expected: 15032ms - actual: 15035ms
46305 [] INFO  DriverImpl - MediaSession4 MediaGroup6 Releasing...
46605 [] INFO  DriverImpl - MediaSession4 MediaGroup8 Releasing...
46905 [] INFO  DriverImpl - MediaSession4 NetworkConnection5 Releasing....
47208 [] INFO  DriverImpl - MediaSession4 NetworkConnection7 Releasing....
47510 [] INFO  Runner - End      mandatory.robustness.mediagroup.PlayerRobustnessTest.test_2_2_1_2_Player_Invalid_Maxduration
47511 [] INFO  Runner - Start    mandatory.robustness.mediagroup.PlayerRobustnessTest.test_2_2_1_3_Player_Invalid_StartOffset
47513 [] DEBUG TestBase - getProperty(testcase.sipphoneSDP) = v=0
o=acomment 123456 654321 IN IP4 127.0.0.1
t=0 0
m=audio 1234 RTP/AVP  0 101 
c=IN IP4 127.0.0.1
a=rtpmap:0 PCMU/8000
a=rtpmap:101 telephone-event/8000/1

47614 [] DEBUG TestBase - getProperty(testcase.promptfile) = file:///home/kulikov/jsr-309-tck/media/Numbers_1-15.wav
47634 [] DEBUG PlayerRobustnessTest - org.mobicents.javax.media.mscontrol.mediagroup.PlayerImpl@18f51f received: org.mobicents.javax.media.mscontrol.mediagroup.PlayerEventImpl@84ce7a
47634 [] INFO  PlayerRobustnessTest - Measured play duration is acceptable: expected: 1000ms - actual: 20ms
47634 [] INFO  DriverImpl - MediaSession9 MediaGroup11 Releasing...
47935 [] INFO  DriverImpl - MediaSession9 NetworkConnection10 Releasing....
48236 [] INFO  Runner - End      mandatory.robustness.mediagroup.PlayerRobustnessTest.test_2_2_1_3_Player_Invalid_StartOffset
48237 [] INFO  Runner - Start    mandatory.robustness.mediagroup.PlayerRobustnessTest.test_2_2_1_4_Invalid_RepeatCount
48238 [] DEBUG TestBase - getProperty(testcase.onesecondfile) = file:///home/kulikov/jsr-309-tck/media/cagocago-onesecond.wav
48239 [] DEBUG TestBase - getProperty(testcase.sipphoneSDP) = v=0
o=acomment 123456 654321 IN IP4 127.0.0.1
t=0 0
m=audio 1234 RTP/AVP  0 101 
c=IN IP4 127.0.0.1
a=rtpmap:0 PCMU/8000
a=rtpmap:101 telephone-event/8000/1

49356 [] DEBUG PlayerRobustnessTest - Waiting for event from org.mobicents.javax.media.mscontrol.mediagroup.PlayerImpl@983d95 (19s remaining)
49362 [] DEBUG PlayerRobustnessTest - org.mobicents.javax.media.mscontrol.mediagroup.PlayerImpl@983d95 received: org.mobicents.javax.media.mscontrol.mediagroup.PlayerEventImpl@b1cc87
49363 [] INFO  PlayerRobustnessTest - Measured play duration is acceptable: expected: 1000ms - actual: 1025ms
49363 [] DEBUG TestBase - getProperty(testcase.sipphoneSDP) = v=0
o=acomment 123456 654321 IN IP4 127.0.0.1
t=0 0
m=audio 1234 RTP/AVP  0 101 
c=IN IP4 127.0.0.1
a=rtpmap:0 PCMU/8000
a=rtpmap:101 telephone-event/8000/1

50482 [] DEBUG PlayerRobustnessTest - Waiting for event from org.mobicents.javax.media.mscontrol.mediagroup.PlayerImpl@1d8c528 (19s remaining)
50487 [] DEBUG PlayerRobustnessTest - org.mobicents.javax.media.mscontrol.mediagroup.PlayerImpl@1d8c528 received: org.mobicents.javax.media.mscontrol.mediagroup.PlayerEventImpl@e35bb7
50487 [] INFO  PlayerRobustnessTest - Measured play duration is acceptable: expected: 1000ms - actual: 1026ms
50488 [] INFO  DriverImpl - MediaSession12 MediaGroup14 Releasing...
50788 [] INFO  DriverImpl - MediaSession12 MediaGroup16 Releasing...
51089 [] INFO  DriverImpl - MediaSession12 NetworkConnection13 Releasing....
51390 [] INFO  DriverImpl - MediaSession12 NetworkConnection15 Releasing....
51692 [] INFO  Runner - End      mandatory.robustness.mediagroup.PlayerRobustnessTest.test_2_2_1_4_Invalid_RepeatCount
51695 [] INFO  Runner - Start    mandatory.robustness.mediagroup.PlayerRobustnessTest.test_2_2_1_5_Invalid_Interval
51695 [] DEBUG TestBase - getProperty(testcase.onesecondfile) = file:///home/kulikov/jsr-309-tck/media/cagocago-onesecond.wav
51696 [] DEBUG TestBase - getProperty(testcase.sipphoneSDP) = v=0
o=acomment 123456 654321 IN IP4 127.0.0.1
t=0 0
m=audio 1234 RTP/AVP  0 101 
c=IN IP4 127.0.0.1
a=rtpmap:0 PCMU/8000
a=rtpmap:101 telephone-event/8000/1

52814 [] DEBUG PlayerRobustnessTest - Waiting for event from org.mobicents.javax.media.mscontrol.mediagroup.PlayerImpl@5eb489 (19s remaining)
52818 [] DEBUG PlayerRobustnessTest - org.mobicents.javax.media.mscontrol.mediagroup.PlayerImpl@5eb489 received: org.mobicents.javax.media.mscontrol.mediagroup.PlayerEventImpl@92dcdb
52819 [] INFO  PlayerRobustnessTest - Measured play duration is acceptable: expected: 2000ms - actual: 1025ms
52819 [] INFO  DriverImpl - MediaSession17 MediaGroup19 Releasing...
53119 [] INFO  DriverImpl - MediaSession17 NetworkConnection18 Releasing....
53421 [] INFO  Runner - End      mandatory.robustness.mediagroup.PlayerRobustnessTest.test_2_2_1_5_Invalid_Interval
53422 [] INFO  Runner - Start    mandatory.robustness.mediagroup.PlayerRobustnessTest.test_2_2_1_6_Player_State
53424 [] DEBUG TestBase - getProperty(testcase.sipphoneSDP) = v=0
o=acomment 123456 654321 IN IP4 127.0.0.1
t=0 0
m=audio 1234 RTP/AVP  0 101 
c=IN IP4 127.0.0.1
a=rtpmap:0 PCMU/8000
a=rtpmap:101 telephone-event/8000/1

53521 [] DEBUG TestBase - getProperty(testcase.promptfile) = file:///home/kulikov/jsr-309-tck/media/Numbers_1-15.wav
54541 [] DEBUG PlayerRobustnessTest - Waiting for event from org.mobicents.javax.media.mscontrol.mediagroup.PlayerImpl@18d7ace (2s remaining)
55541 [] DEBUG PlayerRobustnessTest - Waiting for event from org.mobicents.javax.media.mscontrol.mediagroup.PlayerImpl@18d7ace (1s remaining)
56542 [] DEBUG PlayerRobustnessTest - org.mobicents.javax.media.mscontrol.mediagroup.PlayerImpl@18d7ace received: org.mobicents.javax.media.mscontrol.mediagroup.PlayerEventImpl@134ce4a
57554 [] DEBUG PlayerRobustnessTest - Waiting for event from org.mobicents.javax.media.mscontrol.mediagroup.PlayerImpl@18d7ace (19s remaining)
58554 [] DEBUG PlayerRobustnessTest - Waiting for event from org.mobicents.javax.media.mscontrol.mediagroup.PlayerImpl@18d7ace (18s remaining)
59554 [] DEBUG PlayerRobustnessTest - Waiting for event from org.mobicents.javax.media.mscontrol.mediagroup.PlayerImpl@18d7ace (17s remaining)
60555 [] DEBUG PlayerRobustnessTest - Waiting for event from org.mobicents.javax.media.mscontrol.mediagroup.PlayerImpl@18d7ace (15s remaining)
61555 [] DEBUG PlayerRobustnessTest - Waiting for event from org.mobicents.javax.media.mscontrol.mediagroup.PlayerImpl@18d7ace (14s remaining)
62555 [] DEBUG PlayerRobustnessTest - Waiting for event from org.mobicents.javax.media.mscontrol.mediagroup.PlayerImpl@18d7ace (13s remaining)
63555 [] DEBUG PlayerRobustnessTest - Waiting for event from org.mobicents.javax.media.mscontrol.mediagroup.PlayerImpl@18d7ace (12s remaining)
64556 [] DEBUG PlayerRobustnessTest - Waiting for event from org.mobicents.javax.media.mscontrol.mediagroup.PlayerImpl@18d7ace (11s remaining)
65556 [] DEBUG PlayerRobustnessTest - Waiting for event from org.mobicents.javax.media.mscontrol.mediagroup.PlayerImpl@18d7ace (10s remaining)
66556 [] DEBUG PlayerRobustnessTest - Waiting for event from org.mobicents.javax.media.mscontrol.mediagroup.PlayerImpl@18d7ace (9s remaining)
67556 [] DEBUG PlayerRobustnessTest - Waiting for event from org.mobicents.javax.media.mscontrol.mediagroup.PlayerImpl@18d7ace (8s remaining)
68557 [] DEBUG PlayerRobustnessTest - Waiting for event from org.mobicents.javax.media.mscontrol.mediagroup.PlayerImpl@18d7ace (7s remaining)
69557 [] DEBUG PlayerRobustnessTest - Waiting for event from org.mobicents.javax.media.mscontrol.mediagroup.PlayerImpl@18d7ace (6s remaining)
70557 [] DEBUG PlayerRobustnessTest - Waiting for event from org.mobicents.javax.media.mscontrol.mediagroup.PlayerImpl@18d7ace (5s remaining)
71557 [] DEBUG PlayerRobustnessTest - Waiting for event from org.mobicents.javax.media.mscontrol.mediagroup.PlayerImpl@18d7ace (4s remaining)
71588 [] DEBUG PlayerRobustnessTest - org.mobicents.javax.media.mscontrol.mediagroup.PlayerImpl@18d7ace received: org.mobicents.javax.media.mscontrol.mediagroup.PlayerEventImpl@afa68a
72589 [] DEBUG PlayerRobustnessTest - Waiting for event from org.mobicents.javax.media.mscontrol.mediagroup.PlayerImpl@18d7ace (4s remaining)
73589 [] DEBUG PlayerRobustnessTest - Waiting for event from org.mobicents.javax.media.mscontrol.mediagroup.PlayerImpl@18d7ace (3s remaining)
74589 [] DEBUG PlayerRobustnessTest - Waiting for event from org.mobicents.javax.media.mscontrol.mediagroup.PlayerImpl@18d7ace (2s remaining)
75590 [] DEBUG PlayerRobustnessTest - Waiting for event from org.mobicents.javax.media.mscontrol.mediagroup.PlayerImpl@18d7ace (0s remaining)
76590 [] INFO  DriverImpl - MediaSession20 MediaGroup22 Releasing...
76891 [] INFO  DriverImpl - MediaSession20 NetworkConnection21 Releasing....
77192 [] INFO  Runner - End      mandatory.robustness.mediagroup.PlayerRobustnessTest.test_2_2_1_6_Player_State
]]></system-out>

      <system-err><![CDATA[]]></system-err>

  </testsuite>
  <testsuite errors="0" failures="0" hostname="kulikov.mobicents.org" id="27" name="CodecPolicyTest" package="com.hp.opencall.jmsc.test.mandatory.robustness.networkconnection" tests="6" time="2.152" timestamp="2011-09-27T07:12:55">
      <properties>
[...]
</properties>

      <testcase classname="com.hp.opencall.jmsc.test.mandatory.robustness.networkconnection.CodecPolicyTest" name="test_2_2_8_1_ExcludedInRequired" time="0.438" />

      <testcase classname="com.hp.opencall.jmsc.test.mandatory.robustness.networkconnection.CodecPolicyTest" name="test_2_2_8_2_ExcludedInCapabilities" time="0.304" />

      <testcase classname="com.hp.opencall.jmsc.test.mandatory.robustness.networkconnection.CodecPolicyTest" name="test_2_2_8_3_ExcludedInPreferences" time="0.303" />

      <testcase classname="com.hp.opencall.jmsc.test.mandatory.robustness.networkconnection.CodecPolicyTest" name="test_2_2_8_4_BogusCodecNamesExcluded" time="0.413" />

      <testcase classname="com.hp.opencall.jmsc.test.mandatory.robustness.networkconnection.CodecPolicyTest" name="test_2_2_8_5_BogusCodecNamesCapable" time="0.336" />

      <testcase classname="com.hp.opencall.jmsc.test.mandatory.robustness.networkconnection.CodecPolicyTest" name="test_2_2_8_6_BogusCodecNamesPreferred" time="0.342" />

      <system-out><![CDATA[11:12:55,518 INFO  [Runner] Start    mandatory.robustness.networkconnection.CodecPolicyTest.test_2_2_8_1_ExcludedInRequired
11:12:55,534 INFO  [DriverImpl] Initializing MGCP on /127.0.0.1:2729
11:12:55,539 ERROR [JainMgcpStackImpl] Failed to locate properties file, using default values
11:12:55,546 INFO  [JainMgcpStackImpl] Jain Mgcp stack bound to IP /127.0.0.1 and UDP port 2729
Jain Mgcp stack bound to IP /127.0.0.1 and UDP port 2729
73   [] DEBUG TestBase - log4j configured
74   [] DEBUG TestBase - Loading file:/home/kulikov/jsr-309-tck/TCK.properties
81   [] INFO  CodecPolicyTest - Excluding: [PCMU, G722]
81   [] INFO  CodecPolicyTest - Requiring: [telephone-event, PCMU]
120  [] INFO  CodecPolicyTest - Caught expected SdpPortManagerException: Codec PCMU is excluded
123  [] INFO  DriverImpl - MediaSession1 NetworkConnection2 Releasing....
428  [] INFO  Runner - End      mandatory.robustness.networkconnection.CodecPolicyTest.test_2_2_8_1_ExcludedInRequired
431  [] INFO  Runner - Start    mandatory.robustness.networkconnection.CodecPolicyTest.test_2_2_8_2_ExcludedInCapabilities
432  [] INFO  CodecPolicyTest - Excluding: [PCMU, G722]
432  [] INFO  CodecPolicyTest - Codec capabilities: [telephone-event, PCMU]
432  [] INFO  CodecPolicyTest - Caught expected SdpPortManagerException: Codec PCMU is excluded but in capabilities
433  [] INFO  DriverImpl - MediaSession3 NetworkConnection4 Releasing....
734  [] INFO  Runner - End      mandatory.robustness.networkconnection.CodecPolicyTest.test_2_2_8_2_ExcludedInCapabilities
735  [] INFO  Runner - Start    mandatory.robustness.networkconnection.CodecPolicyTest.test_2_2_8_3_ExcludedInPreferences
736  [] INFO  CodecPolicyTest - Excluding: [PCMU, G722]
736  [] INFO  CodecPolicyTest - Preferences: [telephone-event, PCMU]
737  [] INFO  CodecPolicyTest - Caught expected SdpPortManagerException: Codec PCMU is excluded but in preferences
737  [] INFO  DriverImpl - MediaSession5 NetworkConnection6 Releasing....
1038 [] INFO  Runner - End      mandatory.robustness.networkconnection.CodecPolicyTest.test_2_2_8_3_ExcludedInPreferences
1039 [] INFO  Runner - Start    mandatory.robustness.networkconnection.CodecPolicyTest.test_2_2_8_4_BogusCodecNamesExcluded
1040 [] INFO  CodecPolicyTest - Excluding: [fmtp, AS, sendrecv, audio, IP4, G722]
1144 [] DEBUG CodecPolicyTest - org.mobicents.javax.media.mscontrol.networkconnection.SdpPortManagerImpl@7cbde6 received: ANSWER_GENERATED
1145 [] INFO  CodecPolicyTest - SDP answer: v=0
o=- 1317107576632 1 IN IP4 127.0.0.1
s=Mobicents Media Server
c=IN IP4 127.0.0.1
t=0 0
m=audio 65080 RTP/AVP 0 8 101
a=rtpmap:0 PCMU/8000
a=rtpmap:8 PCMA/8000
a=rtpmap:101 telephone-event/8000
a=fmtp:101 0-15

1145 [] INFO  DriverImpl - MediaSession7 NetworkConnection8 Releasing....
1450 [] INFO  Runner - End      mandatory.robustness.networkconnection.CodecPolicyTest.test_2_2_8_4_BogusCodecNamesExcluded
1453 [] INFO  Runner - Start    mandatory.robustness.networkconnection.CodecPolicyTest.test_2_2_8_5_BogusCodecNamesCapable
1454 [] INFO  CodecPolicyTest - Codec capabilities: [fmtp, AS, sendrecv, audio, IP4, telephone-event, PCMU]
1487 [] DEBUG CodecPolicyTest - org.mobicents.javax.media.mscontrol.networkconnection.SdpPortManagerImpl@1a001ff received: ANSWER_GENERATED
1487 [] INFO  CodecPolicyTest - SDP answer: v=0
o=- 1317107576990 1 IN IP4 127.0.0.1
s=Mobicents Media Server
c=IN IP4 127.0.0.1
t=0 0
m=audio 65078 RTP/AVP 0 8 101
a=rtpmap:0 PCMU/8000
a=rtpmap:8 PCMA/8000
a=rtpmap:101 telephone-event/8000
a=fmtp:101 0-15

1487 [] INFO  DriverImpl - MediaSession9 NetworkConnection10 Releasing....
1788 [] INFO  Runner - End      mandatory.robustness.networkconnection.CodecPolicyTest.test_2_2_8_5_BogusCodecNamesCapable
1789 [] INFO  Runner - Start    mandatory.robustness.networkconnection.CodecPolicyTest.test_2_2_8_6_BogusCodecNamesPreferred
1790 [] INFO  CodecPolicyTest - Preferences: [fmtp, AS, sendrecv, audio, IP4, telephone-event, PCMU]
1829 [] DEBUG CodecPolicyTest - org.mobicents.javax.media.mscontrol.networkconnection.SdpPortManagerImpl@1fe88d received: ANSWER_GENERATED
1829 [] INFO  CodecPolicyTest - SDP answer: v=0
o=- 1317107577327 1 IN IP4 127.0.0.1
s=Mobicents Media Server
c=IN IP4 127.0.0.1
t=0 0
m=audio 65076 RTP/AVP 0 8 101
a=rtpmap:0 PCMU/8000
a=rtpmap:8 PCMA/8000
a=rtpmap:101 telephone-event/8000
a=fmtp:101 0-15

1830 [] INFO  DriverImpl - MediaSession11 NetworkConnection12 Releasing....
2131 [] INFO  Runner - End      mandatory.robustness.networkconnection.CodecPolicyTest.test_2_2_8_6_BogusCodecNamesPreferred
]]></system-out>

      <system-err><![CDATA[]]></system-err>

  </testsuite>
  <testsuite errors="0" failures="0" hostname="kulikov.mobicents.org" id="28" name="RTCTest" package="com.hp.opencall.jmsc.test.mandatory.robustness.resource" tests="2" time="1.691" timestamp="2011-09-27T07:12:58">
      <properties>
[...]
</properties>

      <testcase classname="com.hp.opencall.jmsc.test.mandatory.robustness.resource.RTCTest" name="test_2_2_7_1_InvalidRTC" time="0.927" />

      <testcase classname="com.hp.opencall.jmsc.test.mandatory.robustness.resource.RTCTest" name="test_2_2_7_2_InvalidTriggerRTC" time="0.75" />

      <system-out><![CDATA[11:12:58,477 INFO  [Runner] Start    mandatory.robustness.resource.RTCTest.test_2_2_7_1_InvalidRTC
11:12:58,492 INFO  [DriverImpl] Initializing MGCP on /127.0.0.1:2729
11:12:58,498 ERROR [JainMgcpStackImpl] Failed to locate properties file, using default values
11:12:58,504 INFO  [JainMgcpStackImpl] Jain Mgcp stack bound to IP /127.0.0.1 and UDP port 2729
Jain Mgcp stack bound to IP /127.0.0.1 and UDP port 2729
74   [] DEBUG TestBase - log4j configured
76   [] DEBUG TestBase - Loading file:/home/kulikov/jsr-309-tck/TCK.properties
122  [] DEBUG TestBase - getProperty(testcase.sipphoneSDP) = v=0
o=acomment 123456 654321 IN IP4 127.0.0.1
t=0 0
m=audio 1234 RTP/AVP  0 101 
c=IN IP4 127.0.0.1
a=rtpmap:0 PCMU/8000
a=rtpmap:101 telephone-event/8000/1

310  [] DEBUG TestBase - getProperty(testcase.shortpromptfile) = file:///home/kulikov/jsr-309-tck/media/Numbers_1-5_3s.wav
311  [] INFO  RTCTest - Caught (from Player) expected UnsupportedException: Invalid RTC
311  [] DEBUG TestBase - getProperty(testcase.recordedfile) = file:///home/kulikov/jsr-309-tck/media/recorded.wav
311  [] INFO  RTCTest - Caught (from Recorder) expected UnsupportedException: Invalid RTC
311  [] INFO  RTCTest - Caught (from SignalDetector) expected UnsupportedException: Invalid RTC
311  [] INFO  DriverImpl - MediaSession1 MediaGroup3 Releasing...
612  [] INFO  DriverImpl - MediaSession1 NetworkConnection2 Releasing....
920  [] INFO  Runner - End      mandatory.robustness.resource.RTCTest.test_2_2_7_1_InvalidRTC
922  [] INFO  Runner - Start    mandatory.robustness.resource.RTCTest.test_2_2_7_2_InvalidTriggerRTC
924  [] DEBUG TestBase - getProperty(testcase.sipphoneSDP) = v=0
o=acomment 123456 654321 IN IP4 127.0.0.1
t=0 0
m=audio 1234 RTP/AVP  0 101 
c=IN IP4 127.0.0.1
a=rtpmap:0 PCMU/8000
a=rtpmap:101 telephone-event/8000/1

1028 [] DEBUG TestBase - getProperty(testcase.shortpromptfile) = file:///home/kulikov/jsr-309-tck/media/Numbers_1-5_3s.wav
1069 [] INFO  RTCTest - Caught expected Exception: null This MediaGroup contains no Signal Detector
1069 [] INFO  DriverImpl - MediaSession4 MediaGroup6 Releasing...
1369 [] INFO  DriverImpl - MediaSession4 NetworkConnection5 Releasing....
1671 [] INFO  Runner - End      mandatory.robustness.resource.RTCTest.test_2_2_7_2_InvalidTriggerRTC
]]></system-out>

      <system-err><![CDATA[]]></system-err>

  </testsuite>
</testsuites>
