<?xml version="1.0" encoding="UTF-8" ?>
<testsuite errors="0" failures="0" hostname="kulikov.mobicents.org" name="com.hp.opencall.jmsc.test.mandatory.functional.resource.ConfirmTest" tests="1" time="0.447" timestamp="2011-09-27T07:10:20">
  <properties>
[...]
</properties>
  <testcase classname="com.hp.opencall.jmsc.test.mandatory.functional.resource.ConfirmTest" name="test_2_1_17_1_ConfirmMixer" time="0.433" />
  <system-out><![CDATA[11:10:20,908 INFO  [Runner] Start    mandatory.functional.resource.ConfirmTest.test_2_1_17_1_ConfirmMixer
11:10:20,925 INFO  [DriverImpl] Initializing MGCP on /127.0.0.1:2729
11:10:20,930 ERROR [JainMgcpStackImpl] Failed to locate properties file, using default values
11:10:20,937 INFO  [JainMgcpStackImpl] Jain Mgcp stack bound to IP /127.0.0.1 and UDP port 2729
Jain Mgcp stack bound to IP /127.0.0.1 and UDP port 2729
80   [] DEBUG TestBase - log4j configured
81   [] DEBUG TestBase - Loading file:/home/kulikov/jsr-309-tck/TCK.properties
122  [] DEBUG ConfirmTest - Received: org.mobicents.javax.media.mscontrol.mixer.AllocationEventImpl@2e1f1f
423  [] INFO  Runner - End      mandatory.functional.resource.ConfirmTest.test_2_1_17_1_ConfirmMixer
]]></system-out>
  <system-err><![CDATA[]]></system-err>
</testsuite>
