<?xml version="1.0" encoding="UTF-8" ?>
<testsuite errors="0" failures="0" hostname="kulikov.mobicents.org" name="com.hp.opencall.jmsc.test.mandatory.robustness.MediaObjectIdTest" tests="3" time="3.221" timestamp="2011-09-27T07:10:50">
  <properties>
[...]
</properties>
  <testcase classname="com.hp.opencall.jmsc.test.mandatory.robustness.MediaObjectIdTest" name="test_2_2_10_1_LongId" time="0.192" />
  <testcase classname="com.hp.opencall.jmsc.test.mandatory.robustness.MediaObjectIdTest" name="test_2_2_10_2_InvalidInitialCharacter" time="2.107" />
  <testcase classname="com.hp.opencall.jmsc.test.mandatory.robustness.MediaObjectIdTest" name="test_2_2_10_3_DuplicateIDs" time="0.908" />
  <system-out><![CDATA[11:10:50,413 INFO  [Runner] Start    mandatory.robustness.MediaObjectIdTest.test_2_2_10_1_LongId javadoc::MediaObject::2
11:10:50,429 INFO  [DriverImpl] Initializing MGCP on /127.0.0.1:2729
11:10:50,434 ERROR [JainMgcpStackImpl] Failed to locate properties file, using default values
11:10:50,441 INFO  [JainMgcpStackImpl] Jain Mgcp stack bound to IP /127.0.0.1 and UDP port 2729
Jain Mgcp stack bound to IP /127.0.0.1 and UDP port 2729
72   [] DEBUG TestBase - log4j configured
73   [] DEBUG TestBase - Loading file:/home/kulikov/jsr-309-tck/TCK.properties
78   [] INFO  MediaObjectIdTest - MediaSession URI: "mscontrol://127.0.0.1:2427/MediaSession2"
127  [] INFO  MediaObjectIdTest - Mediagroup URI: "mscontrol://127.0.0.1:2427/MediaSession2/MGThisIsAVeryLongName123456789"
156  [] INFO  MediaObjectIdTest - NetworkConnection URI: "mscontrol://127.0.0.1:2427/MediaSession2/NCThisIsAVeryLongName123456789"
159  [] INFO  MediaObjectIdTest - Mediagroup URI: "mscontrol://127.0.0.1:2427/MediaSession2/MXThisIsAVeryLongName123456789"
161  [] INFO  MediaObjectIdTest - MixerAdapter URI: "mscontrol://127.0.0.1:2427/MediaSession2/MAThisIsAVeryLongName123456789"
161  [] INFO  Runner - End      mandatory.robustness.MediaObjectIdTest.test_2_2_10_1_LongId
162  [] INFO  Runner - Start    mandatory.robustness.MediaObjectIdTest.test_2_2_10_2_InvalidInitialCharacter javadoc::MediaObject::1
163  [] INFO  MediaObjectIdTest - Caught expected exception: Illegal MEDIAOBJECT_ID: *invalidname
163  [] INFO  MediaObjectIdTest - Caught expected exception: Illegal MEDIAOBJECT_ID: *invalidname
163  [] INFO  MediaObjectIdTest - Caught expected exception: Illegal MEDIAOBJECT_ID: *invalidname
164  [] INFO  MediaObjectIdTest - Caught expected exception: Illegal MEDIAOBJECT_ID: *invalidname
164  [] INFO  MediaObjectIdTest - Caught expected exception: Illegal MEDIAOBJECT_ID:  invalidname
164  [] INFO  MediaObjectIdTest - Caught expected exception: Illegal MEDIAOBJECT_ID:  invalidname
164  [] INFO  MediaObjectIdTest - Caught expected exception: Illegal MEDIAOBJECT_ID:  invalidname
164  [] INFO  MediaObjectIdTest - Caught expected exception: Illegal MEDIAOBJECT_ID:  invalidname
164  [] INFO  MediaObjectIdTest - Caught expected exception: Illegal MEDIAOBJECT_ID: -invalidname
164  [] INFO  MediaObjectIdTest - Caught expected exception: Illegal MEDIAOBJECT_ID: -invalidname
165  [] INFO  MediaObjectIdTest - Caught expected exception: Illegal MEDIAOBJECT_ID: -invalidname
165  [] INFO  MediaObjectIdTest - Caught expected exception: Illegal MEDIAOBJECT_ID: -invalidname
165  [] INFO  MediaObjectIdTest - Caught expected exception: Illegal MEDIAOBJECT_ID: :invalidname
165  [] INFO  MediaObjectIdTest - Caught expected exception: Illegal MEDIAOBJECT_ID: :invalidname
165  [] INFO  MediaObjectIdTest - Caught expected exception: Illegal MEDIAOBJECT_ID: :invalidname
165  [] INFO  MediaObjectIdTest - Caught expected exception: Illegal MEDIAOBJECT_ID: :invalidname
166  [] INFO  MediaObjectIdTest - Caught expected exception: Illegal MEDIAOBJECT_ID: _invalidname
166  [] INFO  MediaObjectIdTest - Caught expected exception: Illegal MEDIAOBJECT_ID: _invalidname
166  [] INFO  MediaObjectIdTest - Caught expected exception: Illegal MEDIAOBJECT_ID: _invalidname
166  [] INFO  MediaObjectIdTest - Caught expected exception: Illegal MEDIAOBJECT_ID: _invalidname
166  [] INFO  MediaObjectIdTest - Caught expected exception: Illegal MEDIAOBJECT_ID: <invalidname
166  [] INFO  MediaObjectIdTest - Caught expected exception: Illegal MEDIAOBJECT_ID: <invalidname
166  [] INFO  MediaObjectIdTest - Caught expected exception: Illegal MEDIAOBJECT_ID: <invalidname
167  [] INFO  MediaObjectIdTest - Caught expected exception: Illegal MEDIAOBJECT_ID: <invalidname
167  [] INFO  MediaObjectIdTest - Caught expected exception: Illegal MEDIAOBJECT_ID: >invalidname
167  [] INFO  MediaObjectIdTest - Caught expected exception: Illegal MEDIAOBJECT_ID: >invalidname
167  [] INFO  MediaObjectIdTest - Caught expected exception: Illegal MEDIAOBJECT_ID: >invalidname
167  [] INFO  MediaObjectIdTest - Caught expected exception: Illegal MEDIAOBJECT_ID: >invalidname
2269 [] INFO  Runner - End      mandatory.robustness.MediaObjectIdTest.test_2_2_10_2_InvalidInitialCharacter
2271 [] INFO  Runner - Start    mandatory.robustness.MediaObjectIdTest.test_2_2_10_3_DuplicateIDs javadoc::MediaObject::3
2275 [] INFO  MediaObjectIdTest - Caught expected exception: MEDIAOBJECT_ID must be unique: MediaGroup-1
2275 [] INFO  MediaObjectIdTest - Caught expected exception: MEDIAOBJECT_ID must be unique: NetworkConnection-1
2275 [] INFO  MediaObjectIdTest - Caught expected exception: MEDIAOBJECT_ID must be unique: MediaMixer-1
2275 [] INFO  MediaObjectIdTest - Caught expected exception: MEDIAOBJECT_ID must be unique: MixerAdapter-1
2576 [] INFO  DriverImpl - MediaSession11 MediaGroup-1 Releasing...
2876 [] INFO  DriverImpl - MediaSession11 NetworkConnection-1 Releasing....
3177 [] INFO  Runner - End      mandatory.robustness.MediaObjectIdTest.test_2_2_10_3_DuplicateIDs
]]></system-out>
  <system-err><![CDATA[]]></system-err>
</testsuite>
