<?xml version="1.0" encoding="UTF-8" ?>
<testsuite errors="0" failures="5" hostname="kulikov.mobicents.org" name="com.hp.opencall.jmsc.test.mandatory.functional.mediagroup.PromptAndRecordTest" tests="11" time="78.919" timestamp="2011-09-27T07:03:15">
  <properties>
[...]
</properties>
  <testcase classname="com.hp.opencall.jmsc.test.mandatory.functional.mediagroup.PromptAndRecordTest" name="test_2_1_9_1_PROMPT" time="3.88" />
  <testcase classname="com.hp.opencall.jmsc.test.mandatory.functional.mediagroup.PromptAndRecordTest" name="test_2_1_9_2_Prompt_BargeIn" time="20.251">
    <failure message="Timed out waiting for event from org.mobicents.javax.media.mscontrol.mediagroup.RecorderImpl@1d8c528, after 10seconds" type="junit.framework.AssertionFailedError">junit.framework.AssertionFailedError: Timed out waiting for event from org.mobicents.javax.media.mscontrol.mediagroup.RecorderImpl@1d8c528, after 10seconds
	at com.hp.opencall.jmsc.test.TestBase$EventWaiter.waitInternal(TestBase.java:255)
	at com.hp.opencall.jmsc.test.TestBase$EventWaiter.waitForOKEvent(TestBase.java:303)
	at com.hp.opencall.jmsc.test.mandatory.functional.mediagroup.PromptAndRecordTest.test_2_1_9_2_Prompt_BargeIn(PromptAndRecordTest.java:193)
	at com.hp.opencall.jmsc.test.TestBase.runBare(TestBase.java:437)
</failure>
  </testcase>
  <testcase classname="com.hp.opencall.jmsc.test.mandatory.functional.mediagroup.PromptAndRecordTest" name="test_2_1_9_3_CANCEL" time="5.793">
    <failure message="Bad record completion qualifier:  expected:&lt;RTC_TRIGGERED&gt; but was:&lt;SILENCE&gt;" type="junit.framework.AssertionFailedError">junit.framework.AssertionFailedError: Bad record completion qualifier:  expected:&lt;RTC_TRIGGERED&gt; but was:&lt;SILENCE&gt;
	at com.hp.opencall.jmsc.test.mandatory.functional.mediagroup.PromptAndRecordTest.recordWithRTC(PromptAndRecordTest.java:236)
	at com.hp.opencall.jmsc.test.mandatory.functional.mediagroup.PromptAndRecordTest.test_2_1_9_3_CANCEL(PromptAndRecordTest.java:261)
	at com.hp.opencall.jmsc.test.TestBase.runBare(TestBase.java:437)
</failure>
  </testcase>
  <testcase classname="com.hp.opencall.jmsc.test.mandatory.functional.mediagroup.PromptAndRecordTest" name="test_2_1_9_4_NoCancelWrongDTMF" time="8.758" />
  <testcase classname="com.hp.opencall.jmsc.test.mandatory.functional.mediagroup.PromptAndRecordTest" name="test_2_1_9_5_CancelWithPrompt" time="3.137" />
  <testcase classname="com.hp.opencall.jmsc.test.mandatory.functional.mediagroup.PromptAndRecordTest" name="test_2_1_9_6_SingleReturnKey" time="3.117" />
  <testcase classname="com.hp.opencall.jmsc.test.mandatory.functional.mediagroup.PromptAndRecordTest" name="test_2_1_9_7_MultipleReturnKeys" time="5.937">
    <failure message="Timed out waiting for event from org.mobicents.javax.media.mscontrol.mediagroup.RecorderImpl@2f729e, after 3seconds" type="junit.framework.AssertionFailedError">junit.framework.AssertionFailedError: Timed out waiting for event from org.mobicents.javax.media.mscontrol.mediagroup.RecorderImpl@2f729e, after 3seconds
	at com.hp.opencall.jmsc.test.TestBase$EventWaiter.waitInternal(TestBase.java:255)
	at com.hp.opencall.jmsc.test.TestBase$EventWaiter.waitForOKEvent(TestBase.java:303)
	at com.hp.opencall.jmsc.test.mandatory.functional.mediagroup.PromptAndRecordTest.recordWithRTC(PromptAndRecordTest.java:235)
	at com.hp.opencall.jmsc.test.mandatory.functional.mediagroup.PromptAndRecordTest.test_2_1_9_7_MultipleReturnKeys(PromptAndRecordTest.java:305)
	at com.hp.opencall.jmsc.test.TestBase.runBare(TestBase.java:437)
</failure>
  </testcase>
  <testcase classname="com.hp.opencall.jmsc.test.mandatory.functional.mediagroup.PromptAndRecordTest" name="test_2_1_9_8_NonMatchingReturnKey" time="10.932">
    <failure message="Timed out waiting for event from org.mobicents.javax.media.mscontrol.mediagroup.RecorderImpl@1a99347, after 8seconds" type="junit.framework.AssertionFailedError">junit.framework.AssertionFailedError: Timed out waiting for event from org.mobicents.javax.media.mscontrol.mediagroup.RecorderImpl@1a99347, after 8seconds
	at com.hp.opencall.jmsc.test.TestBase$EventWaiter.waitInternal(TestBase.java:255)
	at com.hp.opencall.jmsc.test.TestBase$EventWaiter.waitForOKEvent(TestBase.java:303)
	at com.hp.opencall.jmsc.test.mandatory.functional.mediagroup.PromptAndRecordTest.recordWithRTC(PromptAndRecordTest.java:239)
	at com.hp.opencall.jmsc.test.mandatory.functional.mediagroup.PromptAndRecordTest.test_2_1_9_8_NonMatchingReturnKey(PromptAndRecordTest.java:313)
	at com.hp.opencall.jmsc.test.TestBase.runBare(TestBase.java:437)
</failure>
  </testcase>
  <testcase classname="com.hp.opencall.jmsc.test.mandatory.functional.mediagroup.PromptAndRecordTest" name="test_2_1_9_9_NoReturnKey" time="11.814" />
  <testcase classname="com.hp.opencall.jmsc.test.mandatory.functional.mediagroup.PromptAndRecordTest" name="test_2_1_9_10_AnyReturnKey" time="3.129" />
  <testcase classname="com.hp.opencall.jmsc.test.mandatory.functional.mediagroup.PromptAndRecordTest" name="test_2_1_9_11_Cleardigits" time="2.151">
    <failure message="Unexpected event from org.mobicents.javax.media.mscontrol.mediagroup.RecorderImpl@1284fd4: org.mobicents.javax.media.mscontrol.mediagroup.RecorderEventImpl@190ef12" type="junit.framework.AssertionFailedError">junit.framework.AssertionFailedError: Unexpected event from org.mobicents.javax.media.mscontrol.mediagroup.RecorderImpl@1284fd4: org.mobicents.javax.media.mscontrol.mediagroup.RecorderEventImpl@190ef12
	at com.hp.opencall.jmsc.test.TestBase$EventWaiter.failIfEvent(TestBase.java:284)
	at com.hp.opencall.jmsc.test.mandatory.functional.mediagroup.PromptAndRecordTest.cleardigitsTest(PromptAndRecordTest.java:365)
	at com.hp.opencall.jmsc.test.mandatory.functional.mediagroup.PromptAndRecordTest.test_2_1_9_11_Cleardigits(PromptAndRecordTest.java:394)
	at com.hp.opencall.jmsc.test.TestBase.runBare(TestBase.java:437)
</failure>
  </testcase>
  <system-out><![CDATA[11:03:15,620 INFO  [Runner] Start    mandatory.functional.mediagroup.PromptAndRecordTest.test_2_1_9_1_PROMPT javadoc::Recorder::26
11:03:15,635 INFO  [DriverImpl] Initializing MGCP on /127.0.0.1:2729
11:03:15,641 ERROR [JainMgcpStackImpl] Failed to locate properties file, using default values
11:03:15,647 INFO  [JainMgcpStackImpl] Jain Mgcp stack bound to IP /127.0.0.1 and UDP port 2729
Jain Mgcp stack bound to IP /127.0.0.1 and UDP port 2729
71   [] DEBUG TestBase - log4j configured
72   [] DEBUG TestBase - Loading file:/home/kulikov/jsr-309-tck/TCK.properties
212  [] INFO  MediaSessionBase - getOffer: local SDP: v=0
o=- 1317106995761 1 IN IP4 127.0.0.1
s=Mobicents Media Server
c=IN IP4 127.0.0.1
t=0 0
m=audio 65480 RTP/AVP 8 0 101
a=rtpmap:8 pcma/8000
a=rtpmap:0 pcmu/8000
a=rtpmap:101 telephone-event/8000
a=fmtp:101 0-15

212  [] INFO  MediaSessionBase - getOffer: stripped local SDP: v=0
o=- 1317106995761 1 IN IP4 127.0.0.1
s=Mobicents Media Server
c=IN IP4 127.0.0.1
t=0 0
m=audio 65480 RTP/AVP 8 0 101
a=rtpmap:8 pcma/8000
a=rtpmap:0 pcmu/8000
a=fmtp:101 0-15

253  [] INFO  MediaSessionBase - getAnswer: local SDP: v=0
o=- 1317106995848 1 IN IP4 127.0.0.1
s=Mobicents Media Server
c=IN IP4 127.0.0.1
t=0 0
m=audio 65478 RTP/AVP 8 0 101
a=rtpmap:8 pcma/8000
a=rtpmap:0 pcmu/8000
a=rtpmap:101 telephone-event/8000
a=fmtp:101 0-15

432  [] INFO  DriverImpl - MediaSession1 MediaGroup4 Receive signal called
945  [] DEBUG TestBase - getProperty(testcase.dtmf1) = file:///home/kulikov/jsr-309-tck/media/dtmf-1.wav
945  [] DEBUG TestBase - getProperty(testcase.recordedfile) = file:///home/kulikov/jsr-309-tck/media/recorded.wav
1947 [] DEBUG PromptAndRecordTest - Waiting for event from Detector(mscontrol://127.0.0.1:2427/MediaSession1/MediaGroup4) (4s remaining)
2645 [] DEBUG PromptAndRecordTest - Detector(mscontrol://127.0.0.1:2427/MediaSession1/MediaGroup4) received: RECEIVE_SIGNALS_COMPLETED(NUM_SIGNALS_DETECTED, signal=1)
2646 [] INFO  DriverImpl - MediaSession1 MediaGroup4 Releasing...
2951 [] INFO  DriverImpl - MediaSession1 MediaGroup5 Releasing...
3252 [] INFO  DriverImpl - MediaSession1 NetworkConnection2 Releasing....
3555 [] INFO  DriverImpl - MediaSession1 NetworkConnection3 Releasing....
3856 [] INFO  Runner - End      mandatory.functional.mediagroup.PromptAndRecordTest.test_2_1_9_1_PROMPT
3859 [] INFO  Runner - Start    mandatory.functional.mediagroup.PromptAndRecordTest.test_2_1_9_2_Prompt_BargeIn javadoc::MediaGroup::12 javadoc::SignalDetector::27
3895 [] INFO  MediaSessionBase - getOffer: local SDP: v=0
o=- 1317106999492 1 IN IP4 127.0.0.1
s=Mobicents Media Server
c=IN IP4 127.0.0.1
t=0 0
m=audio 65476 RTP/AVP 8 0 101
a=rtpmap:8 pcma/8000
a=rtpmap:0 pcmu/8000
a=rtpmap:101 telephone-event/8000
a=fmtp:101 0-15

3895 [] INFO  MediaSessionBase - getOffer: stripped local SDP: v=0
o=- 1317106999492 1 IN IP4 127.0.0.1
s=Mobicents Media Server
c=IN IP4 127.0.0.1
t=0 0
m=audio 65476 RTP/AVP 8 0 101
a=rtpmap:8 pcma/8000
a=rtpmap:0 pcmu/8000
a=fmtp:101 0-15

3936 [] INFO  MediaSessionBase - getAnswer: local SDP: v=0
o=- 1317106999534 1 IN IP4 127.0.0.1
s=Mobicents Media Server
c=IN IP4 127.0.0.1
t=0 0
m=audio 65474 RTP/AVP 8 0 101
a=rtpmap:8 pcma/8000
a=rtpmap:0 pcmu/8000
a=rtpmap:101 telephone-event/8000
a=fmtp:101 0-15

4074 [] INFO  PromptAndRecordTest - test_2_1_9_2_Prompt_BargeIn: step 1: barge-in disabled
4074 [] DEBUG TestBase - getProperty(testcase.bargein.prompt) = file:///home/kulikov/jsr-309-tck/media/cago-dtmf2.wav
4074 [] DEBUG TestBase - getProperty(testcase.recordedfile) = file:///home/kulikov/jsr-309-tck/media/recorded.wav
5076 [] DEBUG TestBase - getProperty(testcase.dtmf1) = file:///home/kulikov/jsr-309-tck/media/dtmf-1.wav
5583 [] DEBUG PromptAndRecordTest - org.mobicents.javax.media.mscontrol.mediagroup.PlayerImpl@186d484 received: org.mobicents.javax.media.mscontrol.mediagroup.PlayerEventImpl@ea48be
5584 [] DEBUG TestBase - getProperty(testcase.onesecondfile) = file:///home/kulikov/jsr-309-tck/media/cagocago-onesecond.wav
6600 [] DEBUG PromptAndRecordTest - Waiting for event from org.mobicents.javax.media.mscontrol.mediagroup.PlayerImpl@186d484 (2s remaining)
6608 [] DEBUG PromptAndRecordTest - org.mobicents.javax.media.mscontrol.mediagroup.PlayerImpl@186d484 received: org.mobicents.javax.media.mscontrol.mediagroup.PlayerEventImpl@17a1767
6609 [] INFO  DriverImpl - MediaSession6 MediaGroup9 Receive signal called
8110 [] DEBUG PromptAndRecordTest - Waiting for event from Detector(mscontrol://127.0.0.1:2427/MediaSession6/MediaGroup9) (4s remaining)
9111 [] DEBUG PromptAndRecordTest - Waiting for event from Detector(mscontrol://127.0.0.1:2427/MediaSession6/MediaGroup9) (3s remaining)
9836 [] DEBUG PromptAndRecordTest - Detector(mscontrol://127.0.0.1:2427/MediaSession6/MediaGroup9) received: RECEIVE_SIGNALS_COMPLETED(NUM_SIGNALS_DETECTED, signal=2)
9861 [] DEBUG PromptAndRecordTest - org.mobicents.javax.media.mscontrol.mediagroup.RecorderImpl@1d8c528 received: org.mobicents.javax.media.mscontrol.mediagroup.RecorderEventImpl@112e7f7
9861 [] INFO  PromptAndRecordTest - test_2_1_9_2_Prompt_BargeIn: step 2: barge-in enabled
9861 [] DEBUG TestBase - getProperty(testcase.recordedfile) = file:///home/kulikov/jsr-309-tck/media/recorded.wav
-------------------------------------
triggers=1
Trigger = SD_SIGNAL_DETECTED
10862 [] DEBUG TestBase - getProperty(testcase.dtmf1) = file:///home/kulikov/jsr-309-tck/media/dtmf-1.wav
11366 [] DEBUG PromptAndRecordTest - org.mobicents.javax.media.mscontrol.mediagroup.PlayerImpl@186d484 received: org.mobicents.javax.media.mscontrol.mediagroup.PlayerEventImpl@1a8773c
11366 [] DEBUG TestBase - getProperty(testcase.onesecondfile) = file:///home/kulikov/jsr-309-tck/media/cagocago-onesecond.wav
12385 [] DEBUG PromptAndRecordTest - Waiting for event from org.mobicents.javax.media.mscontrol.mediagroup.PlayerImpl@186d484 (2s remaining)
12392 [] DEBUG PromptAndRecordTest - org.mobicents.javax.media.mscontrol.mediagroup.PlayerImpl@186d484 received: org.mobicents.javax.media.mscontrol.mediagroup.PlayerEventImpl@1328c7a
12393 [] INFO  DriverImpl - MediaSession6 MediaGroup9 Receive signal called
13893 [] DEBUG PromptAndRecordTest - Waiting for event from org.mobicents.javax.media.mscontrol.mediagroup.RecorderImpl@1d8c528 (9s remaining)
14894 [] DEBUG PromptAndRecordTest - Waiting for event from org.mobicents.javax.media.mscontrol.mediagroup.RecorderImpl@1d8c528 (7s remaining)
15894 [] DEBUG PromptAndRecordTest - Waiting for event from org.mobicents.javax.media.mscontrol.mediagroup.RecorderImpl@1d8c528 (6s remaining)
16894 [] DEBUG PromptAndRecordTest - Waiting for event from org.mobicents.javax.media.mscontrol.mediagroup.RecorderImpl@1d8c528 (5s remaining)
17894 [] DEBUG PromptAndRecordTest - Waiting for event from org.mobicents.javax.media.mscontrol.mediagroup.RecorderImpl@1d8c528 (4s remaining)
18895 [] DEBUG PromptAndRecordTest - Waiting for event from org.mobicents.javax.media.mscontrol.mediagroup.RecorderImpl@1d8c528 (3s remaining)
19895 [] DEBUG PromptAndRecordTest - Waiting for event from org.mobicents.javax.media.mscontrol.mediagroup.RecorderImpl@1d8c528 (2s remaining)
20895 [] DEBUG PromptAndRecordTest - Waiting for event from org.mobicents.javax.media.mscontrol.mediagroup.RecorderImpl@1d8c528 (1s remaining)
21896 [] DEBUG PromptAndRecordTest - Waiting for event from org.mobicents.javax.media.mscontrol.mediagroup.RecorderImpl@1d8c528 (0s remaining)
22897 [] INFO  DriverImpl - MediaSession6 MediaGroup9 Releasing...
23198 [] INFO  DriverImpl - MediaSession6 MediaGroup10 Releasing...
23499 [] INFO  DriverImpl - MediaSession6 NetworkConnection7 Releasing....
23800 [] INFO  DriverImpl - MediaSession6 NetworkConnection8 Releasing....
24111 [] INFO  Runner - Start    mandatory.functional.mediagroup.PromptAndRecordTest.test_2_1_9_3_CANCEL javadoc::Recorder::30
24159 [] INFO  MediaSessionBase - getOffer: local SDP: v=0
o=- 1317107019744 1 IN IP4 127.0.0.1
s=Mobicents Media Server
c=IN IP4 127.0.0.1
t=0 0
m=audio 65472 RTP/AVP 8 0 101
a=rtpmap:8 pcma/8000
a=rtpmap:0 pcmu/8000
a=rtpmap:101 telephone-event/8000
a=fmtp:101 0-15

24160 [] INFO  MediaSessionBase - getOffer: stripped local SDP: v=0
o=- 1317107019744 1 IN IP4 127.0.0.1
s=Mobicents Media Server
c=IN IP4 127.0.0.1
t=0 0
m=audio 65472 RTP/AVP 8 0 101
a=rtpmap:8 pcma/8000
a=rtpmap:0 pcmu/8000
a=fmtp:101 0-15

24198 [] INFO  MediaSessionBase - getAnswer: local SDP: v=0
o=- 1317107019797 1 IN IP4 127.0.0.1
s=Mobicents Media Server
c=IN IP4 127.0.0.1
t=0 0
m=audio 65470 RTP/AVP 8 0 101
a=rtpmap:8 pcma/8000
a=rtpmap:0 pcmu/8000
a=rtpmap:101 telephone-event/8000
a=fmtp:101 0-15

24339 [] DEBUG TestBase - getProperty(testcase.recordedfile) = file:///home/kulikov/jsr-309-tck/media/recorded.wav
-------------------------------------
triggers=1
Trigger = SD_PATTERN_0
25341 [] DEBUG TestBase - getProperty(testcase.dtmf1) = file:///home/kulikov/jsr-309-tck/media/dtmf-1.wav
26361 [] DEBUG PromptAndRecordTest - Waiting for event from org.mobicents.javax.media.mscontrol.mediagroup.PlayerImpl@7a4489 (2s remaining)
26747 [] DEBUG PromptAndRecordTest - org.mobicents.javax.media.mscontrol.mediagroup.PlayerImpl@7a4489 received: org.mobicents.javax.media.mscontrol.mediagroup.PlayerEventImpl@1ba94d
27748 [] DEBUG PromptAndRecordTest - Waiting for event from org.mobicents.javax.media.mscontrol.mediagroup.RecorderImpl@1e9c82e (2s remaining)
28696 [] DEBUG PromptAndRecordTest - org.mobicents.javax.media.mscontrol.mediagroup.RecorderImpl@1e9c82e received: org.mobicents.javax.media.mscontrol.mediagroup.RecorderEventImpl@a83a13
28697 [] INFO  DriverImpl - MediaSession11 MediaGroup14 Releasing...
28998 [] INFO  DriverImpl - MediaSession11 MediaGroup15 Releasing...
29300 [] INFO  DriverImpl - MediaSession11 NetworkConnection12 Releasing....
29601 [] INFO  DriverImpl - MediaSession11 NetworkConnection13 Releasing....
29906 [] INFO  Runner - Start    mandatory.functional.mediagroup.PromptAndRecordTest.test_2_1_9_4_NoCancelWrongDTMF
29951 [] INFO  MediaSessionBase - getOffer: local SDP: v=0
o=- 1317107025538 1 IN IP4 127.0.0.1
s=Mobicents Media Server
c=IN IP4 127.0.0.1
t=0 0
m=audio 65468 RTP/AVP 8 0 101
a=rtpmap:8 pcma/8000
a=rtpmap:0 pcmu/8000
a=rtpmap:101 telephone-event/8000
a=fmtp:101 0-15

29952 [] INFO  MediaSessionBase - getOffer: stripped local SDP: v=0
o=- 1317107025538 1 IN IP4 127.0.0.1
s=Mobicents Media Server
c=IN IP4 127.0.0.1
t=0 0
m=audio 65468 RTP/AVP 8 0 101
a=rtpmap:8 pcma/8000
a=rtpmap:0 pcmu/8000
a=fmtp:101 0-15

30001 [] INFO  MediaSessionBase - getAnswer: local SDP: v=0
o=- 1317107025588 1 IN IP4 127.0.0.1
s=Mobicents Media Server
c=IN IP4 127.0.0.1
t=0 0
m=audio 65466 RTP/AVP 8 0 101
a=rtpmap:8 pcma/8000
a=rtpmap:0 pcmu/8000
a=rtpmap:101 telephone-event/8000
a=fmtp:101 0-15

30140 [] DEBUG TestBase - getProperty(testcase.recordedfile) = file:///home/kulikov/jsr-309-tck/media/recorded.wav
-------------------------------------
triggers=1
Trigger = SD_PATTERN_0
31141 [] DEBUG TestBase - getProperty(testcase.dtmf1) = file:///home/kulikov/jsr-309-tck/media/dtmf-1.wav
31644 [] DEBUG PromptAndRecordTest - org.mobicents.javax.media.mscontrol.mediagroup.PlayerImpl@10e35d5 received: org.mobicents.javax.media.mscontrol.mediagroup.PlayerEventImpl@1f03691
32645 [] DEBUG PromptAndRecordTest - Waiting for event from org.mobicents.javax.media.mscontrol.mediagroup.RecorderImpl@d3c65d (7s remaining)
33645 [] DEBUG PromptAndRecordTest - Waiting for event from org.mobicents.javax.media.mscontrol.mediagroup.RecorderImpl@d3c65d (6s remaining)
34646 [] DEBUG PromptAndRecordTest - Waiting for event from org.mobicents.javax.media.mscontrol.mediagroup.RecorderImpl@d3c65d (4s remaining)
35646 [] DEBUG PromptAndRecordTest - Waiting for event from org.mobicents.javax.media.mscontrol.mediagroup.RecorderImpl@d3c65d (3s remaining)
36646 [] DEBUG PromptAndRecordTest - Waiting for event from org.mobicents.javax.media.mscontrol.mediagroup.RecorderImpl@d3c65d (2s remaining)
37458 [] DEBUG PromptAndRecordTest - org.mobicents.javax.media.mscontrol.mediagroup.RecorderImpl@d3c65d received: org.mobicents.javax.media.mscontrol.mediagroup.RecorderEventImpl@139e351
37458 [] INFO  DriverImpl - MediaSession16 MediaGroup19 Releasing...
37760 [] INFO  DriverImpl - MediaSession16 MediaGroup20 Releasing...
38061 [] INFO  DriverImpl - MediaSession16 NetworkConnection17 Releasing....
38362 [] INFO  DriverImpl - MediaSession16 NetworkConnection18 Releasing....
38663 [] INFO  Runner - End      mandatory.functional.mediagroup.PromptAndRecordTest.test_2_1_9_4_NoCancelWrongDTMF
38665 [] INFO  Runner - Start    mandatory.functional.mediagroup.PromptAndRecordTest.test_2_1_9_5_CancelWithPrompt
38665 [] DEBUG TestBase - getProperty(testcase.promptfile) = file:///home/kulikov/jsr-309-tck/media/Numbers_1-15.wav
38708 [] INFO  MediaSessionBase - getOffer: local SDP: v=0
o=- 1317107034297 1 IN IP4 127.0.0.1
s=Mobicents Media Server
c=IN IP4 127.0.0.1
t=0 0
m=audio 65464 RTP/AVP 8 0 101
a=rtpmap:8 pcma/8000
a=rtpmap:0 pcmu/8000
a=rtpmap:101 telephone-event/8000
a=fmtp:101 0-15

38708 [] INFO  MediaSessionBase - getOffer: stripped local SDP: v=0
o=- 1317107034297 1 IN IP4 127.0.0.1
s=Mobicents Media Server
c=IN IP4 127.0.0.1
t=0 0
m=audio 65464 RTP/AVP 8 0 101
a=rtpmap:8 pcma/8000
a=rtpmap:0 pcmu/8000
a=fmtp:101 0-15

38747 [] INFO  MediaSessionBase - getAnswer: local SDP: v=0
o=- 1317107034346 1 IN IP4 127.0.0.1
s=Mobicents Media Server
c=IN IP4 127.0.0.1
t=0 0
m=audio 65462 RTP/AVP 8 0 101
a=rtpmap:8 pcma/8000
a=rtpmap:0 pcmu/8000
a=rtpmap:101 telephone-event/8000
a=fmtp:101 0-15

38887 [] DEBUG TestBase - getProperty(testcase.recordedfile) = file:///home/kulikov/jsr-309-tck/media/recorded.wav
-------------------------------------
triggers=2
Trigger = SD_PATTERN_0
Trigger = SD_SIGNAL_DETECTED
39888 [] DEBUG TestBase - getProperty(testcase.dtmf1) = file:///home/kulikov/jsr-309-tck/media/dtmf-1.wav
40394 [] DEBUG PromptAndRecordTest - org.mobicents.javax.media.mscontrol.mediagroup.PlayerImpl@23f1bb received: org.mobicents.javax.media.mscontrol.mediagroup.PlayerEventImpl@1d33a6b
40595 [] DEBUG PromptAndRecordTest - org.mobicents.javax.media.mscontrol.mediagroup.RecorderImpl@1712651 received: org.mobicents.javax.media.mscontrol.mediagroup.RecorderEventImpl@15983b7
40596 [] INFO  DriverImpl - MediaSession21 MediaGroup24 Releasing...
40897 [] INFO  DriverImpl - MediaSession21 MediaGroup25 Releasing...
41198 [] INFO  DriverImpl - MediaSession21 NetworkConnection22 Releasing....
41499 [] INFO  DriverImpl - MediaSession21 NetworkConnection23 Releasing....
41800 [] INFO  Runner - End      mandatory.functional.mediagroup.PromptAndRecordTest.test_2_1_9_5_CancelWithPrompt
41801 [] INFO  Runner - Start    mandatory.functional.mediagroup.PromptAndRecordTest.test_2_1_9_6_SingleReturnKey
41846 [] INFO  MediaSessionBase - getOffer: local SDP: v=0
o=- 1317107037434 1 IN IP4 127.0.0.1
s=Mobicents Media Server
c=IN IP4 127.0.0.1
t=0 0
m=audio 65460 RTP/AVP 8 0 101
a=rtpmap:8 pcma/8000
a=rtpmap:0 pcmu/8000
a=rtpmap:101 telephone-event/8000
a=fmtp:101 0-15

41847 [] INFO  MediaSessionBase - getOffer: stripped local SDP: v=0
o=- 1317107037434 1 IN IP4 127.0.0.1
s=Mobicents Media Server
c=IN IP4 127.0.0.1
t=0 0
m=audio 65460 RTP/AVP 8 0 101
a=rtpmap:8 pcma/8000
a=rtpmap:0 pcmu/8000
a=fmtp:101 0-15

41887 [] INFO  MediaSessionBase - getAnswer: local SDP: v=0
o=- 1317107037483 1 IN IP4 127.0.0.1
s=Mobicents Media Server
c=IN IP4 127.0.0.1
t=0 0
m=audio 65458 RTP/AVP 8 0 101
a=rtpmap:8 pcma/8000
a=rtpmap:0 pcmu/8000
a=rtpmap:101 telephone-event/8000
a=fmtp:101 0-15

42024 [] DEBUG TestBase - getProperty(testcase.recordedfile) = file:///home/kulikov/jsr-309-tck/media/recorded.wav
-------------------------------------
triggers=1
Trigger = SD_PATTERN_0
43026 [] DEBUG TestBase - getProperty(testcase.dtmf1) = file:///home/kulikov/jsr-309-tck/media/dtmf-1.wav
43531 [] DEBUG PromptAndRecordTest - org.mobicents.javax.media.mscontrol.mediagroup.PlayerImpl@195dd5b received: org.mobicents.javax.media.mscontrol.mediagroup.PlayerEventImpl@1f78b68
43713 [] DEBUG PromptAndRecordTest - org.mobicents.javax.media.mscontrol.mediagroup.RecorderImpl@6214f5 received: org.mobicents.javax.media.mscontrol.mediagroup.RecorderEventImpl@1493102
43713 [] INFO  DriverImpl - MediaSession26 MediaGroup29 Releasing...
44014 [] INFO  DriverImpl - MediaSession26 MediaGroup30 Releasing...
44316 [] INFO  DriverImpl - MediaSession26 NetworkConnection27 Releasing....
44617 [] INFO  DriverImpl - MediaSession26 NetworkConnection28 Releasing....
44918 [] INFO  Runner - End      mandatory.functional.mediagroup.PromptAndRecordTest.test_2_1_9_6_SingleReturnKey
44919 [] INFO  Runner - Start    mandatory.functional.mediagroup.PromptAndRecordTest.test_2_1_9_7_MultipleReturnKeys
44958 [] INFO  MediaSessionBase - getOffer: local SDP: v=0
o=- 1317107040551 1 IN IP4 127.0.0.1
s=Mobicents Media Server
c=IN IP4 127.0.0.1
t=0 0
m=audio 65456 RTP/AVP 8 0 101
a=rtpmap:8 pcma/8000
a=rtpmap:0 pcmu/8000
a=rtpmap:101 telephone-event/8000
a=fmtp:101 0-15

44959 [] INFO  MediaSessionBase - getOffer: stripped local SDP: v=0
o=- 1317107040551 1 IN IP4 127.0.0.1
s=Mobicents Media Server
c=IN IP4 127.0.0.1
t=0 0
m=audio 65456 RTP/AVP 8 0 101
a=rtpmap:8 pcma/8000
a=rtpmap:0 pcmu/8000
a=fmtp:101 0-15

44999 [] INFO  MediaSessionBase - getAnswer: local SDP: v=0
o=- 1317107040596 1 IN IP4 127.0.0.1
s=Mobicents Media Server
c=IN IP4 127.0.0.1
t=0 0
m=audio 65454 RTP/AVP 8 0 101
a=rtpmap:8 pcma/8000
a=rtpmap:0 pcmu/8000
a=rtpmap:101 telephone-event/8000
a=fmtp:101 0-15

45138 [] DEBUG TestBase - getProperty(testcase.recordedfile) = file:///home/kulikov/jsr-309-tck/media/recorded.wav
-------------------------------------
triggers=1
Trigger = SD_PATTERN_0
45461 [] ERROR JainMgcpStackImpl - Unexpected exception occured:
java.lang.IndexOutOfBoundsException: Index: 4, Size: 1
	at java.util.ArrayList.RangeCheck(ArrayList.java:547)
	at java.util.ArrayList.get(ArrayList.java:322)
	at org.mobicents.javax.media.mscontrol.mediagroup.RecorderImpl.fireEvent(RecorderImpl.java:348)
	at org.mobicents.javax.media.mscontrol.mediagroup.RecorderImpl.processMgcpCommandEvent(RecorderImpl.java:381)
	at org.mobicents.javax.media.mscontrol.spi.DriverImpl.processMgcpCommandEvent(DriverImpl.java:240)
	at org.mobicents.protocols.mgcp.stack.JainMgcpStackProviderImpl.processMgcpCommandEvent(JainMgcpStackProviderImpl.java:246)
	at org.mobicents.protocols.mgcp.stack.TransactionHandler.receiveRequest(TransactionHandler.java:600)
	at org.mobicents.protocols.mgcp.stack.MessageHandler.scheduleMessages(MessageHandler.java:196)
	at org.mobicents.protocols.mgcp.stack.JainMgcpStackImpl.run(JainMgcpStackImpl.java:327)
46140 [] DEBUG TestBase - getProperty(testcase.dtmf1) = file:///home/kulikov/jsr-309-tck/media/dtmf-1.wav
46649 [] DEBUG PromptAndRecordTest - org.mobicents.javax.media.mscontrol.mediagroup.PlayerImpl@4a9a7d received: org.mobicents.javax.media.mscontrol.mediagroup.PlayerEventImpl@1e4a47e
47650 [] DEBUG PromptAndRecordTest - Waiting for event from org.mobicents.javax.media.mscontrol.mediagroup.RecorderImpl@2f729e (2s remaining)
48650 [] DEBUG PromptAndRecordTest - Waiting for event from org.mobicents.javax.media.mscontrol.mediagroup.RecorderImpl@2f729e (1s remaining)
49651 [] INFO  DriverImpl - MediaSession31 MediaGroup34 Releasing...
49952 [] INFO  DriverImpl - MediaSession31 MediaGroup35 Releasing...
50253 [] INFO  DriverImpl - MediaSession31 NetworkConnection32 Releasing....
50460 [] ERROR JainMgcpStackProviderImpl - The TransactionHandler not found for TransactionHandle 40 May be the Tx timed out. Event = 400 0The transaction could not be executed due to a transient error.

50554 [] INFO  DriverImpl - MediaSession31 NetworkConnection33 Releasing....
50857 [] INFO  Runner - Start    mandatory.functional.mediagroup.PromptAndRecordTest.test_2_1_9_8_NonMatchingReturnKey
50893 [] INFO  MediaSessionBase - getOffer: local SDP: v=0
o=- 1317107046489 1 IN IP4 127.0.0.1
s=Mobicents Media Server
c=IN IP4 127.0.0.1
t=0 0
m=audio 65452 RTP/AVP 8 0 101
a=rtpmap:8 pcma/8000
a=rtpmap:0 pcmu/8000
a=rtpmap:101 telephone-event/8000
a=fmtp:101 0-15

50893 [] INFO  MediaSessionBase - getOffer: stripped local SDP: v=0
o=- 1317107046489 1 IN IP4 127.0.0.1
s=Mobicents Media Server
c=IN IP4 127.0.0.1
t=0 0
m=audio 65452 RTP/AVP 8 0 101
a=rtpmap:8 pcma/8000
a=rtpmap:0 pcmu/8000
a=fmtp:101 0-15

50935 [] INFO  MediaSessionBase - getAnswer: local SDP: v=0
o=- 1317107046530 1 IN IP4 127.0.0.1
s=Mobicents Media Server
c=IN IP4 127.0.0.1
t=0 0
m=audio 65450 RTP/AVP 8 0 101
a=rtpmap:8 pcma/8000
a=rtpmap:0 pcmu/8000
a=rtpmap:101 telephone-event/8000
a=fmtp:101 0-15

51073 [] DEBUG TestBase - getProperty(testcase.recordedfile) = file:///home/kulikov/jsr-309-tck/media/recorded.wav
-------------------------------------
triggers=1
Trigger = SD_PATTERN_0
51373 [] ERROR JainMgcpStackImpl - Unexpected exception occured:
java.lang.IndexOutOfBoundsException: Index: 3, Size: 1
	at java.util.ArrayList.RangeCheck(ArrayList.java:547)
	at java.util.ArrayList.get(ArrayList.java:322)
	at org.mobicents.javax.media.mscontrol.mediagroup.RecorderImpl.fireEvent(RecorderImpl.java:348)
	at org.mobicents.javax.media.mscontrol.mediagroup.RecorderImpl.processMgcpCommandEvent(RecorderImpl.java:381)
	at org.mobicents.javax.media.mscontrol.spi.DriverImpl.processMgcpCommandEvent(DriverImpl.java:240)
	at org.mobicents.protocols.mgcp.stack.JainMgcpStackProviderImpl.processMgcpCommandEvent(JainMgcpStackProviderImpl.java:246)
	at org.mobicents.protocols.mgcp.stack.TransactionHandler.receiveRequest(TransactionHandler.java:600)
	at org.mobicents.protocols.mgcp.stack.MessageHandler.scheduleMessages(MessageHandler.java:196)
	at org.mobicents.protocols.mgcp.stack.JainMgcpStackImpl.run(JainMgcpStackImpl.java:327)
52075 [] DEBUG TestBase - getProperty(testcase.dtmf1) = file:///home/kulikov/jsr-309-tck/media/dtmf-1.wav
52581 [] DEBUG PromptAndRecordTest - org.mobicents.javax.media.mscontrol.mediagroup.PlayerImpl@1f31652 received: org.mobicents.javax.media.mscontrol.mediagroup.PlayerEventImpl@3e96cf
53581 [] DEBUG PromptAndRecordTest - Waiting for event from org.mobicents.javax.media.mscontrol.mediagroup.RecorderImpl@1a99347 (7s remaining)
54581 [] DEBUG PromptAndRecordTest - Waiting for event from org.mobicents.javax.media.mscontrol.mediagroup.RecorderImpl@1a99347 (6s remaining)
55582 [] DEBUG PromptAndRecordTest - Waiting for event from org.mobicents.javax.media.mscontrol.mediagroup.RecorderImpl@1a99347 (5s remaining)
56373 [] ERROR JainMgcpStackProviderImpl - The TransactionHandler not found for TransactionHandle 42 May be the Tx timed out. Event = 400 0The transaction could not be executed due to a transient error.

56582 [] DEBUG PromptAndRecordTest - Waiting for event from org.mobicents.javax.media.mscontrol.mediagroup.RecorderImpl@1a99347 (3s remaining)
57582 [] DEBUG PromptAndRecordTest - Waiting for event from org.mobicents.javax.media.mscontrol.mediagroup.RecorderImpl@1a99347 (2s remaining)
58582 [] DEBUG PromptAndRecordTest - Waiting for event from org.mobicents.javax.media.mscontrol.mediagroup.RecorderImpl@1a99347 (1s remaining)
59583 [] DEBUG PromptAndRecordTest - Waiting for event from org.mobicents.javax.media.mscontrol.mediagroup.RecorderImpl@1a99347 (0s remaining)
60583 [] INFO  DriverImpl - MediaSession36 MediaGroup39 Releasing...
60884 [] INFO  DriverImpl - MediaSession36 MediaGroup40 Releasing...
61185 [] INFO  DriverImpl - MediaSession36 NetworkConnection37 Releasing....
61487 [] INFO  DriverImpl - MediaSession36 NetworkConnection38 Releasing....
61789 [] INFO  Runner - Start    mandatory.functional.mediagroup.PromptAndRecordTest.test_2_1_9_9_NoReturnKey
61831 [] INFO  MediaSessionBase - getOffer: local SDP: v=0
o=- 1317107057421 1 IN IP4 127.0.0.1
s=Mobicents Media Server
c=IN IP4 127.0.0.1
t=0 0
m=audio 65448 RTP/AVP 8 0 101
a=rtpmap:8 pcma/8000
a=rtpmap:0 pcmu/8000
a=rtpmap:101 telephone-event/8000
a=fmtp:101 0-15

61831 [] INFO  MediaSessionBase - getOffer: stripped local SDP: v=0
o=- 1317107057421 1 IN IP4 127.0.0.1
s=Mobicents Media Server
c=IN IP4 127.0.0.1
t=0 0
m=audio 65448 RTP/AVP 8 0 101
a=rtpmap:8 pcma/8000
a=rtpmap:0 pcmu/8000
a=fmtp:101 0-15

61872 [] INFO  MediaSessionBase - getAnswer: local SDP: v=0
o=- 1317107057467 1 IN IP4 127.0.0.1
s=Mobicents Media Server
c=IN IP4 127.0.0.1
t=0 0
m=audio 65446 RTP/AVP 8 0 101
a=rtpmap:8 pcma/8000
a=rtpmap:0 pcmu/8000
a=rtpmap:101 telephone-event/8000
a=fmtp:101 0-15

62010 [] DEBUG TestBase - getProperty(testcase.recordedfile) = file:///home/kulikov/jsr-309-tck/media/recorded.wav
62012 [] DEBUG TestBase - getProperty(testcase.dtmf1-9) = file:///home/kulikov/jsr-309-tck/media/dtmfs-1-9.wav
63031 [] DEBUG PromptAndRecordTest - Waiting for event from org.mobicents.javax.media.mscontrol.mediagroup.PlayerImpl@3aff84 (19s remaining)
64031 [] DEBUG PromptAndRecordTest - Waiting for event from org.mobicents.javax.media.mscontrol.mediagroup.PlayerImpl@3aff84 (18s remaining)
65031 [] DEBUG PromptAndRecordTest - Waiting for event from org.mobicents.javax.media.mscontrol.mediagroup.PlayerImpl@3aff84 (17s remaining)
66031 [] DEBUG PromptAndRecordTest - Waiting for event from org.mobicents.javax.media.mscontrol.mediagroup.PlayerImpl@3aff84 (16s remaining)
67032 [] DEBUG PromptAndRecordTest - Waiting for event from org.mobicents.javax.media.mscontrol.mediagroup.PlayerImpl@3aff84 (14s remaining)
68032 [] DEBUG PromptAndRecordTest - Waiting for event from org.mobicents.javax.media.mscontrol.mediagroup.PlayerImpl@3aff84 (13s remaining)
69032 [] DEBUG PromptAndRecordTest - Waiting for event from org.mobicents.javax.media.mscontrol.mediagroup.PlayerImpl@3aff84 (12s remaining)
69397 [] DEBUG PromptAndRecordTest - org.mobicents.javax.media.mscontrol.mediagroup.PlayerImpl@3aff84 received: org.mobicents.javax.media.mscontrol.mediagroup.PlayerEventImpl@827968
70398 [] DEBUG PromptAndRecordTest - Waiting for event from org.mobicents.javax.media.mscontrol.mediagroup.RecorderImpl@b4be3d (2s remaining)
71398 [] DEBUG PromptAndRecordTest - Waiting for event from org.mobicents.javax.media.mscontrol.mediagroup.RecorderImpl@b4be3d (1s remaining)
72398 [] INFO  DriverImpl - MediaSession41 MediaGroup44 Releasing...
72699 [] INFO  DriverImpl - MediaSession41 MediaGroup45 Releasing...
73000 [] INFO  DriverImpl - MediaSession41 NetworkConnection42 Releasing....
73301 [] INFO  DriverImpl - MediaSession41 NetworkConnection43 Releasing....
73602 [] INFO  Runner - End      mandatory.functional.mediagroup.PromptAndRecordTest.test_2_1_9_9_NoReturnKey
73603 [] INFO  Runner - Start    mandatory.functional.mediagroup.PromptAndRecordTest.test_2_1_9_10_AnyReturnKey
73640 [] INFO  MediaSessionBase - getOffer: local SDP: v=0
o=- 1317107069234 1 IN IP4 127.0.0.1
s=Mobicents Media Server
c=IN IP4 127.0.0.1
t=0 0
m=audio 65444 RTP/AVP 8 0 101
a=rtpmap:8 pcma/8000
a=rtpmap:0 pcmu/8000
a=rtpmap:101 telephone-event/8000
a=fmtp:101 0-15

73641 [] INFO  MediaSessionBase - getOffer: stripped local SDP: v=0
o=- 1317107069234 1 IN IP4 127.0.0.1
s=Mobicents Media Server
c=IN IP4 127.0.0.1
t=0 0
m=audio 65444 RTP/AVP 8 0 101
a=rtpmap:8 pcma/8000
a=rtpmap:0 pcmu/8000
a=fmtp:101 0-15

73680 [] INFO  MediaSessionBase - getAnswer: local SDP: v=0
o=- 1317107069277 1 IN IP4 127.0.0.1
s=Mobicents Media Server
c=IN IP4 127.0.0.1
t=0 0
m=audio 65442 RTP/AVP 8 0 101
a=rtpmap:8 pcma/8000
a=rtpmap:0 pcmu/8000
a=rtpmap:101 telephone-event/8000
a=fmtp:101 0-15

73820 [] DEBUG TestBase - getProperty(testcase.recordedfile) = file:///home/kulikov/jsr-309-tck/media/recorded.wav
-------------------------------------
triggers=1
Trigger = SD_SIGNAL_DETECTED
74822 [] DEBUG TestBase - getProperty(testcase.dtmf1) = file:///home/kulikov/jsr-309-tck/media/dtmf-1.wav
75326 [] DEBUG PromptAndRecordTest - org.mobicents.javax.media.mscontrol.mediagroup.PlayerImpl@1db5ec received: org.mobicents.javax.media.mscontrol.mediagroup.PlayerEventImpl@92b1a1
75527 [] DEBUG PromptAndRecordTest - org.mobicents.javax.media.mscontrol.mediagroup.RecorderImpl@4cd580 received: org.mobicents.javax.media.mscontrol.mediagroup.RecorderEventImpl@1546dbc
75528 [] INFO  DriverImpl - MediaSession46 MediaGroup49 Releasing...
75828 [] INFO  DriverImpl - MediaSession46 MediaGroup50 Releasing...
76129 [] INFO  DriverImpl - MediaSession46 NetworkConnection47 Releasing....
76431 [] INFO  DriverImpl - MediaSession46 NetworkConnection48 Releasing....
76732 [] INFO  Runner - End      mandatory.functional.mediagroup.PromptAndRecordTest.test_2_1_9_10_AnyReturnKey
76733 [] INFO  Runner - Start    mandatory.functional.mediagroup.PromptAndRecordTest.test_2_1_9_11_Cleardigits
76775 [] INFO  MediaSessionBase - getOffer: local SDP: v=0
o=- 1317107072365 1 IN IP4 127.0.0.1
s=Mobicents Media Server
c=IN IP4 127.0.0.1
t=0 0
m=audio 65440 RTP/AVP 8 0 101
a=rtpmap:8 pcma/8000
a=rtpmap:0 pcmu/8000
a=rtpmap:101 telephone-event/8000
a=fmtp:101 0-15

76776 [] INFO  MediaSessionBase - getOffer: stripped local SDP: v=0
o=- 1317107072365 1 IN IP4 127.0.0.1
s=Mobicents Media Server
c=IN IP4 127.0.0.1
t=0 0
m=audio 65440 RTP/AVP 8 0 101
a=rtpmap:8 pcma/8000
a=rtpmap:0 pcmu/8000
a=fmtp:101 0-15

76815 [] INFO  MediaSessionBase - getAnswer: local SDP: v=0
o=- 1317107072412 1 IN IP4 127.0.0.1
s=Mobicents Media Server
c=IN IP4 127.0.0.1
t=0 0
m=audio 65438 RTP/AVP 8 0 101
a=rtpmap:8 pcma/8000
a=rtpmap:0 pcmu/8000
a=rtpmap:101 telephone-event/8000
a=fmtp:101 0-15

76954 [] DEBUG TestBase - getProperty(testcase.dtmf1) = file:///home/kulikov/jsr-309-tck/media/dtmf-1.wav
77458 [] DEBUG PromptAndRecordTest - org.mobicents.javax.media.mscontrol.mediagroup.PlayerImpl@4977e2 received: org.mobicents.javax.media.mscontrol.mediagroup.PlayerEventImpl@15db13f
77458 [] DEBUG TestBase - getProperty(testcase.promptfile) = file:///home/kulikov/jsr-309-tck/media/Numbers_1-15.wav
77458 [] DEBUG TestBase - getProperty(testcase.recordedfile) = file:///home/kulikov/jsr-309-tck/media/recorded.wav
-------------------------------------
triggers=2
Trigger = SD_SIGNAL_DETECTED
Trigger = SD_SIGNAL_DETECTED
77678 [] DEBUG PromptAndRecordTest - org.mobicents.javax.media.mscontrol.mediagroup.RecorderImpl@1284fd4 received: org.mobicents.javax.media.mscontrol.mediagroup.RecorderEventImpl@190ef12
77679 [] INFO  DriverImpl - MediaSession51 MediaGroup54 Releasing...
77980 [] INFO  DriverImpl - MediaSession51 MediaGroup55 Releasing...
78281 [] INFO  DriverImpl - MediaSession51 NetworkConnection52 Releasing....
78582 [] INFO  DriverImpl - MediaSession51 NetworkConnection53 Releasing....
]]></system-out>
  <system-err><![CDATA[]]></system-err>
</testsuite>
