<?xml version="1.0" encoding="UTF-8" ?>
<testsuite errors="0" failures="1" hostname="kulikov.mobicents.org" name="com.hp.opencall.jmsc.test.mandatory.robustness.UnchangedArgsTest" tests="2" time="8.773" timestamp="2011-09-27T07:10:55">
  <properties>
[...]
</properties>
  <testcase classname="com.hp.opencall.jmsc.test.mandatory.robustness.UnchangedArgsTest" name="test_2_2_9_1_UnchangedRecordRTC" time="2.825" />
  <testcase classname="com.hp.opencall.jmsc.test.mandatory.robustness.UnchangedArgsTest" name="test_2_2_9_2_UnchangedSigDetRTC" time="5.934">
    <failure message="Timed out waiting for event from Detector(mscontrol://127.0.0.1:2427/MediaSession6/MediaGroup10), after 4seconds" type="junit.framework.AssertionFailedError">junit.framework.AssertionFailedError: Timed out waiting for event from Detector(mscontrol://127.0.0.1:2427/MediaSession6/MediaGroup10), after 4seconds
	at com.hp.opencall.jmsc.test.TestBase$EventWaiter.waitForAnyEvent(TestBase.java:293)
	at com.hp.opencall.jmsc.test.mandatory.robustness.UnchangedArgsTest.test_2_2_9_2_UnchangedSigDetRTC(UnchangedArgsTest.java:79)
	at com.hp.opencall.jmsc.test.TestBase.runBare(TestBase.java:437)
</failure>
  </testcase>
  <system-out><![CDATA[11:10:56,025 INFO  [Runner] Start    mandatory.robustness.UnchangedArgsTest.test_2_2_9_1_UnchangedRecordRTC BestPractices::arguments::2
11:10:56,040 INFO  [DriverImpl] Initializing MGCP on /127.0.0.1:2729
11:10:56,045 ERROR [JainMgcpStackImpl] Failed to locate properties file, using default values
11:10:56,052 INFO  [JainMgcpStackImpl] Jain Mgcp stack bound to IP /127.0.0.1 and UDP port 2729
Jain Mgcp stack bound to IP /127.0.0.1 and UDP port 2729
73   [] DEBUG TestBase - log4j configured
75   [] DEBUG TestBase - Loading file:/home/kulikov/jsr-309-tck/TCK.properties
221  [] INFO  MediaSessionBase - getOffer: local SDP: v=0
o=- 1317107456170 1 IN IP4 127.0.0.1
s=Mobicents Media Server
c=IN IP4 127.0.0.1
t=0 0
m=audio 65116 RTP/AVP 8 0 101
a=rtpmap:8 pcma/8000
a=rtpmap:0 pcmu/8000
a=rtpmap:101 telephone-event/8000
a=fmtp:101 0-15

221  [] INFO  MediaSessionBase - getOffer: stripped local SDP: v=0
o=- 1317107456170 1 IN IP4 127.0.0.1
s=Mobicents Media Server
c=IN IP4 127.0.0.1
t=0 0
m=audio 65116 RTP/AVP 8 0 101
a=rtpmap:8 pcma/8000
a=rtpmap:0 pcmu/8000
a=fmtp:101 0-15

261  [] INFO  MediaSessionBase - getAnswer: local SDP: v=0
o=- 1317107456263 1 IN IP4 127.0.0.1
s=Mobicents Media Server
c=IN IP4 127.0.0.1
t=0 0
m=audio 65114 RTP/AVP 8 0 101
a=rtpmap:8 pcma/8000
a=rtpmap:0 pcmu/8000
a=rtpmap:101 telephone-event/8000
a=fmtp:101 0-15

481  [] DEBUG TestBase - getProperty(testcase.recordedfile) = file:///home/kulikov/jsr-309-tck/media/recorded.wav
-------------------------------------
triggers=2
Trigger = SD_SIGNAL_DETECTED
Trigger = SD_SIGNAL_DETECTED
1590 [] DEBUG UnchangedArgsTest - org.mobicents.javax.media.mscontrol.mediagroup.RecorderImpl@55bb93 received: org.mobicents.javax.media.mscontrol.mediagroup.RecorderEventImpl@ba4211
1590 [] INFO  DriverImpl - MediaSession1 MediaGroup4 Releasing...
1895 [] INFO  DriverImpl - MediaSession1 MediaGroup5 Releasing...
2196 [] INFO  DriverImpl - MediaSession1 NetworkConnection2 Releasing....
2499 [] INFO  DriverImpl - MediaSession1 NetworkConnection3 Releasing....
2801 [] INFO  Runner - End      mandatory.robustness.UnchangedArgsTest.test_2_2_9_1_UnchangedRecordRTC
2803 [] INFO  Runner - Start    mandatory.robustness.UnchangedArgsTest.test_2_2_9_2_UnchangedSigDetRTC BestPractices::arguments::3
2838 [] INFO  MediaSessionBase - getOffer: local SDP: v=0
o=- 1317107458841 1 IN IP4 127.0.0.1
s=Mobicents Media Server
c=IN IP4 127.0.0.1
t=0 0
m=audio 65112 RTP/AVP 8 0 101
a=rtpmap:8 pcma/8000
a=rtpmap:0 pcmu/8000
a=rtpmap:101 telephone-event/8000
a=fmtp:101 0-15

2839 [] INFO  MediaSessionBase - getOffer: stripped local SDP: v=0
o=- 1317107458841 1 IN IP4 127.0.0.1
s=Mobicents Media Server
c=IN IP4 127.0.0.1
t=0 0
m=audio 65112 RTP/AVP 8 0 101
a=rtpmap:8 pcma/8000
a=rtpmap:0 pcmu/8000
a=fmtp:101 0-15

2878 [] INFO  MediaSessionBase - getAnswer: local SDP: v=0
o=- 1317107458879 1 IN IP4 127.0.0.1
s=Mobicents Media Server
c=IN IP4 127.0.0.1
t=0 0
m=audio 65110 RTP/AVP 8 0 101
a=rtpmap:8 pcma/8000
a=rtpmap:0 pcmu/8000
a=rtpmap:101 telephone-event/8000
a=fmtp:101 0-15

3019 [] INFO  DriverImpl - MediaSession6 MediaGroup10 Receive signal called
4520 [] DEBUG UnchangedArgsTest - Waiting for event from Detector(mscontrol://127.0.0.1:2427/MediaSession6/MediaGroup10) (3s remaining)
5520 [] DEBUG UnchangedArgsTest - Waiting for event from Detector(mscontrol://127.0.0.1:2427/MediaSession6/MediaGroup10) (2s remaining)
6521 [] DEBUG UnchangedArgsTest - Waiting for event from Detector(mscontrol://127.0.0.1:2427/MediaSession6/MediaGroup10) (0s remaining)
7522 [] INFO  DriverImpl - MediaSession6 MediaGroup9 Releasing...
7823 [] INFO  DriverImpl - MediaSession6 MediaGroup10 Releasing...
8124 [] INFO  DriverImpl - MediaSession6 NetworkConnection7 Releasing....
8425 [] INFO  DriverImpl - MediaSession6 NetworkConnection8 Releasing....
]]></system-out>
  <system-err><![CDATA[]]></system-err>
</testsuite>
