<?xml version="1.0" encoding="UTF-8" ?>
<testsuite errors="0" failures="0" hostname="kulikov.mobicents.org" name="com.hp.opencall.jmsc.test.mandatory.functional.SupportedFeaturesTest" tests="6" time="0.161" timestamp="2011-09-27T07:01:14">
  <properties>
[...]
</properties>
  <testcase classname="com.hp.opencall.jmsc.test.mandatory.functional.SupportedFeaturesTest" name="test_2_1_7_1_PLAYERParams" time="0.134" />
  <testcase classname="com.hp.opencall.jmsc.test.mandatory.functional.SupportedFeaturesTest" name="test_2_1_7_2_PLAYEREvents" time="0.0020" />
  <testcase classname="com.hp.opencall.jmsc.test.mandatory.functional.SupportedFeaturesTest" name="test_2_1_7_3_PLAYERIrrelevant" time="0.0020" />
  <testcase classname="com.hp.opencall.jmsc.test.mandatory.functional.SupportedFeaturesTest" name="test_2_1_7_4_SIGNALDETECTOR" time="0.0040" />
  <testcase classname="com.hp.opencall.jmsc.test.mandatory.functional.SupportedFeaturesTest" name="test_2_1_7_5_PLAYER_SIGNALDETECTOR" time="0.0020" />
  <testcase classname="com.hp.opencall.jmsc.test.mandatory.functional.SupportedFeaturesTest" name="test_2_1_7_2_PLAYER_RECORDER_SIGNALDETECTOR" time="0.0010" />
  <system-out><![CDATA[11:01:14,926 INFO  [Runner] Start    mandatory.functional.SupportedFeaturesTest.test_2_1_7_1_PLAYERParams javadoc::MediaConfig::2 javadoc::SupportedFeatures::1
11:01:14,944 INFO  [DriverImpl] Initializing MGCP on /127.0.0.1:2729
11:01:14,951 ERROR [JainMgcpStackImpl] Failed to locate properties file, using default values
11:01:14,958 INFO  [JainMgcpStackImpl] Jain Mgcp stack bound to IP /127.0.0.1 and UDP port 2729
Jain Mgcp stack bound to IP /127.0.0.1 and UDP port 2729
79   [] DEBUG TestBase - log4j configured
80   [] DEBUG TestBase - Loading file:/home/kulikov/jsr-309-tck/TCK.properties
112  [] INFO  SupportedFeaturesTest - In PLAYER, PLAYER_MAX_DURATION is supported
112  [] INFO  SupportedFeaturesTest - In PLAYER, INTERVAL is supported
112  [] INFO  SupportedFeaturesTest - In PLAYER, REPEAT_COUNT is supported
113  [] INFO  SupportedFeaturesTest - In PLAYER, PLAYER_START_OFFSET is supported
113  [] INFO  Runner - End      mandatory.functional.SupportedFeaturesTest.test_2_1_7_1_PLAYERParams
114  [] INFO  Runner - Start    mandatory.functional.SupportedFeaturesTest.test_2_1_7_2_PLAYEREvents javadoc::SupportedFeatures::2
115  [] INFO  SupportedFeaturesTest - In PLAYER, PLAY_COMPLETED is supported
115  [] INFO  SupportedFeaturesTest - In PLAYER, END_OF_PLAY_LIST is supported
116  [] INFO  Runner - End      mandatory.functional.SupportedFeaturesTest.test_2_1_7_2_PLAYEREvents
118  [] INFO  Runner - Start    mandatory.functional.SupportedFeaturesTest.test_2_1_7_3_PLAYERIrrelevant javadoc::SupportedFeatures::3
118  [] INFO  SupportedFeaturesTest - In PLAYER, RECORDER_MAX_DURATION is not supported
118  [] INFO  SupportedFeaturesTest - In PLAYER, SD_INITIAL_TIMEOUT is not supported
118  [] INFO  Runner - End      mandatory.functional.SupportedFeaturesTest.test_2_1_7_3_PLAYERIrrelevant
119  [] INFO  Runner - Start    mandatory.functional.SupportedFeaturesTest.test_2_1_7_4_SIGNALDETECTOR javadoc::SupportedFeatures::4
119  [] INFO  SupportedFeaturesTest - In SIGNALDETECTOR, SD_DURATION is supported
119  [] INFO  SupportedFeaturesTest - In SIGNALDETECTOR, SD_INITIAL_TIMEOUT is supported
120  [] INFO  SupportedFeaturesTest - In SIGNALDETECTOR, SD_INTER_SIG_TIMEOUT is supported
120  [] INFO  SupportedFeaturesTest - In SIGNALDETECTOR, SD_PATTERN_0 is supported
120  [] INFO  SupportedFeaturesTest - In SIGNALDETECTOR, SD_PATTERN_15 is supported
120  [] INFO  SupportedFeaturesTest - In SIGNALDETECTOR, SD_PATTERN_31 is supported
120  [] INFO  SupportedFeaturesTest - In SIGNALDETECTOR, PLAYER_MAX_DURATION is not supported
120  [] INFO  SupportedFeaturesTest - In SIGNALDETECTOR, PLAY_COMPLETED is not supported
120  [] INFO  SupportedFeaturesTest - In SIGNALDETECTOR, RECORDER_MAX_DURATION is not supported
120  [] INFO  Runner - End      mandatory.functional.SupportedFeaturesTest.test_2_1_7_4_SIGNALDETECTOR
123  [] INFO  Runner - Start    mandatory.functional.SupportedFeaturesTest.test_2_1_7_5_PLAYER_SIGNALDETECTOR javadoc::SupportedFeatures::5
124  [] INFO  SupportedFeaturesTest - In PLAYER_SIGNALDETECTOR, PLAYER_MAX_DURATION is supported
124  [] INFO  SupportedFeaturesTest - In PLAYER_SIGNALDETECTOR, INTERVAL is supported
124  [] INFO  SupportedFeaturesTest - In PLAYER_SIGNALDETECTOR, REPEAT_COUNT is supported
124  [] INFO  SupportedFeaturesTest - In PLAYER_SIGNALDETECTOR, PLAYER_START_OFFSET is supported
124  [] INFO  SupportedFeaturesTest - In PLAYER_SIGNALDETECTOR, PLAY_COMPLETED is supported
124  [] INFO  SupportedFeaturesTest - In PLAYER_SIGNALDETECTOR, END_OF_PLAY_LIST is supported
124  [] INFO  SupportedFeaturesTest - In PLAYER_SIGNALDETECTOR, SD_DURATION is supported
124  [] INFO  SupportedFeaturesTest - In PLAYER_SIGNALDETECTOR, SD_INITIAL_TIMEOUT is supported
124  [] INFO  SupportedFeaturesTest - In PLAYER_SIGNALDETECTOR, SD_INTER_SIG_TIMEOUT is supported
124  [] INFO  SupportedFeaturesTest - In PLAYER_SIGNALDETECTOR, SD_PATTERN_0 is supported
124  [] INFO  SupportedFeaturesTest - In PLAYER_SIGNALDETECTOR, SD_PATTERN_15 is supported
124  [] INFO  SupportedFeaturesTest - In PLAYER_SIGNALDETECTOR, SD_PATTERN_31 is supported
124  [] INFO  SupportedFeaturesTest - In PLAYER_SIGNALDETECTOR, RECORDER_MAX_DURATION is not supported
124  [] INFO  SupportedFeaturesTest - In PLAYER_SIGNALDETECTOR, RECORDER_AUDIO_CODEC is not supported
124  [] INFO  SupportedFeaturesTest - In PLAYER_SIGNALDETECTOR, SIGNAL_TRUNCATION_ON is not supported
124  [] INFO  SupportedFeaturesTest - In PLAYER_SIGNALDETECTOR, START_BEEP is not supported
124  [] INFO  Runner - End      mandatory.functional.SupportedFeaturesTest.test_2_1_7_5_PLAYER_SIGNALDETECTOR
125  [] INFO  Runner - Start    mandatory.functional.SupportedFeaturesTest.test_2_1_7_2_PLAYER_RECORDER_SIGNALDETECTOR javadoc::SupportedFeatures::6
125  [] INFO  SupportedFeaturesTest - In PLAYER_RECORDER_SIGNALDETECTOR, PLAYER_MAX_DURATION is supported
126  [] INFO  SupportedFeaturesTest - In PLAYER_RECORDER_SIGNALDETECTOR, INTERVAL is supported
126  [] INFO  SupportedFeaturesTest - In PLAYER_RECORDER_SIGNALDETECTOR, REPEAT_COUNT is supported
126  [] INFO  SupportedFeaturesTest - In PLAYER_RECORDER_SIGNALDETECTOR, PLAYER_START_OFFSET is supported
126  [] INFO  SupportedFeaturesTest - In PLAYER_RECORDER_SIGNALDETECTOR, PLAY_COMPLETED is supported
126  [] INFO  SupportedFeaturesTest - In PLAYER_RECORDER_SIGNALDETECTOR, END_OF_PLAY_LIST is supported
126  [] INFO  SupportedFeaturesTest - In PLAYER_RECORDER_SIGNALDETECTOR, RECORDER_MAX_DURATION is supported
126  [] INFO  SupportedFeaturesTest - In PLAYER_RECORDER_SIGNALDETECTOR, START_BEEP is supported
126  [] INFO  SupportedFeaturesTest - In PLAYER_RECORDER_SIGNALDETECTOR, SD_DURATION is supported
126  [] INFO  SupportedFeaturesTest - In PLAYER_RECORDER_SIGNALDETECTOR, SD_INITIAL_TIMEOUT is supported
126  [] INFO  SupportedFeaturesTest - In PLAYER_RECORDER_SIGNALDETECTOR, SD_INTER_SIG_TIMEOUT is supported
126  [] INFO  SupportedFeaturesTest - In PLAYER_RECORDER_SIGNALDETECTOR, SD_PATTERN_0 is supported
126  [] INFO  SupportedFeaturesTest - In PLAYER_RECORDER_SIGNALDETECTOR, SD_PATTERN_15 is supported
126  [] INFO  SupportedFeaturesTest - In PLAYER_RECORDER_SIGNALDETECTOR, SD_PATTERN_31 is supported
126  [] INFO  Runner - End      mandatory.functional.SupportedFeaturesTest.test_2_1_7_2_PLAYER_RECORDER_SIGNALDETECTOR
]]></system-out>
  <system-err><![CDATA[]]></system-err>
</testsuite>
