<?xml version="1.0" encoding="UTF-8" ?>
<testsuite errors="0" failures="0" hostname="kulikov.mobicents.org" name="com.hp.opencall.jmsc.test.mandatory.functional.join.InitJoinTest" tests="2" time="10.693" timestamp="2011-09-27T07:01:15">
  <properties>
[...]
</properties>
  <testcase classname="com.hp.opencall.jmsc.test.mandatory.functional.join.InitJoinTest" name="test_2_1_16_1_InitJoinNCMG" time="4.054" />
  <testcase classname="com.hp.opencall.jmsc.test.mandatory.functional.join.InitJoinTest" name="test_2_1_16_2_InitJoinNCMixer" time="6.624" />
  <system-out><![CDATA[11:01:15,925 INFO  [Runner] Start    mandatory.functional.join.InitJoinTest.test_2_1_16_1_InitJoinNCMG javadoc::Joinable::9 javadoc::Joinable::11 javadoc::JoinEvent::1 javadoc::JoinEvent::2 javadoc::JoinEvent::3 javadoc::JoinEvent::4
11:01:15,941 INFO  [DriverImpl] Initializing MGCP on /127.0.0.1:2729
11:01:15,947 ERROR [JainMgcpStackImpl] Failed to locate properties file, using default values
11:01:15,954 INFO  [JainMgcpStackImpl] Jain Mgcp stack bound to IP /127.0.0.1 and UDP port 2729
Jain Mgcp stack bound to IP /127.0.0.1 and UDP port 2729
74   [] DEBUG TestBase - log4j configured
75   [] DEBUG TestBase - Loading file:/home/kulikov/jsr-309-tck/TCK.properties
234  [] DEBUG InitJoinTest - Received: Source = mscontrol://127.0.0.1:2427/MediaSession1/NetworkConnection2 Other = mscontrol://127.0.0.1:2427/MediaSession1/MediaGroup3 EventId = JOIN_JOINED Error = NO_ERROR ErrorText = null
235  [] DEBUG InitJoinTest - Context: INIT
235  [] DEBUG InitJoinTest - Moving from INIT to JOINED
237  [] DEBUG TestBase - getProperty(testcase.sipphoneSDP) = v=0
o=acomment 123456 654321 IN IP4 127.0.0.1
t=0 0
m=audio 1234 RTP/AVP  0 101 
c=IN IP4 127.0.0.1
a=rtpmap:0 PCMU/8000
a=rtpmap:101 telephone-event/8000/1

333  [] DEBUG InitJoinTest - Received: ANSWER_GENERATED
333  [] DEBUG InitJoinTest - Moving from JOINED to MODIFIED
334  [] DEBUG TestBase - getProperty(testcase.shortpromptfile) = file:///home/kulikov/jsr-309-tck/media/Numbers_1-5_3s.wav
3403 [] DEBUG InitJoinTest - Received: org.mobicents.javax.media.mscontrol.mediagroup.PlayerEventImpl@1a85d38
3404 [] DEBUG InitJoinTest - Moving from MODIFIED to PLAYED
3404 [] INFO  DriverImpl - MediaSession1 NetworkConnection2 Initiation of unjoin procedure, other party = MediaGroup3
3428 [] DEBUG InitJoinTest - Received: Source = mscontrol://127.0.0.1:2427/MediaSession1/NetworkConnection2 Other = mscontrol://127.0.0.1:2427/MediaSession1/MediaGroup3 EventId = JOIN_UNJOINED Error = NO_ERROR ErrorText = null
3428 [] DEBUG InitJoinTest - Context: PLAYED
3428 [] DEBUG InitJoinTest - Moving from PLAYED to UNJOINED
3428 [] INFO  DriverImpl - MediaSession1 MediaGroup3 Releasing...
3729 [] INFO  DriverImpl - MediaSession1 NetworkConnection2 Releasing....
4032 [] INFO  Runner - End      mandatory.functional.join.InitJoinTest.test_2_1_16_1_InitJoinNCMG
4034 [] INFO  Runner - Start    mandatory.functional.join.InitJoinTest.test_2_1_16_2_InitJoinNCMixer javadoc::Joinable::10 javadoc::Joinable::12 javadoc::JoinEventListener::1 javadoc::JoinEventNotifier::1
4088 [] INFO  MediaSessionBase - getOffer: local SDP: v=0
o=- 1317106879977 1 IN IP4 127.0.0.1
s=Mobicents Media Server
c=IN IP4 127.0.0.1
t=0 0
m=audio 65530 RTP/AVP 8 0 101
a=rtpmap:8 pcma/8000
a=rtpmap:0 pcmu/8000
a=rtpmap:101 telephone-event/8000
a=fmtp:101 0-15

4089 [] INFO  MediaSessionBase - getOffer: stripped local SDP: v=0
o=- 1317106879977 1 IN IP4 127.0.0.1
s=Mobicents Media Server
c=IN IP4 127.0.0.1
t=0 0
m=audio 65530 RTP/AVP 8 0 101
a=rtpmap:8 pcma/8000
a=rtpmap:0 pcmu/8000
a=fmtp:101 0-15

4137 [] INFO  MediaSessionBase - getAnswer: local SDP: v=0
o=- 1317106880032 1 IN IP4 127.0.0.1
s=Mobicents Media Server
c=IN IP4 127.0.0.1
t=0 0
m=audio 65528 RTP/AVP 8 0 101
a=rtpmap:8 pcma/8000
a=rtpmap:0 pcmu/8000
a=rtpmap:101 telephone-event/8000
a=fmtp:101 0-15

4271 [] INFO  MediaSessionBase - getOffer: local SDP: v=0
o=- 1317106880164 1 IN IP4 127.0.0.1
s=Mobicents Media Server
c=IN IP4 127.0.0.1
t=0 0
m=audio 65526 RTP/AVP 8 0 101
a=rtpmap:8 pcma/8000
a=rtpmap:0 pcmu/8000
a=rtpmap:101 telephone-event/8000
a=fmtp:101 0-15

4272 [] INFO  MediaSessionBase - getOffer: stripped local SDP: v=0
o=- 1317106880164 1 IN IP4 127.0.0.1
s=Mobicents Media Server
c=IN IP4 127.0.0.1
t=0 0
m=audio 65526 RTP/AVP 8 0 101
a=rtpmap:8 pcma/8000
a=rtpmap:0 pcmu/8000
a=fmtp:101 0-15

4311 [] INFO  MediaSessionBase - getAnswer: local SDP: v=0
o=- 1317106880215 1 IN IP4 127.0.0.1
s=Mobicents Media Server
c=IN IP4 127.0.0.1
t=0 0
m=audio 65524 RTP/AVP 8 0 101
a=rtpmap:8 pcma/8000
a=rtpmap:0 pcmu/8000
a=rtpmap:101 telephone-event/8000
a=fmtp:101 0-15

4450 [] DEBUG InitJoinTest - Received: Source = mscontrol://127.0.0.1:2427/MediaSession4/CChecker-0 Other = mscontrol://127.0.0.1:2427/MediaSession4/MediaMixer5 EventId = JOIN_JOINED Error = NO_ERROR ErrorText = null
4451 [] DEBUG InitJoinTest - Context: UNJOINED
4451 [] DEBUG InitJoinTest - Moving from UNJOINED to JOINED
4510 [] DEBUG InitJoinTest - Received: Source = mscontrol://127.0.0.1:2427/MediaSession4/CChecker-1 Other = mscontrol://127.0.0.1:2427/MediaSession4/MediaMixer5 EventId = JOIN_JOINED Error = NO_ERROR ErrorText = null
4510 [] DEBUG InitJoinTest - Context: UNJOINED
4510 [] DEBUG InitJoinTest - Moving from UNJOINED to JOINED
4511 [] INFO  DriverImpl - MediaSession4 MG-SipPhoneEmulator-CChecker-1 Receive signal called
5015 [] DEBUG TestBase - getProperty(testcase.dtmf1) = file:///home/kulikov/jsr-309-tck/media/dtmf-1.wav
5511 [] DEBUG ContinuityChecker - org.mobicents.javax.media.mscontrol.mediagroup.PlayerImpl@134ce4a received: org.mobicents.javax.media.mscontrol.mediagroup.PlayerEventImpl@1d381d2
6997 [] DEBUG ContinuityChecker - CChecker-1 received: RECEIVE_SIGNALS_COMPLETED(NUM_SIGNALS_DETECTED, signal=1)
8512 [] INFO  DriverImpl - MediaSession4 CChecker-0 Initiation of unjoin procedure, other party = MediaMixer5
8528 [] DEBUG InitJoinTest - Received: Source = mscontrol://127.0.0.1:2427/MediaSession4/CChecker-0 Other = mscontrol://127.0.0.1:2427/MediaSession4/MediaMixer5 EventId = JOIN_UNJOINED Error = NO_ERROR ErrorText = null
8529 [] DEBUG InitJoinTest - Context: JOINED
8529 [] DEBUG InitJoinTest - Moving from JOINED to UNJOINED
8529 [] INFO  DriverImpl - MediaSession4 CChecker-1 Initiation of unjoin procedure, other party = MediaMixer5
8549 [] DEBUG InitJoinTest - Received: Source = mscontrol://127.0.0.1:2427/MediaSession4/CChecker-1 Other = mscontrol://127.0.0.1:2427/MediaSession4/MediaMixer5 EventId = JOIN_UNJOINED Error = NO_ERROR ErrorText = null
8549 [] DEBUG InitJoinTest - Context: JOINED
8549 [] DEBUG InitJoinTest - Moving from JOINED to UNJOINED
8850 [] INFO  DriverImpl - MediaSession4 MG-SipPhoneEmulator-CChecker-0 Releasing...
9151 [] INFO  DriverImpl - MediaSession4 MG-SipPhoneEmulator-CChecker-1 Releasing...
9453 [] INFO  DriverImpl - MediaSession4 ShadowNC-SipPhoneEmulator-CChecker-0 Releasing....
9754 [] INFO  DriverImpl - MediaSession4 CChecker-0 Releasing....
10055 [] INFO  DriverImpl - MediaSession4 ShadowNC-SipPhoneEmulator-CChecker-1 Releasing....
10357 [] INFO  DriverImpl - MediaSession4 CChecker-1 Releasing....
10658 [] INFO  Runner - End      mandatory.functional.join.InitJoinTest.test_2_1_16_2_InitJoinNCMixer
]]></system-out>
  <system-err><![CDATA[]]></system-err>
</testsuite>
