<?xml version="1.0" encoding="UTF-8" ?>
<testsuite errors="0" failures="0" hostname="kulikov.mobicents.org" name="com.hp.opencall.jmsc.test.mandatory.functional.mixer.ParticipantDTMFTest" tests="2" time="10.305" timestamp="2011-09-27T07:09:17">
  <properties>
[...]
</properties>
  <testcase classname="com.hp.opencall.jmsc.test.mandatory.functional.mixer.ParticipantDTMFTest" name="test_2_1_15_1_CatchDTMFOnParticipant" time="4.274" />
  <testcase classname="com.hp.opencall.jmsc.test.mandatory.functional.mixer.ParticipantDTMFTest" name="test_2_1_15_2_MuteAndDTMF" time="6.018" />
  <system-out><![CDATA[11:09:17,931 INFO  [Runner] Start    mandatory.functional.mixer.ParticipantDTMFTest.test_2_1_15_1_CatchDTMFOnParticipant
11:09:17,950 INFO  [DriverImpl] Initializing MGCP on /127.0.0.1:2729
11:09:17,958 ERROR [JainMgcpStackImpl] Failed to locate properties file, using default values
11:09:17,965 INFO  [JainMgcpStackImpl] Jain Mgcp stack bound to IP /127.0.0.1 and UDP port 2729
Jain Mgcp stack bound to IP /127.0.0.1 and UDP port 2729
80   [] DEBUG TestBase - log4j configured
81   [] DEBUG TestBase - Loading file:/home/kulikov/jsr-309-tck/TCK.properties
226  [] INFO  MediaSessionBase - getOffer: local SDP: v=0
o=- 1317107358084 1 IN IP4 127.0.0.1
s=Mobicents Media Server
c=IN IP4 127.0.0.1
t=0 0
m=audio 65222 RTP/AVP 8 0 101
a=rtpmap:8 pcma/8000
a=rtpmap:0 pcmu/8000
a=rtpmap:101 telephone-event/8000
a=fmtp:101 0-15

227  [] INFO  MediaSessionBase - getOffer: stripped local SDP: v=0
o=- 1317107358084 1 IN IP4 127.0.0.1
s=Mobicents Media Server
c=IN IP4 127.0.0.1
t=0 0
m=audio 65222 RTP/AVP 8 0 101
a=rtpmap:8 pcma/8000
a=rtpmap:0 pcmu/8000
a=fmtp:101 0-15

267  [] INFO  MediaSessionBase - getAnswer: local SDP: v=0
o=- 1317107358175 1 IN IP4 127.0.0.1
s=Mobicents Media Server
c=IN IP4 127.0.0.1
t=0 0
m=audio 65220 RTP/AVP 8 0 101
a=rtpmap:8 pcma/8000
a=rtpmap:0 pcmu/8000
a=rtpmap:101 telephone-event/8000
a=fmtp:101 0-15

527  [] INFO  DriverImpl - MediaSession1 MediaGroup2 Receive signal called
1040 [] DEBUG TestBase - getProperty(testcase.dtmf1) = file:///home/kulikov/jsr-309-tck/media/dtmf-1.wav
1040 [] INFO  MediaSessionBase - Playing "file:///home/kulikov/jsr-309-tck/media/dtmf-1.wav"
2558 [] DEBUG ParticipantDTMFTest - Waiting for event from Detector(mscontrol://127.0.0.1:2427/MediaSession1/MediaGroup2) (2s remaining)
2752 [] DEBUG ParticipantDTMFTest - Detector(mscontrol://127.0.0.1:2427/MediaSession1/MediaGroup2) received: RECEIVE_SIGNALS_COMPLETED(NUM_SIGNALS_DETECTED, signal=1)
2753 [] INFO  ParticipantDTMFTest - Received DTMF: 1
3058 [] INFO  DriverImpl - MediaSession1 MG-SipPhoneEmulator-Paul Releasing...
3359 [] INFO  DriverImpl - MediaSession1 MediaGroup2 Releasing...
3661 [] INFO  DriverImpl - MediaSession1 ShadowNC-SipPhoneEmulator-Paul Releasing....
3964 [] INFO  DriverImpl - MediaSession1 Paul Releasing....
4265 [] INFO  Runner - End      mandatory.functional.mixer.ParticipantDTMFTest.test_2_1_15_1_CatchDTMFOnParticipant
4267 [] INFO  Runner - Start    mandatory.functional.mixer.ParticipantDTMFTest.test_2_1_15_2_MuteAndDTMF
4306 [] INFO  MediaSessionBase - getOffer: local SDP: v=0
o=- 1317107362213 1 IN IP4 127.0.0.1
s=Mobicents Media Server
c=IN IP4 127.0.0.1
t=0 0
m=audio 65218 RTP/AVP 8 0 101
a=rtpmap:8 pcma/8000
a=rtpmap:0 pcmu/8000
a=rtpmap:101 telephone-event/8000
a=fmtp:101 0-15

4307 [] INFO  MediaSessionBase - getOffer: stripped local SDP: v=0
o=- 1317107362213 1 IN IP4 127.0.0.1
s=Mobicents Media Server
c=IN IP4 127.0.0.1
t=0 0
m=audio 65218 RTP/AVP 8 0 101
a=rtpmap:8 pcma/8000
a=rtpmap:0 pcmu/8000
a=fmtp:101 0-15

4348 [] INFO  MediaSessionBase - getAnswer: local SDP: v=0
o=- 1317107362255 1 IN IP4 127.0.0.1
s=Mobicents Media Server
c=IN IP4 127.0.0.1
t=0 0
m=audio 65216 RTP/AVP 8 0 101
a=rtpmap:8 pcma/8000
a=rtpmap:0 pcmu/8000
a=rtpmap:101 telephone-event/8000
a=fmtp:101 0-15

4547 [] INFO  DriverImpl - MediaSession4 MediaGroup5 Receive signal called
7119 [] DEBUG TestBase - getProperty(testcase.dtmf1) = file:///home/kulikov/jsr-309-tck/media/dtmf-1.wav
7119 [] INFO  MediaSessionBase - Playing "file:///home/kulikov/jsr-309-tck/media/dtmf-1.wav"
8619 [] DEBUG ParticipantDTMFTest - Waiting for event from Detector(mscontrol://127.0.0.1:2427/MediaSession4/MediaGroup5) (2s remaining)
8778 [] DEBUG ParticipantDTMFTest - Detector(mscontrol://127.0.0.1:2427/MediaSession4/MediaGroup5) received: RECEIVE_SIGNALS_COMPLETED(NUM_SIGNALS_DETECTED, signal=1)
8779 [] INFO  ParticipantDTMFTest - Received DTMF: 1
9079 [] INFO  DriverImpl - MediaSession4 MG-SipPhoneEmulator-Paul Releasing...
9380 [] INFO  DriverImpl - MediaSession4 MediaGroup5 Releasing...
9681 [] INFO  DriverImpl - MediaSession4 ShadowNC-SipPhoneEmulator-Paul Releasing....
9982 [] INFO  DriverImpl - MediaSession4 Paul Releasing....
10284 [] INFO  Runner - End      mandatory.functional.mixer.ParticipantDTMFTest.test_2_1_15_2_MuteAndDTMF
]]></system-out>
  <system-err><![CDATA[]]></system-err>
</testsuite>
